#
# There is insufficient memory for the Java Runtime Environment to continue.
# Native memory allocation (malloc) failed to allocate 1154096 bytes for Chunk::new
# Possible reasons:
#   The system is out of physical RAM or swap space
#   The process is running with CompressedOops enabled, and the Java Heap may be blocking the growth of the native heap
# Possible solutions:
#   Reduce memory load on the system
#   Increase physical memory or swap space
#   Check if swap backing store is full
#   Decrease Java heap size (-Xmx/-Xms)
#   Decrease number of Java threads
#   Decrease Java thread stack sizes (-Xss)
#   Set larger code cache with -XX:ReservedCodeCacheSize=
#   JVM is running with Unscaled Compressed Oops mode in which the Java heap is
#     placed in the first 4GB address space. The Java Heap base address is the
#     maximum limit for the native heap growth. Please use -XX:HeapBaseMinAddress
#     to set the Java Heap base and to place the Java Heap above 4GB virtual address.
# This output file may be truncated or incomplete.
#
#  Out of Memory Error (allocation.cpp:389), pid=9776, tid=0x0000000000003694
#
# JRE version: OpenJDK Runtime Environment (8.0_242-b01) (build 1.8.0_242-release-1644-b01)
# Java VM: OpenJDK 64-Bit Server VM (25.242-b01 mixed mode windows-amd64 compressed oops)
# Failed to write core dump. Minidumps are not enabled by default on client versions of Windows
#

---------------  T H R E A D  ---------------

Current thread (0x000000001a1d9000):  JavaThread "C2 CompilerThread2" daemon [_thread_in_native, id=13972, stack(0x000000001ab40000,0x000000001ac40000)]

Stack: [0x000000001ab40000,0x000000001ac40000]
[error occurred during error reporting (printing stack bounds), id 0xc0000005]

Native frames: (J=compiled Java code, j=interpreted, Vv=VM code, C=native code)


Current CompileTask:
C2: 254426 18212 %     4       com.sun.tools.javac.file.ZipFileIndex$ZipDirectory::readEntry @ 215 (587 bytes)


---------------  P R O C E S S  ---------------

Java Threads: ( => current thread )
  0x0000000021d67800 JavaThread "Cache worker for Java compile cache (C:\Users\Dave\AndroidStudioProject\example source\FBTalk\.gradle\6.5\javaCompile)" [_thread_blocked, id=15196, stack(0x00000000302c0000,0x00000000303c0000)]
  0x0000000021d65000 JavaThread "Cache worker for Java compile cache (C:\Users\Dave\.gradle\caches\6.5\javaCompile)" [_thread_blocked, id=1812, stack(0x000000002ffc0000,0x00000000300c0000)]
  0x0000000021d63800 JavaThread "RMI RenewClean-[127.0.0.1:17741,org.jetbrains.kotlin.daemon.common.LoopbackNetworkInterface$ClientLoopbackSocketFactory@2e59a956]" daemon [_thread_blocked, id=22092, stack(0x000000002f8c0000,0x000000002f9c0000)]
  0x0000000021d66800 JavaThread "Cache worker for execution history cache (C:\Users\Dave\AndroidStudioProject\example source\FBTalk\.gradle\6.5\executionHistory)" [_thread_blocked, id=15828, stack(0x000000002f7c0000,0x000000002f8c0000)]
  0x0000000021d63000 JavaThread "Execution worker for ':' Thread 7" [_thread_blocked, id=13676, stack(0x000000002f6c0000,0x000000002f7c0000)]
  0x0000000021d62000 JavaThread "Execution worker for ':' Thread 6" [_thread_blocked, id=17476, stack(0x000000002f5c0000,0x000000002f6c0000)]
  0x0000000021d69000 JavaThread "Execution worker for ':' Thread 5" [_thread_blocked, id=16096, stack(0x000000002f4c0000,0x000000002f5c0000)]
  0x0000000021d5a800 JavaThread "Execution worker for ':' Thread 4" [_thread_blocked, id=20892, stack(0x000000002f3c0000,0x000000002f4c0000)]
  0x0000000021d5d800 JavaThread "Execution worker for ':' Thread 3" [_thread_blocked, id=12696, stack(0x000000002e080000,0x000000002e180000)]
  0x0000000021d5d000 JavaThread "Execution worker for ':' Thread 2" [_thread_blocked, id=3948, stack(0x000000002dd20000,0x000000002de20000)]
  0x0000000021d5e800 JavaThread "Execution worker for ':'" [_thread_in_vm, id=19420, stack(0x000000002da20000,0x000000002db20000)]
  0x0000000021d5b800 JavaThread "Cache worker for file content cache (C:\Users\Dave\AndroidStudioProject\example source\FBTalk\.gradle\6.5\fileContent)" [_thread_blocked, id=14556, stack(0x000000002c620000,0x000000002c720000)]
  0x0000000021d5f000 JavaThread "Cache worker for Build Output Cleanup Cache (C:\Users\Dave\AndroidStudioProject\example source\FBTalk\.gradle\buildOutputCleanup)" [_thread_blocked, id=14896, stack(0x000000002c520000,0x000000002c620000)]
  0x0000000021d5a000 JavaThread "Build operations Thread 8" [_thread_blocked, id=21192, stack(0x0000000024a50000,0x0000000024b50000)]
  0x0000000023b32800 JavaThread "Build operations Thread 7" [_thread_blocked, id=20932, stack(0x0000000024950000,0x0000000024a50000)]
  0x0000000023b35800 JavaThread "Build operations Thread 6" [_thread_blocked, id=21784, stack(0x0000000024850000,0x0000000024950000)]
  0x0000000023b30000 JavaThread "Build operations Thread 5" [_thread_blocked, id=22324, stack(0x0000000024750000,0x0000000024850000)]
  0x0000000023b34800 JavaThread "Build operations Thread 4" [_thread_blocked, id=13984, stack(0x0000000022f80000,0x0000000023080000)]
  0x0000000023b34000 JavaThread "Build operations Thread 3" [_thread_blocked, id=13632, stack(0x0000000022780000,0x0000000022880000)]
  0x0000000023b33000 JavaThread "Build operations Thread 2" [_thread_blocked, id=8216, stack(0x00000000215d0000,0x00000000216d0000)]
  0x0000000023b2b000 JavaThread "Build operations" [_thread_blocked, id=22468, stack(0x0000000021260000,0x0000000021360000)]
  0x0000000023b31800 JavaThread "Cache worker for cache directory md-rule (C:\Users\Dave\.gradle\caches\6.5\md-rule)" [_thread_blocked, id=21648, stack(0x0000000020f60000,0x0000000021060000)]
  0x0000000023b2f800 JavaThread "Cache worker for cache directory md-supplier (C:\Users\Dave\.gradle\caches\6.5\md-supplier)" [_thread_blocked, id=11364, stack(0x000000001e7c0000,0x000000001e8c0000)]
  0x0000000023b31000 JavaThread "Cache worker for checksums cache (C:\Users\Dave\AndroidStudioProject\example source\FBTalk\.gradle\checksums)" [_thread_blocked, id=13060, stack(0x000000001e6c0000,0x000000001e7c0000)]
  0x0000000023b2a000 JavaThread "Cache worker for file hash cache (C:\Users\Dave\AndroidStudioProject\example source\FBTalk\.gradle\6.5\fileHashes)" [_thread_blocked, id=19176, stack(0x000000001e5c0000,0x000000001e6c0000)]
  0x0000000023b2e800 JavaThread "Thread-477" [_thread_blocked, id=12432, stack(0x000000001e4c0000,0x000000001e5c0000)]
  0x0000000023b29800 JavaThread "Stdin handler" [_thread_blocked, id=8528, stack(0x000000001e0c0000,0x000000001e1c0000)]
  0x0000000023b27000 JavaThread "Asynchronous log dispatcher for DefaultDaemonConnection: socket connection from /127.0.0.1:53988 to /127.0.0.1:54071" [_thread_blocked, id=10744, stack(0x000000001dae0000,0x000000001dbe0000)]
  0x0000000023b28000 JavaThread "Cancel handler" [_thread_blocked, id=6928, stack(0x00000000013c0000,0x00000000014c0000)]
  0x0000000023b2e000 JavaThread "Handler for socket connection from /127.0.0.1:53988 to /127.0.0.1:54071" [_thread_in_native, id=21444, stack(0x00000000012c0000,0x00000000013c0000)]
  0x0000000023b26800 JavaThread "RMI TCP Connection(2)-127.0.0.1" daemon [_thread_in_native, id=21508, stack(0x0000000032fd0000,0x00000000330d0000)]
  0x0000000023b2b800 JavaThread "RMI Reaper" [_thread_blocked, id=15692, stack(0x0000000032ed0000,0x0000000032fd0000)]
  0x0000000023b2c800 JavaThread "RMI TCP Accept-0" daemon [_thread_in_native, id=21232, stack(0x0000000032dd0000,0x0000000032ed0000)]
  0x0000000023b28800 JavaThread "GC Daemon" daemon [_thread_blocked, id=10144, stack(0x0000000032cd0000,0x0000000032dd0000)]
  0x000000001be35000 JavaThread "RMI RenewClean-[127.0.0.1:17479,org.jetbrains.kotlin.daemon.common.LoopbackNetworkInterface$ClientLoopbackSocketFactory@3bfd9aaf]" daemon [_thread_blocked, id=20672, stack(0x0000000031600000,0x0000000031700000)]
  0x000000001be30800 JavaThread "RMI Scheduler(0)" daemon [_thread_blocked, id=20440, stack(0x0000000031500000,0x0000000031600000)]
  0x0000000024549800 JavaThread "jar transforms Thread 348" [_thread_blocked, id=1232, stack(0x000000002c310000,0x000000002c410000)]
  0x0000000024547000 JavaThread "jar transforms Thread 347" [_thread_blocked, id=20740, stack(0x000000002c210000,0x000000002c310000)]
  0x0000000024546800 JavaThread "jar transforms Thread 346" [_thread_blocked, id=10696, stack(0x000000002c110000,0x000000002c210000)]
  0x0000000024548800 JavaThread "jar transforms Thread 345" [_thread_blocked, id=18632, stack(0x000000002c010000,0x000000002c110000)]
  0x0000000024548000 JavaThread "jar transforms Thread 344" [_thread_blocked, id=21880, stack(0x000000002bf10000,0x000000002c010000)]
  0x000000002453f800 JavaThread "jar transforms Thread 343" [_thread_blocked, id=5940, stack(0x000000002be10000,0x000000002bf10000)]
  0x000000002453f000 JavaThread "jar transforms Thread 342" [_thread_blocked, id=13028, stack(0x000000002bd10000,0x000000002be10000)]
  0x0000000024545800 JavaThread "jar transforms Thread 341" [_thread_blocked, id=7856, stack(0x000000002bc10000,0x000000002bd10000)]
  0x0000000024545000 JavaThread "jar transforms Thread 340" [_thread_blocked, id=16800, stack(0x000000002bb10000,0x000000002bc10000)]
  0x000000002453e000 JavaThread "jar transforms Thread 339" [_thread_blocked, id=17920, stack(0x000000002ba10000,0x000000002bb10000)]
  0x0000000024544000 JavaThread "jar transforms Thread 338" [_thread_blocked, id=7384, stack(0x000000002b910000,0x000000002ba10000)]
  0x000000002453c800 JavaThread "jar transforms Thread 337" [_thread_blocked, id=16000, stack(0x000000002b810000,0x000000002b910000)]
  0x000000002453d800 JavaThread "jar transforms Thread 336" [_thread_blocked, id=9484, stack(0x000000002b710000,0x000000002b810000)]
  0x0000000024543800 JavaThread "jar transforms Thread 335" [_thread_blocked, id=10676, stack(0x000000002b610000,0x000000002b710000)]
  0x0000000024542800 JavaThread "jar transforms Thread 334" [_thread_blocked, id=21260, stack(0x000000002b510000,0x000000002b610000)]
  0x000000002453c000 JavaThread "jar transforms Thread 333" [_thread_blocked, id=6332, stack(0x000000002b410000,0x000000002b510000)]
  0x0000000024540800 JavaThread "jar transforms Thread 332" [_thread_blocked, id=9280, stack(0x000000002b310000,0x000000002b410000)]
  0x000000002453b000 JavaThread "jar transforms Thread 331" [_thread_blocked, id=13020, stack(0x000000002b210000,0x000000002b310000)]
  0x0000000024541000 JavaThread "jar transforms Thread 330" [_thread_blocked, id=2424, stack(0x000000002b110000,0x000000002b210000)]
  0x0000000024542000 JavaThread "jar transforms Thread 329" [_thread_blocked, id=6224, stack(0x000000002b010000,0x000000002b110000)]
  0x000000001ccb9000 JavaThread "jar transforms Thread 328" [_thread_blocked, id=19356, stack(0x000000002af10000,0x000000002b010000)]
  0x000000001ccb8000 JavaThread "jar transforms Thread 327" [_thread_blocked, id=20512, stack(0x000000002ae10000,0x000000002af10000)]
  0x000000001ccbb000 JavaThread "jar transforms Thread 326" [_thread_blocked, id=20928, stack(0x000000002ad10000,0x000000002ae10000)]
  0x000000001ccb6800 JavaThread "jar transforms Thread 325" [_thread_blocked, id=10308, stack(0x000000002ac10000,0x000000002ad10000)]
  0x000000001ccb6000 JavaThread "jar transforms Thread 324" [_thread_blocked, id=15436, stack(0x000000002ab10000,0x000000002ac10000)]
  0x000000001baad800 JavaThread "jar transforms Thread 323" [_thread_blocked, id=20944, stack(0x000000002aa10000,0x000000002ab10000)]
  0x000000001bab0000 JavaThread "jar transforms Thread 322" [_thread_blocked, id=20080, stack(0x000000002a910000,0x000000002aa10000)]
  0x000000001baae800 JavaThread "jar transforms Thread 321" [_thread_blocked, id=20504, stack(0x000000002a810000,0x000000002a910000)]
  0x000000001baab800 JavaThread "jar transforms Thread 320" [_thread_blocked, id=7408, stack(0x000000002a710000,0x000000002a810000)]
  0x000000001baa3000 JavaThread "jar transforms Thread 319" [_thread_blocked, id=8596, stack(0x000000002a610000,0x000000002a710000)]
  0x000000001baaa000 JavaThread "jar transforms Thread 318" [_thread_blocked, id=5688, stack(0x000000002a510000,0x000000002a610000)]
  0x000000001baa2800 JavaThread "jar transforms Thread 317" [_thread_blocked, id=17028, stack(0x000000002a410000,0x000000002a510000)]
  0x000000001baa9000 JavaThread "jar transforms Thread 316" [_thread_blocked, id=20120, stack(0x000000002a310000,0x000000002a410000)]
  0x000000001baa7800 JavaThread "jar transforms Thread 315" [_thread_blocked, id=12312, stack(0x000000002a210000,0x000000002a310000)]
  0x000000001baa4000 JavaThread "jar transforms Thread 314" [_thread_blocked, id=21980, stack(0x000000002a110000,0x000000002a210000)]
  0x000000001baa5800 JavaThread "jar transforms Thread 313" [_thread_blocked, id=10220, stack(0x000000002a010000,0x000000002a110000)]
  0x000000001baa7000 JavaThread "jar transforms Thread 312" [_thread_blocked, id=14368, stack(0x0000000029f10000,0x000000002a010000)]
  0x000000001baa1000 JavaThread "jar transforms Thread 311" [_thread_blocked, id=18684, stack(0x0000000029e10000,0x0000000029f10000)]
  0x000000001baa4800 JavaThread "jar transforms Thread 310" [_thread_blocked, id=20896, stack(0x0000000029d10000,0x0000000029e10000)]
  0x000000001baa1800 JavaThread "jar transforms Thread 309" [_thread_blocked, id=13680, stack(0x0000000029c10000,0x0000000029d10000)]
  0x000000001cf6b800 JavaThread "jar transforms Thread 308" [_thread_blocked, id=12884, stack(0x0000000029b10000,0x0000000029c10000)]
  0x000000001cf6a800 JavaThread "jar transforms Thread 307" [_thread_blocked, id=9756, stack(0x0000000029a10000,0x0000000029b10000)]
  0x000000001cf63000 JavaThread "jar transforms Thread 306" [_thread_blocked, id=2152, stack(0x0000000029910000,0x0000000029a10000)]
  0x000000001cf6a000 JavaThread "jar transforms Thread 305" [_thread_blocked, id=18060, stack(0x0000000029810000,0x0000000029910000)]
  0x000000001cf67800 JavaThread "jar transforms Thread 304" [_thread_blocked, id=14604, stack(0x0000000029510000,0x0000000029610000)]
  0x000000001cf67000 JavaThread "jar transforms Thread 303" [_thread_blocked, id=2896, stack(0x0000000029410000,0x0000000029510000)]
  0x000000001cf64800 JavaThread "jar transforms Thread 302" [_thread_blocked, id=12648, stack(0x0000000029310000,0x0000000029410000)]
  0x000000001cf66000 JavaThread "jar transforms Thread 301" [_thread_blocked, id=21228, stack(0x0000000029210000,0x0000000029310000)]
  0x000000001cf65800 JavaThread "jar transforms Thread 300" [_thread_blocked, id=14564, stack(0x0000000029110000,0x0000000029210000)]
  0x000000001cf69000 JavaThread "jar transforms Thread 299" [_thread_blocked, id=12708, stack(0x0000000029010000,0x0000000029110000)]
  0x000000001cf68800 JavaThread "jar transforms Thread 298" [_thread_blocked, id=22068, stack(0x0000000028f10000,0x0000000029010000)]
  0x000000001cf61800 JavaThread "jar transforms Thread 297" [_thread_blocked, id=15876, stack(0x0000000028e10000,0x0000000028f10000)]
  0x000000001cf64000 JavaThread "jar transforms Thread 296" [_thread_blocked, id=18756, stack(0x0000000028d10000,0x0000000028e10000)]
  0x000000001cf5c800 JavaThread "jar transforms Thread 295" [_thread_blocked, id=15880, stack(0x0000000028c10000,0x0000000028d10000)]
  0x000000001cf61000 JavaThread "jar transforms Thread 294" [_thread_blocked, id=22520, stack(0x0000000028b10000,0x0000000028c10000)]
  0x000000001cf60000 JavaThread "jar transforms Thread 293" [_thread_blocked, id=22316, stack(0x0000000028a10000,0x0000000028b10000)]
  0x000000001cf5f800 JavaThread "jar transforms Thread 292" [_thread_blocked, id=22244, stack(0x0000000028910000,0x0000000028a10000)]
  0x000000001f461800 JavaThread "jar transforms Thread 291" [_thread_blocked, id=5312, stack(0x0000000028810000,0x0000000028910000)]
  0x000000001f460800 JavaThread "jar transforms Thread 290" [_thread_blocked, id=15824, stack(0x0000000028710000,0x0000000028810000)]
  0x000000001f460000 JavaThread "jar transforms Thread 289" [_thread_blocked, id=7600, stack(0x0000000028610000,0x0000000028710000)]
  0x000000001f45f000 JavaThread "jar transforms Thread 288" [_thread_blocked, id=21020, stack(0x0000000028510000,0x0000000028610000)]
  0x000000001f45d000 JavaThread "jar transforms Thread 287" [_thread_blocked, id=11096, stack(0x0000000028410000,0x0000000028510000)]
  0x000000001f45e800 JavaThread "jar transforms Thread 286" [_thread_blocked, id=5640, stack(0x0000000028310000,0x0000000028410000)]
  0x000000001f45d800 JavaThread "jar transforms Thread 285" [_thread_blocked, id=8976, stack(0x0000000028210000,0x0000000028310000)]
  0x000000001f462000 JavaThread "jar transforms Thread 284" [_thread_blocked, id=21096, stack(0x0000000028110000,0x0000000028210000)]
  0x000000001f455800 JavaThread "jar transforms Thread 283" [_thread_blocked, id=21388, stack(0x0000000028010000,0x0000000028110000)]
  0x000000001f45c000 JavaThread "jar transforms Thread 282" [_thread_blocked, id=7532, stack(0x0000000027f10000,0x0000000028010000)]
  0x000000001f454800 JavaThread "jar transforms Thread 281" [_thread_blocked, id=22232, stack(0x0000000027e10000,0x0000000027f10000)]
  0x000000001f45b800 JavaThread "jar transforms Thread 280" [_thread_blocked, id=20772, stack(0x0000000027d10000,0x0000000027e10000)]
  0x000000001f45a800 JavaThread "jar transforms Thread 279" [_thread_blocked, id=18348, stack(0x0000000027c10000,0x0000000027d10000)]
  0x000000001f453000 JavaThread "jar transforms Thread 278" [_thread_blocked, id=9324, stack(0x0000000027b10000,0x0000000027c10000)]
  0x000000001f45a000 JavaThread "jar transforms Thread 277" [_thread_blocked, id=20260, stack(0x0000000027a10000,0x0000000027b10000)]
  0x000000001f457800 JavaThread "jar transforms Thread 276" [_thread_blocked, id=21704, stack(0x0000000027910000,0x0000000027a10000)]
  0x000000001f459000 JavaThread "jar transforms Thread 275" [_thread_blocked, id=2780, stack(0x0000000027810000,0x0000000027910000)]
  0x000000001f457000 JavaThread "jar transforms Thread 274" [_thread_blocked, id=22472, stack(0x0000000027710000,0x0000000027810000)]
  0x000000001f458800 JavaThread "jar transforms Thread 273" [_thread_blocked, id=5416, stack(0x0000000027610000,0x0000000027710000)]
  0x0000000020d41800 JavaThread "jar transforms Thread 272" [_thread_blocked, id=12916, stack(0x0000000027510000,0x0000000027610000)]
  0x0000000020d3f000 JavaThread "jar transforms Thread 271" [_thread_blocked, id=22056, stack(0x0000000027410000,0x0000000027510000)]
  0x0000000020d40800 JavaThread "jar transforms Thread 270" [_thread_blocked, id=8380, stack(0x0000000027310000,0x0000000027410000)]
  0x0000000020d3c000 JavaThread "jar transforms Thread 269" [_thread_blocked, id=19340, stack(0x0000000027210000,0x0000000027310000)]
  0x0000000020d3e800 JavaThread "jar transforms Thread 268" [_thread_blocked, id=10152, stack(0x0000000027110000,0x0000000027210000)]
  0x0000000020d3d000 JavaThread "jar transforms Thread 267" [_thread_blocked, id=17528, stack(0x0000000027010000,0x0000000027110000)]
  0x0000000020d3d800 JavaThread "jar transforms Thread 266" [_thread_blocked, id=14808, stack(0x0000000026f10000,0x0000000027010000)]
  0x0000000020d43000 JavaThread "jar transforms Thread 265" [_thread_blocked, id=17728, stack(0x0000000026e10000,0x0000000026f10000)]
  0x0000000020d40000 JavaThread "jar transforms Thread 264" [_thread_blocked, id=8572, stack(0x0000000026d10000,0x0000000026e10000)]
  0x0000000020d42000 JavaThread "jar transforms Thread 263" [_thread_blocked, id=2632, stack(0x0000000026c10000,0x0000000026d10000)]
  0x0000000020d34800 JavaThread "jar transforms Thread 262" [_thread_blocked, id=1708, stack(0x0000000026850000,0x0000000026950000)]
  0x0000000020d3b800 JavaThread "jar transforms Thread 261" [_thread_blocked, id=14736, stack(0x0000000026750000,0x0000000026850000)]
  0x0000000020d39000 JavaThread "jar transforms Thread 260" [_thread_blocked, id=10536, stack(0x0000000026650000,0x0000000026750000)]
  0x0000000020d35800 JavaThread "jar transforms Thread 259" [_thread_blocked, id=12656, stack(0x0000000026550000,0x0000000026650000)]
  0x0000000020d3a000 JavaThread "jar transforms Thread 258" [_thread_blocked, id=18164, stack(0x0000000026450000,0x0000000026550000)]
  0x0000000020d34000 JavaThread "jar transforms Thread 257" [_thread_blocked, id=6300, stack(0x0000000026350000,0x0000000026450000)]
  0x0000000020d37000 JavaThread "jar transforms Thread 256" [_thread_blocked, id=15128, stack(0x0000000026250000,0x0000000026350000)]
  0x0000000020d38800 JavaThread "jar transforms Thread 255" [_thread_blocked, id=7236, stack(0x0000000026150000,0x0000000026250000)]
  0x0000000020d3a800 JavaThread "jar transforms Thread 254" [_thread_blocked, id=5216, stack(0x0000000026050000,0x0000000026150000)]
  0x000000001fbd9000 JavaThread "jar transforms Thread 253" [_thread_blocked, id=18852, stack(0x0000000025f50000,0x0000000026050000)]
  0x000000001fbd4800 JavaThread "jar transforms Thread 252" [_thread_blocked, id=15860, stack(0x0000000025e50000,0x0000000025f50000)]
  0x000000001fbd3800 JavaThread "jar transforms Thread 251" [_thread_blocked, id=7440, stack(0x0000000025d50000,0x0000000025e50000)]
  0x000000001fbd8000 JavaThread "jar transforms Thread 250" [_thread_blocked, id=8328, stack(0x0000000025c50000,0x0000000025d50000)]
  0x000000001fbd6800 JavaThread "jar transforms Thread 249" [_thread_blocked, id=21592, stack(0x0000000025b50000,0x0000000025c50000)]
  0x000000001fbd5000 JavaThread "jar transforms Thread 248" [_thread_blocked, id=12476, stack(0x0000000025a50000,0x0000000025b50000)]
  0x000000001fbd6000 JavaThread "jar transforms Thread 247" [_thread_blocked, id=21792, stack(0x0000000025950000,0x0000000025a50000)]
  0x000000001fbd7800 JavaThread "jar transforms Thread 246" [_thread_blocked, id=20752, stack(0x0000000025850000,0x0000000025950000)]
  0x000000001fbd9800 JavaThread "jar transforms Thread 245" [_thread_blocked, id=14592, stack(0x0000000025750000,0x0000000025850000)]
  0x000000001fbd0000 JavaThread "jar transforms Thread 244" [_thread_blocked, id=10208, stack(0x0000000025650000,0x0000000025750000)]
  0x000000001fbcc000 JavaThread "jar transforms Thread 243" [_thread_blocked, id=12636, stack(0x0000000025550000,0x0000000025650000)]
  0x000000001fbcf000 JavaThread "jar transforms Thread 242" [_thread_blocked, id=17808, stack(0x0000000025450000,0x0000000025550000)]
  0x000000001fbd3000 JavaThread "jar transforms Thread 241" [_thread_blocked, id=3052, stack(0x0000000025350000,0x0000000025450000)]
  0x000000001fbcb800 JavaThread "jar transforms Thread 240" [_thread_blocked, id=3308, stack(0x0000000025250000,0x0000000025350000)]
  0x000000001fbd2000 JavaThread "jar transforms Thread 239" [_thread_blocked, id=7528, stack(0x0000000025150000,0x0000000025250000)]
  0x000000001fbce800 JavaThread "jar transforms Thread 238" [_thread_blocked, id=20560, stack(0x0000000025050000,0x0000000025150000)]
  0x000000001fbca800 JavaThread "jar transforms Thread 237" [_thread_blocked, id=7288, stack(0x0000000024f50000,0x0000000025050000)]
  0x000000001fbd1800 JavaThread "jar transforms Thread 236" [_thread_blocked, id=21284, stack(0x0000000024e50000,0x0000000024f50000)]
  0x000000001fbcd800 JavaThread "jar transforms Thread 235" [_thread_blocked, id=1976, stack(0x0000000024d50000,0x0000000024e50000)]
  0x000000001fbcd000 JavaThread "jar transforms Thread 234" [_thread_blocked, id=20264, stack(0x0000000024c50000,0x0000000024d50000)]
  0x0000000021d66000 JavaThread "jar transforms Thread 233" [_thread_blocked, id=5236, stack(0x0000000024b50000,0x0000000024c50000)]
  0x0000000021d60800 JavaThread "Daemon worker Thread 2" [_thread_blocked, id=15292, stack(0x000000001d9e0000,0x000000001dae0000)]
  0x0000000021d5c000 JavaThread "Daemon Thread 2" [_thread_blocked, id=15872, stack(0x00000000011c0000,0x00000000012c0000)]
  0x000000001baa6000 JavaThread "Memory manager" [_thread_blocked, id=8356, stack(0x000000002d920000,0x000000002da20000)]
  0x000000001ccb9800 JavaThread "Cache worker for file content cache (C:\Users\Dave\.gradle\caches\6.5\fileContent)" [_thread_blocked, id=15700, stack(0x0000000023080000,0x0000000023180000)]
  0x000000001ccbd000 JavaThread "Cache worker for execution history cache (C:\Users\Dave\.gradle\caches\6.5\executionHistory)" [_thread_blocked, id=3840, stack(0x0000000022880000,0x0000000022980000)]
  0x000000001ccbc000 JavaThread "Cache worker for file hash cache (C:\Users\Dave\.gradle\caches\6.5\fileHashes)" [_thread_blocked, id=15884, stack(0x000000001ecc0000,0x000000001edc0000)]
  0x000000001ccb7800 JavaThread "File lock request listener" [_thread_in_native, id=22268, stack(0x000000001ebc0000,0x000000001ecc0000)]
  0x000000001ba88800 JavaThread "Cache worker for journal cache (C:\Users\Dave\.gradle\caches\journal-1)" [_thread_blocked, id=10096, stack(0x000000001eac0000,0x000000001ebc0000)]
  0x000000001cab0800 JavaThread "Daemon periodic checks" [_thread_blocked, id=15552, stack(0x000000001ddc0000,0x000000001dec0000)]
  0x000000001caaf000 JavaThread "Incoming local TCP Connector on port 53988" [_thread_in_native, id=4836, stack(0x000000001dbe0000,0x000000001dce0000)]
  0x000000001b031800 JavaThread "Daemon health stats" [_thread_blocked, id=21860, stack(0x000000001d8e0000,0x000000001d9e0000)]
  0x000000001a264800 JavaThread "Service Thread" daemon [_thread_blocked, id=7204, stack(0x000000001ad40000,0x000000001ae40000)]
  0x000000001a1e0000 JavaThread "C1 CompilerThread3" daemon [_thread_in_native, id=20940, stack(0x000000001ac40000,0x000000001ad40000)]
=>0x000000001a1d9000 JavaThread "C2 CompilerThread2" daemon [_thread_in_native, id=13972, stack(0x000000001ab40000,0x000000001ac40000)]
  0x000000001a17f800 JavaThread "C2 CompilerThread1" daemon [_thread_blocked, id=18000, stack(0x000000001aa40000,0x000000001ab40000)]
  0x000000001a17b000 JavaThread "C2 CompilerThread0" daemon [_thread_in_native, id=21532, stack(0x000000001a940000,0x000000001aa40000)]
  0x000000001a17a800 JavaThread "Attach Listener" daemon [_thread_blocked, id=17480, stack(0x000000001a840000,0x000000001a940000)]
  0x000000001a166800 JavaThread "Signal Dispatcher" daemon [_thread_blocked, id=22076, stack(0x000000001a740000,0x000000001a840000)]
  0x000000000322c800 JavaThread "Finalizer" daemon [_thread_blocked, id=20684, stack(0x000000001a640000,0x000000001a740000)]
  0x000000001a160800 JavaThread "Reference Handler" daemon [_thread_blocked, id=8304, stack(0x000000001a540000,0x000000001a640000)]
  0x0000000003132800 JavaThread "main" [_thread_blocked, id=21308, stack(0x0000000002c60000,0x0000000002d60000)]

Other Threads:
  0x0000000018368800 VMThread [stack: 0x000000001a040000,0x000000001a140000] [id=5556]
  0x000000001a265800 WatcherThread [stack: 0x000000001ae40000,0x000000001af40000] [id=20848]

VM state:not at safepoint (normal execution)

VM Mutex/Monitor currently owned by a thread: None

heap address: 0x0000000080000000, size: 2048 MB, Compressed Oops mode: 32-bit
Narrow klass base: 0x0000000000000000, Narrow klass shift: 3
Compressed class space size: 1073741824 Address: 0x0000000100000000

Heap:
 PSYoungGen      total 567808K, used 171367K [0x00000000d5580000, 0x00000000fb800000, 0x0000000100000000)
  eden space 519680K, 28% used [0x00000000d5580000,0x00000000de770e50,0x00000000f5100000)
  from space 48128K, 45% used [0x00000000f8900000,0x00000000f9e68f10,0x00000000fb800000)
  to   space 52736K, 0% used [0x00000000f5100000,0x00000000f5100000,0x00000000f8480000)
 ParOldGen       total 234496K, used 146471K [0x0000000080000000, 0x000000008e500000, 0x00000000d5580000)
  object space 234496K, 62% used [0x0000000080000000,0x0000000088f09fe8,0x000000008e500000)
 Metaspace       used 97236K, capacity 102262K, committed 102360K, reserved 1138688K
  class space    used 12877K, capacity 13823K, committed 13824K, reserved 1048576K

Card table byte_map: [0x00000000126c0000,0x0000000012ad0000] byte_map_base: 0x00000000122c0000

Marking Bits: (ParMarkBitMap*) 0x00000000535af030
 Begin Bits: [0x0000000013580000, 0x0000000015580000)
 End Bits:   [0x0000000015580000, 0x0000000017580000)

Polling page: 0x0000000001000000

CodeCache: size=245760Kb used=47504Kb max_used=47509Kb free=198255Kb
 bounds [0x0000000003300000, 0x00000000061b0000, 0x0000000012300000]
 total_blobs=15612 nmethods=14714 adapters=809
 compilation: enabled

Compilation events (10 events):
Event: 254.422 Thread 0x000000001a1e0000 nmethod 18383 0x0000000006196550 code [0x00000000061966c0, 0x0000000006196868]
Event: 254.422 Thread 0x000000001a17b000 nmethod 18380 0x000000000612c510 code [0x000000000612c640, 0x000000000612c698]
Event: 254.422 Thread 0x000000001a1e0000 18385       3       com.sun.tools.javac.code.SymbolMetadata::<init> (38 bytes)
Event: 254.422 Thread 0x000000001a17b000 18386       4       com.sun.tools.javac.util.List::isEmpty (13 bytes)
Event: 254.422 Thread 0x000000001a1e0000 nmethod 18385 0x0000000006195f50 code [0x00000000061960e0, 0x0000000006196430]
Event: 254.422 Thread 0x000000001a1e0000 18384       3       com.sun.tools.javac.code.Type$JCNoType::getTag (4 bytes)
Event: 254.422 Thread 0x000000001a1e0000 nmethod 18384 0x0000000006195c10 code [0x0000000006195d60, 0x0000000006195eb0]
Event: 254.422 Thread 0x000000001a17b000 nmethod 18386 0x0000000006145090 code [0x00000000061451c0, 0x0000000006145238]
Event: 254.422 Thread 0x000000001a1e0000 18387       3       com.sun.tools.javac.util.List::append (9 bytes)
Event: 254.423 Thread 0x000000001a1e0000 nmethod 18387 0x00000000061978d0 code [0x0000000006197a60, 0x0000000006197ec8]

GC Heap History (10 events):
Event: 15.036 GC heap before
{Heap before GC invocations=18 (full 3):
 PSYoungGen      total 394240K, used 393270K [0x00000000d5580000, 0x00000000ef580000, 0x0000000100000000)
  eden space 372736K, 100% used [0x00000000d5580000,0x00000000ec180000,0x00000000ec180000)
  from space 21504K, 95% used [0x00000000ee080000,0x00000000ef48db18,0x00000000ef580000)
  to   space 26624K, 0% used [0x00000000ec180000,0x00000000ec180000,0x00000000edb80000)
 ParOldGen       total 96256K, used 57435K [0x0000000080000000, 0x0000000085e00000, 0x00000000d5580000)
  object space 96256K, 59% used [0x0000000080000000,0x0000000083816f40,0x0000000085e00000)
 Metaspace       used 79928K, capacity 84274K, committed 84440K, reserved 1122304K
  class space    used 11104K, capacity 11928K, committed 12032K, reserved 1048576K
Event: 15.144 GC heap after
Heap after GC invocations=18 (full 3):
 PSYoungGen      total 399360K, used 26621K [0x00000000d5580000, 0x00000000faf80000, 0x0000000100000000)
  eden space 372736K, 0% used [0x00000000d5580000,0x00000000d5580000,0x00000000ec180000)
  from space 26624K, 99% used [0x00000000ec180000,0x00000000edb7f690,0x00000000edb80000)
  to   space 59392K, 0% used [0x00000000f7580000,0x00000000f7580000,0x00000000faf80000)
 ParOldGen       total 135168K, used 134829K [0x0000000080000000, 0x0000000088400000, 0x00000000d5580000)
  object space 135168K, 99% used [0x0000000080000000,0x00000000883ab578,0x0000000088400000)
 Metaspace       used 79928K, capacity 84274K, committed 84440K, reserved 1122304K
  class space    used 11104K, capacity 11928K, committed 12032K, reserved 1048576K
}
Event: 15.144 GC heap before
{Heap before GC invocations=19 (full 4):
 PSYoungGen      total 399360K, used 26621K [0x00000000d5580000, 0x00000000faf80000, 0x0000000100000000)
  eden space 372736K, 0% used [0x00000000d5580000,0x00000000d5580000,0x00000000ec180000)
  from space 26624K, 99% used [0x00000000ec180000,0x00000000edb7f690,0x00000000edb80000)
  to   space 59392K, 0% used [0x00000000f7580000,0x00000000f7580000,0x00000000faf80000)
 ParOldGen       total 135168K, used 134829K [0x0000000080000000, 0x0000000088400000, 0x00000000d5580000)
  object space 135168K, 99% used [0x0000000080000000,0x00000000883ab578,0x0000000088400000)
 Metaspace       used 79928K, capacity 84274K, committed 84440K, reserved 1122304K
  class space    used 11104K, capacity 11928K, committed 12032K, reserved 1048576K
Event: 15.997 GC heap after
Heap after GC invocations=19 (full 4):
 PSYoungGen      total 399360K, used 24428K [0x00000000d5580000, 0x00000000faf80000, 0x0000000100000000)
  eden space 372736K, 0% used [0x00000000d5580000,0x00000000d5580000,0x00000000ec180000)
  from space 26624K, 91% used [0x00000000ec180000,0x00000000ed95b228,0x00000000edb80000)
  to   space 59392K, 0% used [0x00000000f7580000,0x00000000f7580000,0x00000000faf80000)
 ParOldGen       total 234496K, used 126947K [0x0000000080000000, 0x000000008e500000, 0x00000000d5580000)
  object space 234496K, 54% used [0x0000000080000000,0x0000000087bf8df0,0x000000008e500000)
 Metaspace       used 79601K, capacity 83332K, committed 84440K, reserved 1122304K
  class space    used 10995K, capacity 11737K, committed 12032K, reserved 1048576K
}
Event: 78.221 GC heap before
{Heap before GC invocations=20 (full 4):
 PSYoungGen      total 399360K, used 397164K [0x00000000d5580000, 0x00000000faf80000, 0x0000000100000000)
  eden space 372736K, 100% used [0x00000000d5580000,0x00000000ec180000,0x00000000ec180000)
  from space 26624K, 91% used [0x00000000ec180000,0x00000000ed95b228,0x00000000edb80000)
  to   space 59392K, 0% used [0x00000000f7580000,0x00000000f7580000,0x00000000faf80000)
 ParOldGen       total 234496K, used 126947K [0x0000000080000000, 0x000000008e500000, 0x00000000d5580000)
  object space 234496K, 54% used [0x0000000080000000,0x0000000087bf8df0,0x000000008e500000)
 Metaspace       used 85384K, capacity 89596K, committed 89944K, reserved 1126400K
  class space    used 11522K, capacity 12313K, committed 12416K, reserved 1048576K
Event: 78.286 GC heap after
Heap after GC invocations=20 (full 4):
 PSYoungGen      total 488448K, used 27563K [0x00000000d5580000, 0x00000000f9080000, 0x0000000100000000)
  eden space 460800K, 0% used [0x00000000d5580000,0x00000000d5580000,0x00000000f1780000)
  from space 27648K, 99% used [0x00000000f7580000,0x00000000f906af68,0x00000000f9080000)
  to   space 57856K, 0% used [0x00000000f1f80000,0x00000000f1f80000,0x00000000f5800000)
 ParOldGen       total 234496K, used 146455K [0x0000000080000000, 0x000000008e500000, 0x00000000d5580000)
  object space 234496K, 62% used [0x0000000080000000,0x0000000088f05fe8,0x000000008e500000)
 Metaspace       used 85384K, capacity 89596K, committed 89944K, reserved 1126400K
  class space    used 11522K, capacity 12313K, committed 12416K, reserved 1048576K
}
Event: 180.936 GC heap before
{Heap before GC invocations=21 (full 4):
 PSYoungGen      total 488448K, used 488363K [0x00000000d5580000, 0x00000000f9080000, 0x0000000100000000)
  eden space 460800K, 100% used [0x00000000d5580000,0x00000000f1780000,0x00000000f1780000)
  from space 27648K, 99% used [0x00000000f7580000,0x00000000f906af68,0x00000000f9080000)
  to   space 57856K, 0% used [0x00000000f1f80000,0x00000000f1f80000,0x00000000f5800000)
 ParOldGen       total 234496K, used 146455K [0x0000000080000000, 0x000000008e500000, 0x00000000d5580000)
  object space 234496K, 62% used [0x0000000080000000,0x0000000088f05fe8,0x000000008e500000)
 Metaspace       used 86339K, capacity 90748K, committed 90968K, reserved 1128448K
  class space    used 11555K, capacity 12369K, committed 12416K, reserved 1048576K
Event: 180.954 GC heap after
Heap after GC invocations=21 (full 4):
 PSYoungGen      total 526848K, used 12856K [0x00000000d5580000, 0x00000000fbf80000, 0x0000000100000000)
  eden space 468992K, 0% used [0x00000000d5580000,0x00000000d5580000,0x00000000f1f80000)
  from space 57856K, 22% used [0x00000000f1f80000,0x00000000f2c0e0f8,0x00000000f5800000)
  to   space 55808K, 0% used [0x00000000f8900000,0x00000000f8900000,0x00000000fbf80000)
 ParOldGen       total 234496K, used 146463K [0x0000000080000000, 0x000000008e500000, 0x00000000d5580000)
  object space 234496K, 62% used [0x0000000080000000,0x0000000088f07fe8,0x000000008e500000)
 Metaspace       used 86339K, capacity 90748K, committed 90968K, reserved 1128448K
  class space    used 11555K, capacity 12369K, committed 12416K, reserved 1048576K
}
Event: 220.685 GC heap before
{Heap before GC invocations=22 (full 4):
 PSYoungGen      total 526848K, used 481844K [0x00000000d5580000, 0x00000000fbf80000, 0x0000000100000000)
  eden space 468992K, 99% used [0x00000000d5580000,0x00000000f1f7ef60,0x00000000f1f80000)
  from space 57856K, 22% used [0x00000000f1f80000,0x00000000f2c0e0f8,0x00000000f5800000)
  to   space 55808K, 0% used [0x00000000f8900000,0x00000000f8900000,0x00000000fbf80000)
 ParOldGen       total 234496K, used 146463K [0x0000000080000000, 0x000000008e500000, 0x00000000d5580000)
  object space 234496K, 62% used [0x0000000080000000,0x0000000088f07fe8,0x000000008e500000)
 Metaspace       used 91241K, capacity 96032K, committed 96216K, reserved 1132544K
  class space    used 12122K, capacity 13015K, committed 13056K, reserved 1048576K
Event: 220.704 GC heap after
Heap after GC invocations=22 (full 4):
 PSYoungGen      total 567808K, used 21923K [0x00000000d5580000, 0x00000000fb800000, 0x0000000100000000)
  eden space 519680K, 0% used [0x00000000d5580000,0x00000000d5580000,0x00000000f5100000)
  from space 48128K, 45% used [0x00000000f8900000,0x00000000f9e68f10,0x00000000fb800000)
  to   space 52736K, 0% used [0x00000000f5100000,0x00000000f5100000,0x00000000f8480000)
 ParOldGen       total 234496K, used 146471K [0x0000000080000000, 0x000000008e500000, 0x00000000d5580000)
  object space 234496K, 62% used [0x0000000080000000,0x0000000088f09fe8,0x000000008e500000)
 Metaspace       used 91241K, capacity 96032K, committed 96216K, reserved 1132544K
  class space    used 12122K, capacity 13015K, committed 13056K, reserved 1048576K
}

Deoptimization events (10 events):
Event: 254.261 Thread 0x0000000021d5e800 Uncommon trap: reason=predicate action=maybe_recompile pc=0x00000000061091d4 method=java.util.ComparableTimSort.binarySort([Ljava/lang/Object;III)V @ 37
Event: 254.269 Thread 0x0000000021d5e800 Uncommon trap: reason=array_check action=maybe_recompile pc=0x000000000610ce74 method=java.util.ComparableTimSort.binarySort([Ljava/lang/Object;III)V @ 215
Event: 254.269 Thread 0x0000000021d5e800 Uncommon trap: reason=array_check action=maybe_recompile pc=0x000000000610ce74 method=java.util.ComparableTimSort.binarySort([Ljava/lang/Object;III)V @ 215
Event: 254.274 Thread 0x0000000021d5e800 Uncommon trap: reason=array_check action=maybe_recompile pc=0x000000000610bb78 method=java.util.ComparableTimSort.binarySort([Ljava/lang/Object;III)V @ 183
Event: 254.275 Thread 0x0000000021d5e800 Uncommon trap: reason=array_check action=maybe_recompile pc=0x000000000610bb78 method=java.util.ComparableTimSort.binarySort([Ljava/lang/Object;III)V @ 183
Event: 254.277 Thread 0x0000000021d5e800 Uncommon trap: reason=array_check action=maybe_recompile pc=0x000000000610ce74 method=java.util.ComparableTimSort.binarySort([Ljava/lang/Object;III)V @ 215
Event: 254.283 Thread 0x0000000021d5e800 Uncommon trap: reason=array_check action=maybe_recompile pc=0x000000000610fa70 method=java.util.ComparableTimSort.binarySort([Ljava/lang/Object;III)V @ 193
Event: 254.283 Thread 0x0000000021d5e800 Uncommon trap: reason=array_check action=maybe_recompile pc=0x000000000610fa70 method=java.util.ComparableTimSort.binarySort([Ljava/lang/Object;III)V @ 193
Event: 254.315 Thread 0x0000000021d5e800 Uncommon trap: reason=unstable_if action=reinterpret pc=0x0000000004b0c1cc method=java.lang.String.regionMatches(ZILjava/lang/String;II)Z @ 41
Event: 254.396 Thread 0x0000000021d5e800 Uncommon trap: reason=unstable_if action=reinterpret pc=0x0000000004cb2170 method=com.google.common.base.Stopwatch.elapsedNanos()J @ 4

Classes redefined (0 events):
No events

Internal exceptions (10 events):
Event: 244.508 Thread 0x0000000021d5e800 Exception <a 'java/net/ConnectException': Connection refused: connect> (0x00000000d75485d8) thrown at [C:\src\AOSP-openjdk-git\hotspot\src\share\vm\prims\jni.cpp, line 737]
Event: 246.552 Thread 0x0000000021d5e800 Exception <a 'java/net/ConnectException': Connection refused: connect> (0x00000000d7549670) thrown at [C:\src\AOSP-openjdk-git\hotspot\src\share\vm\prims\jni.cpp, line 737]
Event: 246.574 Thread 0x0000000021d63800 Exception <a 'java/lang/InterruptedException'> (0x00000000d75895d8) thrown at [C:\src\AOSP-openjdk-git\hotspot\src\share\vm\runtime\objectMonitor.cpp, line 1680]
Event: 253.606 Thread 0x0000000021d5e800 Exception <a 'sun/nio/fs/WindowsException'> (0x00000000d8c3f888) thrown at [C:\src\AOSP-openjdk-git\hotspot\src\share\vm\prims\jni.cpp, line 710]
Event: 253.606 Thread 0x0000000021d5e800 Exception <a 'sun/nio/fs/WindowsException'> (0x00000000d8c40590) thrown at [C:\src\AOSP-openjdk-git\hotspot\src\share\vm\prims\jni.cpp, line 710]
Event: 253.608 Thread 0x0000000021d5e800 Exception <a 'sun/nio/fs/WindowsException'> (0x00000000d8c46fd8) thrown at [C:\src\AOSP-openjdk-git\hotspot\src\share\vm\prims\jni.cpp, line 710]
Event: 253.608 Thread 0x0000000021d5e800 Exception <a 'sun/nio/fs/WindowsException'> (0x00000000d8c47d28) thrown at [C:\src\AOSP-openjdk-git\hotspot\src\share\vm\prims\jni.cpp, line 710]
Event: 253.608 Thread 0x0000000021d5e800 Exception <a 'sun/nio/fs/WindowsException'> (0x00000000d8c49c00) thrown at [C:\src\AOSP-openjdk-git\hotspot\src\share\vm\prims\jni.cpp, line 710]
Event: 253.608 Thread 0x0000000021d5e800 Exception <a 'sun/nio/fs/WindowsException'> (0x00000000d8c4a960) thrown at [C:\src\AOSP-openjdk-git\hotspot\src\share\vm\prims\jni.cpp, line 710]
Event: 254.243 Thread 0x0000000021d5e800 Implicit null exception at 0x00000000051a79f2 to 0x00000000051a81d5

Events (10 events):
Event: 254.400 loading class com/sun/tools/javac/api/JavacTrees
Event: 254.400 loading class com/sun/tools/javac/api/JavacTrees done
Event: 254.401 loading class com/sun/source/util/DocTrees
Event: 254.401 loading class com/sun/source/util/DocTrees done
Event: 254.401 loading class com/sun/source/util/Trees
Event: 254.401 loading class com/sun/source/util/Trees done
Event: 254.413 loading class com/sun/tools/javac/processing/JavacProcessingEnvironment$ServiceIterator
Event: 254.413 loading class com/sun/tools/javac/processing/JavacProcessingEnvironment$ServiceIterator done
Event: 254.422 loading class com/sun/tools/javac/main/JavaCompiler$2
Event: 254.422 loading class com/sun/tools/javac/main/JavaCompiler$2 done


Dynamic libraries:
0x00007ff793da0000 - 0x00007ff793dd1000 	C:\Program Files\Android\Android Studio\jre\bin\java.exe
0x00007ff8f6f10000 - 0x00007ff8f7106000 	C:\WINDOWS\SYSTEM32\ntdll.dll
0x00007ff8f64d0000 - 0x00007ff8f658d000 	C:\WINDOWS\System32\KERNEL32.DLL
0x00007ff8f4b40000 - 0x00007ff8f4e09000 	C:\WINDOWS\System32\KERNELBASE.dll
0x00007ff8f4f70000 - 0x00007ff8f501c000 	C:\WINDOWS\System32\ADVAPI32.dll
0x00007ff8f53f0000 - 0x00007ff8f548e000 	C:\WINDOWS\System32\msvcrt.dll
0x00007ff8f67f0000 - 0x00007ff8f688c000 	C:\WINDOWS\System32\sechost.dll
0x00007ff8f66c0000 - 0x00007ff8f67eb000 	C:\WINDOWS\System32\RPCRT4.dll
0x00007ff8f6c00000 - 0x00007ff8f6da0000 	C:\WINDOWS\System32\USER32.dll
0x00007ff8f4750000 - 0x00007ff8f4772000 	C:\WINDOWS\System32\win32u.dll
0x00007ff8f5490000 - 0x00007ff8f54ba000 	C:\WINDOWS\System32\GDI32.dll
0x00007ff8f48d0000 - 0x00007ff8f49db000 	C:\WINDOWS\System32\gdi32full.dll
0x00007ff8f4780000 - 0x00007ff8f481d000 	C:\WINDOWS\System32\msvcp_win.dll
0x00007ff8f4650000 - 0x00007ff8f4750000 	C:\WINDOWS\System32\ucrtbase.dll
0x00007ff8e7700000 - 0x00007ff8e799b000 	C:\WINDOWS\WinSxS\amd64_microsoft.windows.common-controls_6595b64144ccf1df_6.0.19041.746_none_ca02b4b61b8320a4\COMCTL32.dll
0x00007ff8f5020000 - 0x00007ff8f5050000 	C:\WINDOWS\System32\IMM32.DLL
0x0000000052c20000 - 0x0000000052cf2000 	C:\Program Files\Android\Android Studio\jre\jre\bin\msvcr100.dll
0x0000000052de0000 - 0x000000005362b000 	C:\Program Files\Android\Android Studio\jre\jre\bin\server\jvm.dll
0x00007ff8f6890000 - 0x00007ff8f6898000 	C:\WINDOWS\System32\PSAPI.DLL
0x00007ff8e0a30000 - 0x00007ff8e0a39000 	C:\WINDOWS\SYSTEM32\WSOCK32.dll
0x00007ff8e7b50000 - 0x00007ff8e7b77000 	C:\WINDOWS\SYSTEM32\WINMM.dll
0x00007ff8ee520000 - 0x00007ff8ee52a000 	C:\WINDOWS\SYSTEM32\VERSION.dll
0x00007ff8f6320000 - 0x00007ff8f638b000 	C:\WINDOWS\System32\WS2_32.dll
0x00007ff8f0190000 - 0x00007ff8f019f000 	C:\Program Files\Android\Android Studio\jre\jre\bin\verify.dll
0x00007ff8eeec0000 - 0x00007ff8eeee9000 	C:\Program Files\Android\Android Studio\jre\jre\bin\java.dll
0x00007ff8eeea0000 - 0x00007ff8eeeb6000 	C:\Program Files\Android\Android Studio\jre\jre\bin\zip.dll
0x00007ff8f5670000 - 0x00007ff8f5db2000 	C:\WINDOWS\System32\SHELL32.dll
0x00007ff8f23d0000 - 0x00007ff8f2b60000 	C:\WINDOWS\SYSTEM32\windows.storage.dll
0x00007ff8f68a0000 - 0x00007ff8f6bf6000 	C:\WINDOWS\System32\combase.dll
0x00007ff8f40b0000 - 0x00007ff8f40dc000 	C:\WINDOWS\SYSTEM32\Wldp.dll
0x00007ff8f6610000 - 0x00007ff8f66be000 	C:\WINDOWS\System32\SHCORE.dll
0x00007ff8f5050000 - 0x00007ff8f50a5000 	C:\WINDOWS\System32\shlwapi.dll
0x00007ff8f4580000 - 0x00007ff8f45a6000 	C:\WINDOWS\SYSTEM32\profapi.dll
0x00007ff8eee80000 - 0x00007ff8eee9a000 	C:\Program Files\Android\Android Studio\jre\jre\bin\net.dll
0x00007ff8f3e30000 - 0x00007ff8f3e9a000 	C:\WINDOWS\system32\mswsock.dll
0x00007ff8eee60000 - 0x00007ff8eee73000 	C:\Program Files\Android\Android Studio\jre\jre\bin\nio.dll
0x00007ff8eda00000 - 0x00007ff8eda27000 	C:\Users\Dave\.gradle\native\f6784746aeab05261644944871eae4fe03e0ef1612fff0a4a95f87b438bc6780\windows-amd64\native-platform.dll
0x00007ff8eee50000 - 0x00007ff8eee5d000 	C:\Program Files\Android\Android Studio\jre\jre\bin\management.dll
0x00007ff8f4000000 - 0x00007ff8f4018000 	C:\WINDOWS\SYSTEM32\CRYPTSP.dll
0x00007ff8f3760000 - 0x00007ff8f3794000 	C:\WINDOWS\system32\rsaenh.dll
0x00007ff8f4ab0000 - 0x00007ff8f4ad7000 	C:\WINDOWS\System32\bcrypt.dll
0x00007ff8f4540000 - 0x00007ff8f456e000 	C:\WINDOWS\SYSTEM32\USERENV.dll
0x00007ff8f4a30000 - 0x00007ff8f4ab0000 	C:\WINDOWS\System32\bcryptprimitives.dll
0x00007ff8f4020000 - 0x00007ff8f402c000 	C:\WINDOWS\SYSTEM32\CRYPTBASE.dll
0x00007ff8f3ad0000 - 0x00007ff8f3b0b000 	C:\WINDOWS\SYSTEM32\IPHLPAPI.DLL
0x00007ff8f50b0000 - 0x00007ff8f50b8000 	C:\WINDOWS\System32\NSI.dll
0x00007ff8ec6d0000 - 0x00007ff8ec6e7000 	C:\WINDOWS\SYSTEM32\dhcpcsvc6.DLL
0x00007ff8ed730000 - 0x00007ff8ed74d000 	C:\WINDOWS\SYSTEM32\dhcpcsvc.DLL
0x00007ff8f3b10000 - 0x00007ff8f3bdb000 	C:\WINDOWS\SYSTEM32\DNSAPI.dll
0x00007ff8ee1d0000 - 0x00007ff8ee1db000 	C:\WINDOWS\SYSTEM32\WINNSI.DLL
0x00007ff8eedb0000 - 0x00007ff8eedce000 	C:\Users\Dave\AppData\Local\Temp\native-platform3892314961600705962dir\native-platform.dll

VM Arguments:
jvm_args: -Xmx2048m -Dfile.encoding=UTF-8 -Duser.country=KR -Duser.language=ko -Duser.variant 
java_command: org.gradle.launcher.daemon.bootstrap.GradleDaemon 6.5
java_class_path (initial): C:\Users\Dave\.gradle\wrapper\dists\gradle-6.5-bin\6nifqtx7604sqp1q6g8wikw7p\gradle-6.5\lib\gradle-launcher-6.5.jar
Launcher Type: SUN_STANDARD

Environment Variables:
JAVA_HOME=C:\Program Files\Java\jdk-12.0.2
PATH=C:\Program Files (x86)\Common Files\Oracle\Java\javapath;C:\Program Files (x86)\NAT Service;C:\Program Files (x86)\Intel\iCLS Client\;C:\Program Files\Intel\iCLS Client\;C:\Windows\system32;C:\Windows;C:\Windows\System32\Wbem;C:\Windows\System32\WindowsPowerShell\v1.0\;C:\Windows\System32\OpenSSH\;C:\Program Files (x86)\Intel\Intel(R) Management Engine Components\DAL;C:\Program Files\Intel\Intel(R) Management Engine Components\DAL;C:\Program Files (x86)\Intel\Intel(R) Management Engine Components\IPT;C:\Program Files\Intel\Intel(R) Management Engine Components\IPT;C:\Program Files (x86)\NVIDIA Corporation\PhysX\Common;C:\Program Files\Intel\WiFi\bin\;C:\Program Files\Common Files\Intel\WirelessCommon\;C:\Program Files (x86)\ePapyrus\PapyrusNtas;C:\Program Files (x86)\ePapyrus\PapyrusNtas\Addins;C:\APM_Setup\Server\Apache\bin;C:\APM_Setup\Server\MySQL5\bin;C:\APM_Setup\Server\PHP5;C:\Program Files\nodejs\;C:\Program Files\Git\cmd;C:\WINDOWS\system32;C:\WINDOWS;C:\WINDOWS\System32\Wbem;C:\WINDOWS\System32\WindowsPowerShell\v1.0\;C:\WINDOWS\System32\OpenSSH\;C:\Users\Dave\AppData\Local\Microsoft\WindowsApps;C:\Program Files\Intel\WiFi\bin\;C:\Program Files\Common Files\Intel\WirelessCommon\;C:\Program Files\Bandizip\;C:\Users\Dave\AppData\Local\atom\bin;C:\Users\Dave\AppData\Roaming\npm;%JAVA_HOME%;%ANDORID_HOME%;C:\Users\Dave\AppData\Local\Android\Sdk\platform-tools;;C:\Users\Dave\AppData\Local\Programs\Microsoft VS Code\bin;%USERPROFILE%\AppData\Local\Microsoft\WindowsApps;C:\Program Files (x86)\SoftForum\XecureHSM\;
USERNAME=Dave
OS=Windows_NT
PROCESSOR_IDENTIFIER=Intel64 Family 6 Model 142 Stepping 10, GenuineIntel



---------------  S Y S T E M  ---------------

OS: Windows 10.0 , 64 bit Build 19041 (10.0.19041.804)

CPU:total 8 (initial active 8) (4 cores per cpu, 2 threads per core) family 6 model 142 stepping 10, cmov, cx8, fxsr, mmx, sse, sse2, sse3, ssse3, sse4.1, sse4.2, popcnt, avx, avx2, aes, clmul, erms, 3dnowpref, lzcnt, ht, tsc, tscinvbit, bmi1, bmi2, adx

Memory: 4k page, physical 8295652k(786492k free), swap 10249444k(5388k free)

vm_info: OpenJDK 64-Bit Server VM (25.242-b01) for windows-amd64 JRE (1.8.0_242-release-1644-b01), built by "builder" with MS VC++ 10.0 (VS2010)

time: Fri Mar 12 12:02:42 2021
timezone: 대한민국 표준시
elapsed time: 254 seconds (0d 0h 4m 14s)

