#
# There is insufficient memory for the Java Runtime Environment to continue.
# Native memory allocation (malloc) failed to allocate 1027840 bytes for Chunk::new
# Possible reasons:
#   The system is out of physical RAM or swap space
#   The process is running with CompressedOops enabled, and the Java Heap may be blocking the growth of the native heap
# Possible solutions:
#   Reduce memory load on the system
#   Increase physical memory or swap space
#   Check if swap backing store is full
#   Decrease Java heap size (-Xmx/-Xms)
#   Decrease number of Java threads
#   Decrease Java thread stack sizes (-Xss)
#   Set larger code cache with -XX:ReservedCodeCacheSize=
#   JVM is running with Unscaled Compressed Oops mode in which the Java heap is
#     placed in the first 4GB address space. The Java Heap base address is the
#     maximum limit for the native heap growth. Please use -XX:HeapBaseMinAddress
#     to set the Java Heap base and to place the Java Heap above 4GB virtual address.
# This output file may be truncated or incomplete.
#
#  Out of Memory Error (allocation.cpp:389), pid=17136, tid=0x000000000000512c
#
# JRE version: OpenJDK Runtime Environment (8.0_242-b01) (build 1.8.0_242-release-1644-b01)
# Java VM: OpenJDK 64-Bit Server VM (25.242-b01 mixed mode windows-amd64 compressed oops)
# Failed to write core dump. Minidumps are not enabled by default on client versions of Windows
#

---------------  T H R E A D  ---------------

Current thread (0x0000000019e61800):  JavaThread "C2 CompilerThread1" daemon [_thread_in_native, id=20780, stack(0x000000001a7b0000,0x000000001a8b0000)]

Stack: [0x000000001a7b0000,0x000000001a8b0000]
[error occurred during error reporting (printing stack bounds), id 0xc0000005]

Native frames: (J=compiled Java code, j=interpreted, Vv=VM code, C=native code)


Current CompileTask:
C2:  17373 9353       4       org.gradle.api.internal.artifacts.transform.ConsumerProvidedVariantFinder::matchAttributes (68 bytes)


---------------  P R O C E S S  ---------------

Java Threads: ( => current thread )
  0x0000000022242000 JavaThread "WorkerExecutor Queue" [_thread_in_Java, id=17932, stack(0x000000002ee40000,0x000000002ef40000)]
  0x0000000022236000 JavaThread "Cache worker for execution history cache (C:\Users\Dave\AndroidStudioProject\example source\FBTalk\.gradle\6.5\executionHistory)" [_thread_blocked, id=7476, stack(0x00000000301d0000,0x00000000302d0000)]
  0x0000000022238000 JavaThread "Execution worker for ':' Thread 7" [_thread_blocked, id=18760, stack(0x0000000030800000,0x0000000030900000)]
  0x000000002223c800 JavaThread "Execution worker for ':' Thread 6" [_thread_blocked, id=22332, stack(0x0000000030700000,0x0000000030800000)]
  0x0000000022235000 JavaThread "Execution worker for ':' Thread 5" [_thread_blocked, id=19100, stack(0x0000000030600000,0x0000000030700000)]
  0x0000000022237800 JavaThread "Execution worker for ':' Thread 4" [_thread_in_Java, id=20228, stack(0x0000000030500000,0x0000000030600000)]
  0x000000002223c000 JavaThread "Execution worker for ':' Thread 3" [_thread_blocked, id=5904, stack(0x0000000030400000,0x0000000030500000)]
  0x000000002223b000 JavaThread "Execution worker for ':' Thread 2" [_thread_blocked, id=21004, stack(0x0000000030300000,0x0000000030400000)]
  0x0000000022239800 JavaThread "Execution worker for ':'" [_thread_blocked, id=18516, stack(0x000000002eb20000,0x000000002ec20000)]
  0x000000002223a800 JavaThread "Cache worker for file content cache (C:\Users\Dave\AndroidStudioProject\example source\FBTalk\.gradle\6.5\fileContent)" [_thread_blocked, id=22160, stack(0x000000002c4d0000,0x000000002c5d0000)]
  0x0000000022236800 JavaThread "Memory manager" [_thread_blocked, id=7464, stack(0x0000000029b70000,0x0000000029c70000)]
  0x0000000022239000 JavaThread "Cache worker for Build Output Cleanup Cache (C:\Users\Dave\AndroidStudioProject\example source\FBTalk\.gradle\buildOutputCleanup)" [_thread_blocked, id=4752, stack(0x000000002c850000,0x000000002c950000)]
  0x0000000021e90800 JavaThread "jar transforms Thread 116" [_thread_blocked, id=17592, stack(0x000000002c3d0000,0x000000002c4d0000)]
  0x0000000021e94800 JavaThread "jar transforms Thread 115" [_thread_blocked, id=20656, stack(0x000000002c2d0000,0x000000002c3d0000)]
  0x0000000021e93000 JavaThread "jar transforms Thread 114" [_thread_blocked, id=18136, stack(0x000000002c1d0000,0x000000002c2d0000)]
  0x0000000021e90000 JavaThread "jar transforms Thread 113" [_thread_blocked, id=20636, stack(0x000000002c0d0000,0x000000002c1d0000)]
  0x0000000021e8f000 JavaThread "jar transforms Thread 112" [_thread_blocked, id=6024, stack(0x000000002bfd0000,0x000000002c0d0000)]
  0x0000000021e92000 JavaThread "jar transforms Thread 111" [_thread_blocked, id=1384, stack(0x000000002bed0000,0x000000002bfd0000)]
  0x0000000021e91800 JavaThread "jar transforms Thread 110" [_thread_blocked, id=3580, stack(0x000000002bdd0000,0x000000002bed0000)]
  0x0000000021e93800 JavaThread "jar transforms Thread 109" [_thread_blocked, id=22328, stack(0x000000002bcd0000,0x000000002bdd0000)]
  0x0000000021e87800 JavaThread "jar transforms Thread 108" [_thread_blocked, id=3564, stack(0x000000002bbd0000,0x000000002bcd0000)]
  0x0000000021e8d000 JavaThread "jar transforms Thread 107" [_thread_blocked, id=10680, stack(0x000000002bad0000,0x000000002bbd0000)]
  0x0000000021e8d800 JavaThread "jar transforms Thread 106" [_thread_blocked, id=19032, stack(0x000000002b9d0000,0x000000002bad0000)]
  0x0000000021e8e800 JavaThread "jar transforms Thread 105" [_thread_blocked, id=21924, stack(0x000000002b8d0000,0x000000002b9d0000)]
  0x0000000021e8b800 JavaThread "jar transforms Thread 104" [_thread_blocked, id=18716, stack(0x000000002b7d0000,0x000000002b8d0000)]
  0x0000000021e85800 JavaThread "jar transforms Thread 103" [_thread_blocked, id=21576, stack(0x000000002b6d0000,0x000000002b7d0000)]
  0x0000000021e8c000 JavaThread "jar transforms Thread 102" [_thread_blocked, id=18064, stack(0x000000002b5d0000,0x000000002b6d0000)]
  0x0000000021e86000 JavaThread "jar transforms Thread 101" [_thread_blocked, id=7860, stack(0x000000002b4d0000,0x000000002b5d0000)]
  0x0000000021e8a800 JavaThread "jar transforms Thread 100" [_thread_blocked, id=13924, stack(0x000000002b3d0000,0x000000002b4d0000)]
  0x0000000021e8a000 JavaThread "jar transforms Thread 99" [_thread_blocked, id=21800, stack(0x000000002b2d0000,0x000000002b3d0000)]
  0x0000000021e89000 JavaThread "jar transforms Thread 98" [_thread_blocked, id=22512, stack(0x000000002b1d0000,0x000000002b2d0000)]
  0x0000000021e87000 JavaThread "jar transforms Thread 97" [_thread_blocked, id=21968, stack(0x000000002b0d0000,0x000000002b1d0000)]
  0x0000000021e88800 JavaThread "jar transforms Thread 96" [_thread_blocked, id=22400, stack(0x000000002afd0000,0x000000002b0d0000)]
  0x00000000222a5000 JavaThread "jar transforms Thread 95" [_thread_blocked, id=16272, stack(0x000000002aed0000,0x000000002afd0000)]
  0x000000002229d000 JavaThread "jar transforms Thread 94" [_thread_blocked, id=17472, stack(0x000000002add0000,0x000000002aed0000)]
  0x00000000222a4000 JavaThread "jar transforms Thread 93" [_thread_blocked, id=20800, stack(0x000000002acd0000,0x000000002add0000)]
  0x00000000222a3800 JavaThread "jar transforms Thread 92" [_thread_blocked, id=15848, stack(0x000000002abd0000,0x000000002acd0000)]
  0x00000000222a2800 JavaThread "jar transforms Thread 91" [_thread_blocked, id=21216, stack(0x000000002aad0000,0x000000002abd0000)]
  0x00000000222a1800 JavaThread "jar transforms Thread 90" [_thread_blocked, id=20464, stack(0x000000002a9d0000,0x000000002aad0000)]
  0x00000000222a1000 JavaThread "jar transforms Thread 89" [_thread_blocked, id=16004, stack(0x000000002a8d0000,0x000000002a9d0000)]
  0x00000000222a0000 JavaThread "jar transforms Thread 88" [_thread_blocked, id=5336, stack(0x000000002a7d0000,0x000000002a8d0000)]
  0x000000002229b800 JavaThread "jar transforms Thread 87" [_thread_blocked, id=20556, stack(0x000000002a6d0000,0x000000002a7d0000)]
  0x000000002229f800 JavaThread "jar transforms Thread 86" [_thread_blocked, id=22360, stack(0x000000002a5d0000,0x000000002a6d0000)]
  0x0000000022298000 JavaThread "jar transforms Thread 85" [_thread_blocked, id=13700, stack(0x000000002a4d0000,0x000000002a5d0000)]
  0x000000002229e800 JavaThread "jar transforms Thread 84" [_thread_blocked, id=15740, stack(0x000000002a3d0000,0x000000002a4d0000)]
  0x000000002229e000 JavaThread "jar transforms Thread 83" [_thread_blocked, id=22336, stack(0x000000002a2d0000,0x000000002a3d0000)]
  0x000000002229b000 JavaThread "jar transforms Thread 82" [_thread_blocked, id=20520, stack(0x000000002a1d0000,0x000000002a2d0000)]
  0x0000000022297000 JavaThread "jar transforms Thread 81" [_thread_blocked, id=2584, stack(0x000000002a0d0000,0x000000002a1d0000)]
  0x0000000022295800 JavaThread "jar transforms Thread 80" [_thread_blocked, id=14632, stack(0x0000000029fd0000,0x000000002a0d0000)]
  0x000000002229a000 JavaThread "jar transforms Thread 79" [_thread_blocked, id=21176, stack(0x0000000029ed0000,0x0000000029fd0000)]
  0x000000002229c800 JavaThread "jar transforms Thread 78" [_thread_blocked, id=16804, stack(0x0000000029dd0000,0x0000000029ed0000)]
  0x0000000022296800 JavaThread "jar transforms Thread 77" [_thread_blocked, id=6664, stack(0x0000000029cd0000,0x0000000029dd0000)]
  0x0000000022299800 JavaThread "jar transforms Thread 76" [_thread_blocked, id=3664, stack(0x0000000026620000,0x0000000026720000)]
  0x0000000022298800 JavaThread "jar transforms Thread 75" [_thread_blocked, id=9060, stack(0x0000000029a70000,0x0000000029b70000)]
  0x00000000233e1800 JavaThread "jar transforms Thread 74" [_thread_blocked, id=9476, stack(0x0000000029770000,0x0000000029870000)]
  0x00000000233e0800 JavaThread "jar transforms Thread 73" [_thread_blocked, id=17208, stack(0x0000000029670000,0x0000000029770000)]
  0x00000000233e4800 JavaThread "jar transforms Thread 72" [_thread_blocked, id=21012, stack(0x0000000029570000,0x0000000029670000)]
  0x00000000233e6800 JavaThread "jar transforms Thread 71" [_thread_blocked, id=6948, stack(0x0000000029470000,0x0000000029570000)]
  0x00000000233e3800 JavaThread "jar transforms Thread 70" [_thread_blocked, id=20652, stack(0x0000000029370000,0x0000000029470000)]
  0x00000000233e6000 JavaThread "jar transforms Thread 69" [_thread_blocked, id=5380, stack(0x0000000029270000,0x0000000029370000)]
  0x00000000233e7800 JavaThread "jar transforms Thread 68" [_thread_blocked, id=15612, stack(0x0000000029170000,0x0000000029270000)]
  0x00000000233e3000 JavaThread "jar transforms Thread 67" [_thread_blocked, id=20452, stack(0x0000000029070000,0x0000000029170000)]
  0x00000000233e2000 JavaThread "jar transforms Thread 66" [_thread_blocked, id=15012, stack(0x0000000028f70000,0x0000000029070000)]
  0x00000000233e5000 JavaThread "jar transforms Thread 65" [_thread_blocked, id=5360, stack(0x0000000028e70000,0x0000000028f70000)]
  0x00000000233d9000 JavaThread "jar transforms Thread 64" [_thread_blocked, id=3692, stack(0x0000000028d70000,0x0000000028e70000)]
  0x00000000233d9800 JavaThread "jar transforms Thread 63" [_thread_blocked, id=14540, stack(0x0000000028c70000,0x0000000028d70000)]
  0x00000000233e0000 JavaThread "jar transforms Thread 62" [_thread_blocked, id=3108, stack(0x0000000028b70000,0x0000000028c70000)]
  0x00000000233df000 JavaThread "jar transforms Thread 61" [_thread_blocked, id=2536, stack(0x0000000028a70000,0x0000000028b70000)]
  0x00000000233de800 JavaThread "jar transforms Thread 60" [_thread_blocked, id=20224, stack(0x0000000028970000,0x0000000028a70000)]
  0x00000000233d8000 JavaThread "jar transforms Thread 59" [_thread_blocked, id=16168, stack(0x0000000028870000,0x0000000028970000)]
  0x00000000233dd800 JavaThread "jar transforms Thread 58" [_thread_blocked, id=4708, stack(0x0000000028770000,0x0000000028870000)]
  0x00000000233dd000 JavaThread "jar transforms Thread 57" [_thread_blocked, id=16144, stack(0x0000000028670000,0x0000000028770000)]
  0x00000000233dc000 JavaThread "jar transforms Thread 56" [_thread_blocked, id=13608, stack(0x0000000028570000,0x0000000028670000)]
  0x00000000233da800 JavaThread "jar transforms Thread 55" [_thread_blocked, id=10148, stack(0x0000000028470000,0x0000000028570000)]
  0x00000000233db000 JavaThread "jar transforms Thread 54" [_thread_blocked, id=18144, stack(0x0000000028370000,0x0000000028470000)]
  0x00000000223dd800 JavaThread "jar transforms Thread 53" [_thread_blocked, id=7804, stack(0x0000000028270000,0x0000000028370000)]
  0x00000000223dd000 JavaThread "jar transforms Thread 52" [_thread_blocked, id=21992, stack(0x0000000028170000,0x0000000028270000)]
  0x00000000223e4000 JavaThread "jar transforms Thread 51" [_thread_blocked, id=19004, stack(0x0000000028070000,0x0000000028170000)]
  0x00000000223df000 JavaThread "jar transforms Thread 50" [_thread_blocked, id=21304, stack(0x0000000027f70000,0x0000000028070000)]
  0x00000000223e3000 JavaThread "jar transforms Thread 49" [_thread_blocked, id=20632, stack(0x0000000027e70000,0x0000000027f70000)]
  0x00000000223de800 JavaThread "jar transforms Thread 48" [_thread_blocked, id=17664, stack(0x0000000027d70000,0x0000000027e70000)]
  0x00000000223e2000 JavaThread "jar transforms Thread 47" [_thread_blocked, id=14308, stack(0x0000000027c70000,0x0000000027d70000)]
  0x00000000223e0000 JavaThread "jar transforms Thread 46" [_thread_blocked, id=20868, stack(0x0000000027b70000,0x0000000027c70000)]
  0x00000000223e0800 JavaThread "jar transforms Thread 45" [_thread_blocked, id=5996, stack(0x0000000027a70000,0x0000000027b70000)]
  0x00000000223e1800 JavaThread "jar transforms Thread 44" [_thread_blocked, id=21356, stack(0x0000000027970000,0x0000000027a70000)]
  0x00000000223d5800 JavaThread "jar transforms Thread 43" [_thread_blocked, id=11564, stack(0x0000000027870000,0x0000000027970000)]
  0x00000000223dc000 JavaThread "jar transforms Thread 42" [_thread_blocked, id=3672, stack(0x0000000027770000,0x0000000027870000)]
  0x00000000223da000 JavaThread "jar transforms Thread 41" [_thread_blocked, id=13676, stack(0x0000000027670000,0x0000000027770000)]
  0x00000000223d9000 JavaThread "jar transforms Thread 40" [_thread_blocked, id=10020, stack(0x0000000027570000,0x0000000027670000)]
  0x00000000223db800 JavaThread "jar transforms Thread 39" [_thread_blocked, id=9268, stack(0x0000000027470000,0x0000000027570000)]
  0x00000000223d8800 JavaThread "jar transforms Thread 38" [_thread_blocked, id=12432, stack(0x0000000027370000,0x0000000027470000)]
  0x00000000223d7800 JavaThread "jar transforms Thread 37" [_thread_blocked, id=21952, stack(0x0000000027270000,0x0000000027370000)]
  0x00000000223da800 JavaThread "jar transforms Thread 36" [_thread_blocked, id=19184, stack(0x0000000027170000,0x0000000027270000)]
  0x00000000223d7000 JavaThread "jar transforms Thread 35" [_thread_blocked, id=2940, stack(0x0000000027070000,0x0000000027170000)]
  0x00000000223d4800 JavaThread "jar transforms Thread 34" [_thread_blocked, id=13404, stack(0x0000000026f70000,0x0000000027070000)]
  0x00000000223d6000 JavaThread "jar transforms Thread 33" [_thread_blocked, id=9172, stack(0x0000000026e70000,0x0000000026f70000)]
  0x000000001ce5e800 JavaThread "jar transforms Thread 32" [_thread_blocked, id=14176, stack(0x0000000026d70000,0x0000000026e70000)]
  0x000000001ce5d000 JavaThread "jar transforms Thread 31" [_thread_blocked, id=22144, stack(0x0000000026c70000,0x0000000026d70000)]
  0x000000001ce60000 JavaThread "jar transforms Thread 30" [_thread_blocked, id=14652, stack(0x0000000026b70000,0x0000000026c70000)]
  0x000000001ce5f800 JavaThread "jar transforms Thread 29" [_thread_blocked, id=5096, stack(0x0000000026a70000,0x0000000026b70000)]
  0x000000001ce5e000 JavaThread "jar transforms Thread 28" [_thread_blocked, id=7792, stack(0x0000000026970000,0x0000000026a70000)]
  0x000000001ce55800 JavaThread "jar transforms Thread 27" [_thread_blocked, id=20244, stack(0x0000000026870000,0x0000000026970000)]
  0x000000001ce5c800 JavaThread "jar transforms Thread 26" [_thread_blocked, id=17940, stack(0x0000000026770000,0x0000000026870000)]
  0x000000001ce5b800 JavaThread "jar transforms Thread 25" [_thread_blocked, id=20908, stack(0x0000000024e00000,0x0000000024f00000)]
  0x000000001ce54000 JavaThread "jar transforms Thread 24" [_thread_blocked, id=19828, stack(0x0000000026520000,0x0000000026620000)]
  0x000000001ce5a000 JavaThread "jar transforms Thread 23" [_thread_blocked, id=13648, stack(0x0000000026420000,0x0000000026520000)]
  0x000000001ce5b000 JavaThread "jar transforms Thread 22" [_thread_blocked, id=20592, stack(0x0000000026320000,0x0000000026420000)]
  0x000000001ce59800 JavaThread "jar transforms Thread 21" [_thread_blocked, id=20784, stack(0x0000000026220000,0x0000000026320000)]
  0x000000001ce52000 JavaThread "jar transforms Thread 20" [_thread_blocked, id=3976, stack(0x0000000026120000,0x0000000026220000)]
  0x000000001ce58800 JavaThread "jar transforms Thread 19" [_thread_blocked, id=5136, stack(0x0000000026020000,0x0000000026120000)]
  0x000000001ce51000 JavaThread "jar transforms Thread 18" [_thread_blocked, id=476, stack(0x0000000025f20000,0x0000000026020000)]
  0x000000001ce58000 JavaThread "jar transforms Thread 17" [_thread_blocked, id=12272, stack(0x0000000025e20000,0x0000000025f20000)]
  0x000000001ce57000 JavaThread "jar transforms Thread 16" [_thread_blocked, id=22036, stack(0x0000000025d20000,0x0000000025e20000)]
  0x000000001ce53800 JavaThread "jar transforms Thread 15" [_thread_blocked, id=22116, stack(0x0000000025c20000,0x0000000025d20000)]
  0x000000001ce52800 JavaThread "jar transforms Thread 14" [_thread_blocked, id=18168, stack(0x0000000025b20000,0x0000000025c20000)]
  0x000000001ce55000 JavaThread "jar transforms Thread 13" [_thread_blocked, id=10880, stack(0x0000000025a20000,0x0000000025b20000)]
  0x000000001ce56800 JavaThread "jar transforms Thread 12" [_thread_blocked, id=21108, stack(0x0000000025920000,0x0000000025a20000)]
  0x000000001cfaf000 JavaThread "jar transforms Thread 11" [_thread_blocked, id=20516, stack(0x0000000025820000,0x0000000025920000)]
  0x000000001cfac000 JavaThread "jar transforms Thread 10" [_thread_blocked, id=18428, stack(0x0000000025720000,0x0000000025820000)]
  0x000000001cfad800 JavaThread "jar transforms Thread 9" [_thread_blocked, id=16972, stack(0x0000000025620000,0x0000000025720000)]
  0x000000001cfaf800 JavaThread "jar transforms Thread 8" [_thread_blocked, id=19688, stack(0x0000000025520000,0x0000000025620000)]
  0x000000001cfab000 JavaThread "jar transforms Thread 7" [_thread_blocked, id=13300, stack(0x0000000025420000,0x0000000025520000)]
  0x000000001cfb0800 JavaThread "jar transforms Thread 6" [_thread_blocked, id=8528, stack(0x0000000025320000,0x0000000025420000)]
  0x000000001cfb1000 JavaThread "jar transforms Thread 5" [_thread_blocked, id=21000, stack(0x0000000025220000,0x0000000025320000)]
  0x000000001cfae000 JavaThread "jar transforms Thread 4" [_thread_blocked, id=8864, stack(0x0000000025120000,0x0000000025220000)]
  0x000000001cfac800 JavaThread "jar transforms Thread 3" [_thread_blocked, id=17456, stack(0x0000000025020000,0x0000000025120000)]
  0x000000001cfa3800 JavaThread "jar transforms Thread 2" [_thread_blocked, id=5232, stack(0x0000000024f20000,0x0000000025020000)]
  0x000000001cfaa800 JavaThread "Build operations Thread 8" [_thread_blocked, id=20444, stack(0x0000000024b20000,0x0000000024c20000)]
  0x000000001cfa3000 JavaThread "Build operations Thread 7" [_thread_blocked, id=20948, stack(0x0000000024a20000,0x0000000024b20000)]
  0x000000001cfa9800 JavaThread "Build operations Thread 6" [_thread_blocked, id=9012, stack(0x0000000024920000,0x0000000024a20000)]
  0x000000001cfa2000 JavaThread "Build operations Thread 5" [_thread_blocked, id=11368, stack(0x0000000024820000,0x0000000024920000)]
  0x000000001cfa4800 JavaThread "Build operations Thread 4" [_thread_blocked, id=540, stack(0x0000000024720000,0x0000000024820000)]
  0x000000001cfa9000 JavaThread "Build operations Thread 3" [_thread_blocked, id=21400, stack(0x0000000024620000,0x0000000024720000)]
  0x000000001cfa8000 JavaThread "Build operations Thread 2" [_thread_in_native, id=8388, stack(0x0000000024520000,0x0000000024620000)]
  0x000000001cfa7800 JavaThread "Build operations" [_thread_blocked, id=18588, stack(0x0000000024420000,0x0000000024520000)]
  0x000000001cbc8800 JavaThread "Cache worker for file content cache (C:\Users\Dave\.gradle\caches\6.5\fileContent)" [_thread_blocked, id=12456, stack(0x0000000022d50000,0x0000000022e50000)]
  0x000000001cbc7000 JavaThread "jar transforms" [_thread_blocked, id=22308, stack(0x0000000022c50000,0x0000000022d50000)]
  0x000000001cbc6800 JavaThread "Cache worker for execution history cache (C:\Users\Dave\.gradle\caches\6.5\executionHistory)" [_thread_blocked, id=13572, stack(0x0000000022550000,0x0000000022650000)]
  0x000000001cbc5800 JavaThread "Cache worker for cache directory md-rule (C:\Users\Dave\.gradle\caches\6.5\md-rule)" [_thread_blocked, id=8356, stack(0x0000000022450000,0x0000000022550000)]
  0x000000001cbca000 JavaThread "Cache worker for cache directory md-supplier (C:\Users\Dave\.gradle\caches\6.5\md-supplier)" [_thread_blocked, id=5356, stack(0x0000000021100000,0x0000000021200000)]
  0x000000001cbc5000 JavaThread "Cache worker for checksums cache (C:\Users\Dave\AndroidStudioProject\example source\FBTalk\.gradle\checksums)" [_thread_blocked, id=3948, stack(0x0000000021000000,0x0000000021100000)]
  0x000000001cbc9800 JavaThread "Cache worker for file hash cache (C:\Users\Dave\AndroidStudioProject\example source\FBTalk\.gradle\6.5\fileHashes)" [_thread_blocked, id=18360, stack(0x000000001eb30000,0x000000001ec30000)]
  0x000000001cbc3800 JavaThread "Cache worker for file hash cache (C:\Users\Dave\.gradle\caches\6.5\fileHashes)" [_thread_blocked, id=17704, stack(0x000000001ea30000,0x000000001eb30000)]
  0x000000001cbc4000 JavaThread "File lock request listener" [_thread_in_native, id=11540, stack(0x000000001e930000,0x000000001ea30000)]
  0x000000001c85a800 JavaThread "Cache worker for journal cache (C:\Users\Dave\.gradle\caches\journal-1)" [_thread_in_native, id=10908, stack(0x000000001e830000,0x000000001e930000)]
  0x000000001ba42800 JavaThread "Thread-9" [_thread_blocked, id=21696, stack(0x000000001e530000,0x000000001e630000)]
  0x000000001adf0000 JavaThread "Stdin handler" [_thread_blocked, id=16732, stack(0x000000001e430000,0x000000001e530000)]
  0x000000001b0a5800 JavaThread "Asynchronous log dispatcher for DefaultDaemonConnection: socket connection from /127.0.0.1:53977 to /127.0.0.1:53978" [_thread_blocked, id=19992, stack(0x000000001e330000,0x000000001e430000)]
  0x000000001c86c000 JavaThread "Daemon worker" [_thread_blocked, id=2668, stack(0x000000001e230000,0x000000001e330000)]
  0x000000001adf1000 JavaThread "Cancel handler" [_thread_blocked, id=21548, stack(0x000000001e030000,0x000000001e130000)]
  0x000000001c7ce000 JavaThread "Handler for socket connection from /127.0.0.1:53977 to /127.0.0.1:53978" [_thread_in_native, id=12580, stack(0x000000001df30000,0x000000001e030000)]
  0x000000001c7c5000 JavaThread "Daemon" [_thread_blocked, id=11568, stack(0x000000001de30000,0x000000001df30000)]
  0x000000001c818800 JavaThread "Daemon periodic checks" [_thread_blocked, id=21584, stack(0x000000001db30000,0x000000001dc30000)]
  0x000000001c77d800 JavaThread "Incoming local TCP Connector on port 53977" [_thread_in_native, id=22260, stack(0x000000001d950000,0x000000001da50000)]
  0x000000001adcb800 JavaThread "Daemon health stats" [_thread_blocked, id=10204, stack(0x000000001d650000,0x000000001d750000)]
  0x0000000019f42800 JavaThread "Service Thread" daemon [_thread_blocked, id=17580, stack(0x000000001aab0000,0x000000001abb0000)]
  0x0000000019ebe000 JavaThread "C1 CompilerThread3" daemon [_thread_blocked, id=20840, stack(0x000000001a9b0000,0x000000001aab0000)]
  0x000000001801c800 JavaThread "C2 CompilerThread2" daemon [_thread_in_native, id=20844, stack(0x000000001a8b0000,0x000000001a9b0000)]
=>0x0000000019e61800 JavaThread "C2 CompilerThread1" daemon [_thread_in_native, id=20780, stack(0x000000001a7b0000,0x000000001a8b0000)]
  0x0000000019e5b000 JavaThread "C2 CompilerThread0" daemon [_thread_in_native, id=21252, stack(0x000000001a6b0000,0x000000001a7b0000)]
  0x0000000019e5a800 JavaThread "Attach Listener" daemon [_thread_blocked, id=19988, stack(0x000000001a5b0000,0x000000001a6b0000)]
  0x0000000019e46800 JavaThread "Signal Dispatcher" daemon [_thread_blocked, id=12524, stack(0x000000001a4b0000,0x000000001a5b0000)]
  0x0000000002f9c800 JavaThread "Finalizer" daemon [_thread_blocked, id=1528, stack(0x000000001a320000,0x000000001a420000)]
  0x0000000019e40800 JavaThread "Reference Handler" daemon [_thread_blocked, id=14940, stack(0x000000001a220000,0x000000001a320000)]
  0x0000000002ea2800 JavaThread "main" [_thread_blocked, id=5864, stack(0x0000000002da0000,0x0000000002ea0000)]

Other Threads:
  0x0000000018008800 VMThread [stack: 0x0000000019d20000,0x0000000019e20000] [id=22024]
  0x0000000019f43800 WatcherThread [stack: 0x000000001abb0000,0x000000001acb0000] [id=9864]

VM state:not at safepoint (normal execution)

VM Mutex/Monitor currently owned by a thread: None

heap address: 0x0000000080000000, size: 2048 MB, Compressed Oops mode: 32-bit
Narrow klass base: 0x0000000000000000, Narrow klass shift: 3
Compressed class space size: 1073741824 Address: 0x0000000100000000

Heap:
 PSYoungGen      total 195584K, used 91059K [0x00000000d5580000, 0x00000000e5480000, 0x0000000100000000)
  eden space 171008K, 38% used [0x00000000d5580000,0x00000000d9672958,0x00000000dfc80000)
  from space 24576K, 99% used [0x00000000dfc80000,0x00000000e147a500,0x00000000e1480000)
  to   space 31232K, 0% used [0x00000000e3600000,0x00000000e3600000,0x00000000e5480000)
 ParOldGen       total 151040K, used 45538K [0x0000000080000000, 0x0000000089380000, 0x00000000d5580000)
  object space 151040K, 30% used [0x0000000080000000,0x0000000082c78998,0x0000000089380000)
 Metaspace       used 73185K, capacity 76754K, committed 77056K, reserved 1116160K
  class space    used 10010K, capacity 10662K, committed 10752K, reserved 1048576K

Card table byte_map: [0x0000000012360000,0x0000000012770000] byte_map_base: 0x0000000011f60000

Marking Bits: (ParMarkBitMap*) 0x00000000535af030
 Begin Bits: [0x0000000013220000, 0x0000000015220000)
 End Bits:   [0x0000000015220000, 0x0000000017220000)

Polling page: 0x0000000000c10000

CodeCache: size=245760Kb used=27280Kb max_used=27298Kb free=218479Kb
 bounds [0x0000000002fa0000, 0x0000000004a70000, 0x0000000011fa0000]
 total_blobs=9319 nmethods=8506 adapters=725
 compilation: enabled

Compilation events (10 events):
Event: 17.356 Thread 0x0000000019ebe000 nmethod 9607 0x0000000004a47c90 code [0x0000000004a47de0, 0x0000000004a47f70]
Event: 17.356 Thread 0x0000000019ebe000 9605       3       com.google.common.collect.Sets::newHashSet (8 bytes)
Event: 17.356 Thread 0x0000000019ebe000 nmethod 9605 0x0000000004a47410 code [0x0000000004a475a0, 0x0000000004a47a30]
Event: 17.357 Thread 0x0000000019ebe000 9610       3       com.android.tools.build.apkzlib.zip.ExtraField::size (64 bytes)
Event: 17.358 Thread 0x0000000019ebe000 nmethod 9610 0x0000000004a46750 code [0x0000000004a46940, 0x0000000004a47128]
Event: 17.358 Thread 0x0000000019ebe000 9614       3       com.android.tools.build.apkzlib.zip.FileUseMap::add (131 bytes)
Event: 17.361 Thread 0x0000000019ebe000 nmethod 9614 0x0000000004a49b50 code [0x0000000004a49f20, 0x0000000004a4bd08]
Event: 17.362 Thread 0x0000000019ebe000 9617       3       java.util.TreeMap::fixAfterDeletion (351 bytes)
Event: 17.364 Thread 0x0000000019e5b000 nmethod 9586 0x0000000004a50050 code [0x0000000004a501e0, 0x0000000004a50858]
Event: 17.364 Thread 0x0000000019e5b000 9618       4       com.android.tools.build.apkzlib.zip.FileUseMapEntry$$Lambda$746/1544604127::compare (12 bytes)

GC Heap History (10 events):
Event: 11.470 GC heap before
{Heap before GC invocations=14 (full 2):
 PSYoungGen      total 158208K, used 119542K [0x00000000d5580000, 0x00000000e0e00000, 0x0000000100000000)
  eden space 146432K, 73% used [0x00000000d5580000,0x00000000dbebe7e0,0x00000000de480000)
  from space 11776K, 99% used [0x00000000de480000,0x00000000defff300,0x00000000df000000)
  to   space 16896K, 0% used [0x00000000dfd80000,0x00000000dfd80000,0x00000000e0e00000)
 ParOldGen       total 92160K, used 25341K [0x0000000080000000, 0x0000000085a00000, 0x00000000d5580000)
  object space 92160K, 27% used [0x0000000080000000,0x00000000818bf720,0x0000000085a00000)
 Metaspace       used 56644K, capacity 58948K, committed 59028K, reserved 1099776K
  class space    used 7675K, capacity 8139K, committed 8192K, reserved 1048576K
Event: 11.488 GC heap after
Heap after GC invocations=14 (full 2):
 PSYoungGen      total 167424K, used 16866K [0x00000000d5580000, 0x00000000e2c00000, 0x0000000100000000)
  eden space 150528K, 0% used [0x00000000d5580000,0x00000000d5580000,0x00000000de880000)
  from space 16896K, 99% used [0x00000000dfd80000,0x00000000e0df8b20,0x00000000e0e00000)
  to   space 21504K, 0% used [0x00000000de880000,0x00000000de880000,0x00000000dfd80000)
 ParOldGen       total 92160K, used 31854K [0x0000000080000000, 0x0000000085a00000, 0x00000000d5580000)
  object space 92160K, 34% used [0x0000000080000000,0x0000000081f1bba8,0x0000000085a00000)
 Metaspace       used 56644K, capacity 58948K, committed 59028K, reserved 1099776K
  class space    used 7675K, capacity 8139K, committed 8192K, reserved 1048576K
}
Event: 11.488 GC heap before
{Heap before GC invocations=15 (full 3):
 PSYoungGen      total 167424K, used 16866K [0x00000000d5580000, 0x00000000e2c00000, 0x0000000100000000)
  eden space 150528K, 0% used [0x00000000d5580000,0x00000000d5580000,0x00000000de880000)
  from space 16896K, 99% used [0x00000000dfd80000,0x00000000e0df8b20,0x00000000e0e00000)
  to   space 21504K, 0% used [0x00000000de880000,0x00000000de880000,0x00000000dfd80000)
 ParOldGen       total 92160K, used 31854K [0x0000000080000000, 0x0000000085a00000, 0x00000000d5580000)
  object space 92160K, 34% used [0x0000000080000000,0x0000000081f1bba8,0x0000000085a00000)
 Metaspace       used 56644K, capacity 58948K, committed 59028K, reserved 1099776K
  class space    used 7675K, capacity 8139K, committed 8192K, reserved 1048576K
Event: 11.733 GC heap after
Heap after GC invocations=15 (full 3):
 PSYoungGen      total 167424K, used 0K [0x00000000d5580000, 0x00000000e2c00000, 0x0000000100000000)
  eden space 150528K, 0% used [0x00000000d5580000,0x00000000d5580000,0x00000000de880000)
  from space 16896K, 0% used [0x00000000dfd80000,0x00000000dfd80000,0x00000000e0e00000)
  to   space 21504K, 0% used [0x00000000de880000,0x00000000de880000,0x00000000dfd80000)
 ParOldGen       total 151040K, used 37239K [0x0000000080000000, 0x0000000089380000, 0x00000000d5580000)
  object space 151040K, 24% used [0x0000000080000000,0x000000008245dcd0,0x0000000089380000)
 Metaspace       used 56603K, capacity 58810K, committed 59028K, reserved 1099776K
  class space    used 7663K, capacity 8116K, committed 8192K, reserved 1048576K
}
Event: 13.486 GC heap before
{Heap before GC invocations=16 (full 3):
 PSYoungGen      total 167424K, used 150528K [0x00000000d5580000, 0x00000000e2c00000, 0x0000000100000000)
  eden space 150528K, 100% used [0x00000000d5580000,0x00000000de880000,0x00000000de880000)
  from space 16896K, 0% used [0x00000000dfd80000,0x00000000dfd80000,0x00000000e0e00000)
  to   space 21504K, 0% used [0x00000000de880000,0x00000000de880000,0x00000000dfd80000)
 ParOldGen       total 151040K, used 37239K [0x0000000080000000, 0x0000000089380000, 0x00000000d5580000)
  object space 151040K, 24% used [0x0000000080000000,0x000000008245dcd0,0x0000000089380000)
 Metaspace       used 64557K, capacity 67130K, committed 67328K, reserved 1107968K
  class space    used 8884K, capacity 9438K, committed 9472K, reserved 1048576K
Event: 13.505 GC heap after
Heap after GC invocations=16 (full 3):
 PSYoungGen      total 172032K, used 15029K [0x00000000d5580000, 0x00000000e2a00000, 0x0000000100000000)
  eden space 150528K, 0% used [0x00000000d5580000,0x00000000d5580000,0x00000000de880000)
  from space 21504K, 69% used [0x00000000de880000,0x00000000df72d560,0x00000000dfd80000)
  to   space 22016K, 0% used [0x00000000e1480000,0x00000000e1480000,0x00000000e2a00000)
 ParOldGen       total 151040K, used 37247K [0x0000000080000000, 0x0000000089380000, 0x00000000d5580000)
  object space 151040K, 24% used [0x0000000080000000,0x000000008245fcd0,0x0000000089380000)
 Metaspace       used 64557K, capacity 67130K, committed 67328K, reserved 1107968K
  class space    used 8884K, capacity 9438K, committed 9472K, reserved 1048576K
}
Event: 15.504 GC heap before
{Heap before GC invocations=17 (full 3):
 PSYoungGen      total 172032K, used 165557K [0x00000000d5580000, 0x00000000e2a00000, 0x0000000100000000)
  eden space 150528K, 100% used [0x00000000d5580000,0x00000000de880000,0x00000000de880000)
  from space 21504K, 69% used [0x00000000de880000,0x00000000df72d560,0x00000000dfd80000)
  to   space 22016K, 0% used [0x00000000e1480000,0x00000000e1480000,0x00000000e2a00000)
 ParOldGen       total 151040K, used 37247K [0x0000000080000000, 0x0000000089380000, 0x00000000d5580000)
  object space 151040K, 24% used [0x0000000080000000,0x000000008245fcd0,0x0000000089380000)
 Metaspace       used 67034K, capacity 70364K, committed 70528K, reserved 1110016K
  class space    used 9198K, capacity 9835K, committed 9856K, reserved 1048576K
Event: 15.527 GC heap after
Heap after GC invocations=17 (full 3):
 PSYoungGen      total 193024K, used 20252K [0x00000000d5580000, 0x00000000e2e80000, 0x0000000100000000)
  eden space 171008K, 0% used [0x00000000d5580000,0x00000000d5580000,0x00000000dfc80000)
  from space 22016K, 91% used [0x00000000e1480000,0x00000000e2847100,0x00000000e2a00000)
  to   space 24576K, 0% used [0x00000000dfc80000,0x00000000dfc80000,0x00000000e1480000)
 ParOldGen       total 151040K, used 37255K [0x0000000080000000, 0x0000000089380000, 0x00000000d5580000)
  object space 151040K, 24% used [0x0000000080000000,0x0000000082461cd0,0x0000000089380000)
 Metaspace       used 67034K, capacity 70364K, committed 70528K, reserved 1110016K
  class space    used 9198K, capacity 9835K, committed 9856K, reserved 1048576K
}
Event: 16.901 GC heap before
{Heap before GC invocations=18 (full 3):
 PSYoungGen      total 193024K, used 191260K [0x00000000d5580000, 0x00000000e2e80000, 0x0000000100000000)
  eden space 171008K, 100% used [0x00000000d5580000,0x00000000dfc80000,0x00000000dfc80000)
  from space 22016K, 91% used [0x00000000e1480000,0x00000000e2847100,0x00000000e2a00000)
  to   space 24576K, 0% used [0x00000000dfc80000,0x00000000dfc80000,0x00000000e1480000)
 ParOldGen       total 151040K, used 37255K [0x0000000080000000, 0x0000000089380000, 0x00000000d5580000)
  object space 151040K, 24% used [0x0000000080000000,0x0000000082461cd0,0x0000000089380000)
 Metaspace       used 72742K, capacity 76278K, committed 76416K, reserved 1116160K
  class space    used 9970K, capacity 10622K, committed 10624K, reserved 1048576K
Event: 16.928 GC heap after
Heap after GC invocations=18 (full 3):
 PSYoungGen      total 195584K, used 24553K [0x00000000d5580000, 0x00000000e5480000, 0x0000000100000000)
  eden space 171008K, 0% used [0x00000000d5580000,0x00000000d5580000,0x00000000dfc80000)
  from space 24576K, 99% used [0x00000000dfc80000,0x00000000e147a500,0x00000000e1480000)
  to   space 31232K, 0% used [0x00000000e3600000,0x00000000e3600000,0x00000000e5480000)
 ParOldGen       total 151040K, used 45538K [0x0000000080000000, 0x0000000089380000, 0x00000000d5580000)
  object space 151040K, 30% used [0x0000000080000000,0x0000000082c78998,0x0000000089380000)
 Metaspace       used 72742K, capacity 76278K, committed 76416K, reserved 1116160K
  class space    used 9970K, capacity 10622K, committed 10624K, reserved 1048576K
}

Deoptimization events (10 events):
Event: 17.006 Thread 0x0000000022242000 Uncommon trap: reason=class_check action=maybe_recompile pc=0x00000000034f88b0 method=java.util.zip.InflaterInputStream.read([BII)I @ 100
Event: 17.006 Thread 0x0000000022242000 Uncommon trap: reason=class_check action=maybe_recompile pc=0x00000000034f88b0 method=java.util.zip.InflaterInputStream.read([BII)I @ 100
Event: 17.006 Thread 0x0000000022242000 Uncommon trap: reason=class_check action=maybe_recompile pc=0x00000000034f88b0 method=java.util.zip.InflaterInputStream.read([BII)I @ 100
Event: 17.017 Thread 0x0000000022242000 Uncommon trap: reason=bimorphic action=maybe_recompile pc=0x00000000047fb910 method=java.util.Collections$UnmodifiableCollection.size()I @ 4
Event: 17.067 Thread 0x0000000022242000 Uncommon trap: reason=bimorphic action=maybe_recompile pc=0x00000000047fb910 method=java.util.Collections$UnmodifiableCollection.size()I @ 4
Event: 17.075 Thread 0x0000000022242000 Uncommon trap: reason=bimorphic action=maybe_recompile pc=0x00000000047fb910 method=java.util.Collections$UnmodifiableCollection.size()I @ 4
Event: 17.160 Thread 0x0000000022237800 Uncommon trap: reason=unstable_if action=reinterpret pc=0x00000000048cfff4 method=java.util.concurrent.ArrayBlockingQueue.enqueue(Ljava/lang/Object;)V @ 25
Event: 17.160 Thread 0x000000001cbc3800 Uncommon trap: reason=unstable_if action=reinterpret pc=0x000000000498ddc8 method=java.util.concurrent.ArrayBlockingQueue.dequeue()Ljava/lang/Object; @ 32
Event: 17.187 Thread 0x0000000022237800 Uncommon trap: reason=predicate action=maybe_recompile pc=0x00000000039d0f84 method=java.util.TimSort.binarySort([Ljava/lang/Object;IIILjava/util/Comparator;)V @ 37
Event: 17.350 Thread 0x0000000022237800 Uncommon trap: reason=class_check action=maybe_recompile pc=0x00000000044f5348 method=com.google.common.cache.LocalCache$Segment.get(Ljava/lang/Object;I)Ljava/lang/Object; @ 49

Classes redefined (0 events):
No events

Internal exceptions (10 events):
Event: 16.374 Thread 0x000000002223b000 Exception <a 'java/lang/NoSuchMethodError': java.lang.Object.lambda$static$0(Lorg/gradle/internal/snapshot/FileSystemSnapshotVisitor;)V> (0x00000000dc1d9d00) thrown at [C:\src\AOSP-openjdk-git\hotspot\src\share\vm\interpreter\linkResolver.cpp, line 620]
Event: 16.612 Thread 0x0000000022238000 Exception <a 'sun/nio/fs/WindowsException'> (0x00000000dda52468) thrown at [C:\src\AOSP-openjdk-git\hotspot\src\share\vm\prims\jni.cpp, line 710]
Event: 16.613 Thread 0x0000000022238000 Exception <a 'sun/nio/fs/WindowsException'> (0x00000000dda531a0) thrown at [C:\src\AOSP-openjdk-git\hotspot\src\share\vm\prims\jni.cpp, line 710]
Event: 16.668 Thread 0x0000000022238000 Exception <a 'java/lang/NoSuchMethodError': <clinit>> (0x00000000dddecd10) thrown at [C:\src\AOSP-openjdk-git\hotspot\src\share\vm\prims\jni.cpp, line 1615]
Event: 16.669 Thread 0x0000000022238000 Exception <a 'java/lang/NoSuchMethodError': <clinit>> (0x00000000dde02310) thrown at [C:\src\AOSP-openjdk-git\hotspot\src\share\vm\prims\jni.cpp, line 1615]
Event: 16.673 Thread 0x0000000022238000 Exception <a 'java/lang/NoSuchMethodError': <clinit>> (0x00000000dde40d90) thrown at [C:\src\AOSP-openjdk-git\hotspot\src\share\vm\prims\jni.cpp, line 1615]
Event: 16.674 Thread 0x0000000022238000 Exception <a 'java/lang/NoSuchMethodError': <clinit>> (0x00000000dde4cd98) thrown at [C:\src\AOSP-openjdk-git\hotspot\src\share\vm\prims\jni.cpp, line 1615]
Event: 16.711 Thread 0x0000000022242000 Exception <a 'sun/nio/fs/WindowsException'> (0x00000000de1978a8) thrown at [C:\src\AOSP-openjdk-git\hotspot\src\share\vm\prims\jni.cpp, line 710]
Event: 16.718 Thread 0x0000000022242000 Exception <a 'java/lang/NoSuchMethodError': java.lang.Object.lambda$asRunnable$0(Lcom/android/tools/build/apkzlib/utils/IOExceptionRunnable;)V> (0x00000000de2855d8) thrown at [C:\src\AOSP-openjdk-git\hotspot\src\share\vm\interpreter\linkResolver.cpp, line
Event: 16.811 Thread 0x0000000022242000 Exception <a 'java/lang/NoSuchMethodError': java.lang.Object.newSystemTemporaryDirectory()Lcom/android/tools/build/apkzlib/bytestorage/TemporaryDirectory;> (0x00000000ded97fd8) thrown at [C:\src\AOSP-openjdk-git\hotspot\src\share\vm\interpreter\linkResolv

Events (10 events):
Event: 17.190 loading class org/gradle/api/internal/artifacts/transform/DefaultExecutionGraphDependenciesResolver done
Event: 17.192 loading class org/gradle/api/internal/artifacts/transform/DefaultArtifactTransformDependencies
Event: 17.192 loading class org/gradle/api/internal/artifacts/transform/DefaultArtifactTransformDependencies done
Event: 17.193 Executing VM operation: Deoptimize
Event: 17.195 Executing VM operation: Deoptimize done
Event: 17.273 Thread 0x000000001cfa9000 DEOPT PACKING pc=0x0000000004142da4 sp=0x000000002471de30
Event: 17.273 Thread 0x000000001cfa9000 DEOPT UNPACKING pc=0x0000000002fe75d0 sp=0x000000002471dce8 mode 0
Event: 17.350 Thread 0x0000000022237800 Uncommon trap: trap_request=0xffffffde fr.pc=0x00000000044f5348
Event: 17.350 Thread 0x0000000022237800 DEOPT PACKING pc=0x00000000044f5348 sp=0x00000000305fc4d0
Event: 17.350 Thread 0x0000000022237800 DEOPT UNPACKING pc=0x0000000002fe557b sp=0x00000000305fc3d0 mode 2


Dynamic libraries:
0x00007ff793da0000 - 0x00007ff793dd1000 	C:\Program Files\Android\Android Studio\jre\bin\java.exe
0x00007ff8f6f10000 - 0x00007ff8f7106000 	C:\WINDOWS\SYSTEM32\ntdll.dll
0x00007ff8f64d0000 - 0x00007ff8f658d000 	C:\WINDOWS\System32\KERNEL32.DLL
0x00007ff8f4b40000 - 0x00007ff8f4e09000 	C:\WINDOWS\System32\KERNELBASE.dll
0x00007ff8f4f70000 - 0x00007ff8f501c000 	C:\WINDOWS\System32\ADVAPI32.dll
0x00007ff8f53f0000 - 0x00007ff8f548e000 	C:\WINDOWS\System32\msvcrt.dll
0x00007ff8f67f0000 - 0x00007ff8f688c000 	C:\WINDOWS\System32\sechost.dll
0x00007ff8f66c0000 - 0x00007ff8f67eb000 	C:\WINDOWS\System32\RPCRT4.dll
0x00007ff8f6c00000 - 0x00007ff8f6da0000 	C:\WINDOWS\System32\USER32.dll
0x00007ff8f4750000 - 0x00007ff8f4772000 	C:\WINDOWS\System32\win32u.dll
0x00007ff8f5490000 - 0x00007ff8f54ba000 	C:\WINDOWS\System32\GDI32.dll
0x00007ff8f48d0000 - 0x00007ff8f49db000 	C:\WINDOWS\System32\gdi32full.dll
0x00007ff8f4780000 - 0x00007ff8f481d000 	C:\WINDOWS\System32\msvcp_win.dll
0x00007ff8f4650000 - 0x00007ff8f4750000 	C:\WINDOWS\System32\ucrtbase.dll
0x00007ff8e7700000 - 0x00007ff8e799b000 	C:\WINDOWS\WinSxS\amd64_microsoft.windows.common-controls_6595b64144ccf1df_6.0.19041.746_none_ca02b4b61b8320a4\COMCTL32.dll
0x00007ff8f5020000 - 0x00007ff8f5050000 	C:\WINDOWS\System32\IMM32.DLL
0x0000000052c20000 - 0x0000000052cf2000 	C:\Program Files\Android\Android Studio\jre\jre\bin\msvcr100.dll
0x0000000052de0000 - 0x000000005362b000 	C:\Program Files\Android\Android Studio\jre\jre\bin\server\jvm.dll
0x00007ff8f6890000 - 0x00007ff8f6898000 	C:\WINDOWS\System32\PSAPI.DLL
0x00007ff8ee520000 - 0x00007ff8ee52a000 	C:\WINDOWS\SYSTEM32\VERSION.dll
0x00007ff8e7b50000 - 0x00007ff8e7b77000 	C:\WINDOWS\SYSTEM32\WINMM.dll
0x00007ff8e0a30000 - 0x00007ff8e0a39000 	C:\WINDOWS\SYSTEM32\WSOCK32.dll
0x00007ff8f6320000 - 0x00007ff8f638b000 	C:\WINDOWS\System32\WS2_32.dll
0x00007ff8f0190000 - 0x00007ff8f019f000 	C:\Program Files\Android\Android Studio\jre\jre\bin\verify.dll
0x00007ff8eeec0000 - 0x00007ff8eeee9000 	C:\Program Files\Android\Android Studio\jre\jre\bin\java.dll
0x00007ff8eeea0000 - 0x00007ff8eeeb6000 	C:\Program Files\Android\Android Studio\jre\jre\bin\zip.dll
0x00007ff8f5670000 - 0x00007ff8f5db2000 	C:\WINDOWS\System32\SHELL32.dll
0x00007ff8f23d0000 - 0x00007ff8f2b60000 	C:\WINDOWS\SYSTEM32\windows.storage.dll
0x00007ff8f68a0000 - 0x00007ff8f6bf6000 	C:\WINDOWS\System32\combase.dll
0x00007ff8f40b0000 - 0x00007ff8f40dc000 	C:\WINDOWS\SYSTEM32\Wldp.dll
0x00007ff8f6610000 - 0x00007ff8f66be000 	C:\WINDOWS\System32\SHCORE.dll
0x00007ff8f5050000 - 0x00007ff8f50a5000 	C:\WINDOWS\System32\shlwapi.dll
0x00007ff8f4580000 - 0x00007ff8f45a6000 	C:\WINDOWS\SYSTEM32\profapi.dll
0x00007ff8eee80000 - 0x00007ff8eee9a000 	C:\Program Files\Android\Android Studio\jre\jre\bin\net.dll
0x00007ff8f3e30000 - 0x00007ff8f3e9a000 	C:\WINDOWS\system32\mswsock.dll
0x00007ff8eee60000 - 0x00007ff8eee73000 	C:\Program Files\Android\Android Studio\jre\jre\bin\nio.dll
0x00007ff8eda00000 - 0x00007ff8eda27000 	C:\Users\Dave\.gradle\native\f6784746aeab05261644944871eae4fe03e0ef1612fff0a4a95f87b438bc6780\windows-amd64\native-platform.dll
0x00007ff8eee50000 - 0x00007ff8eee5d000 	C:\Program Files\Android\Android Studio\jre\jre\bin\management.dll
0x00007ff8f4000000 - 0x00007ff8f4018000 	C:\WINDOWS\SYSTEM32\CRYPTSP.dll
0x00007ff8f3760000 - 0x00007ff8f3794000 	C:\WINDOWS\system32\rsaenh.dll
0x00007ff8f4ab0000 - 0x00007ff8f4ad7000 	C:\WINDOWS\System32\bcrypt.dll
0x00007ff8f4540000 - 0x00007ff8f456e000 	C:\WINDOWS\SYSTEM32\USERENV.dll
0x00007ff8f4a30000 - 0x00007ff8f4ab0000 	C:\WINDOWS\System32\bcryptprimitives.dll
0x00007ff8f4020000 - 0x00007ff8f402c000 	C:\WINDOWS\SYSTEM32\CRYPTBASE.dll
0x00007ff8f3ad0000 - 0x00007ff8f3b0b000 	C:\WINDOWS\SYSTEM32\IPHLPAPI.DLL
0x00007ff8f50b0000 - 0x00007ff8f50b8000 	C:\WINDOWS\System32\NSI.dll
0x00007ff8ec6d0000 - 0x00007ff8ec6e7000 	C:\WINDOWS\SYSTEM32\dhcpcsvc6.DLL
0x00007ff8ed730000 - 0x00007ff8ed74d000 	C:\WINDOWS\SYSTEM32\dhcpcsvc.DLL
0x00007ff8f3b10000 - 0x00007ff8f3bdb000 	C:\WINDOWS\SYSTEM32\DNSAPI.dll
0x00007ff8ee1d0000 - 0x00007ff8ee1db000 	C:\WINDOWS\SYSTEM32\WINNSI.DLL

VM Arguments:
jvm_args: -Xmx2048m -Dfile.encoding=UTF-8 -Duser.country=KR -Duser.language=ko -Duser.variant 
java_command: org.gradle.launcher.daemon.bootstrap.GradleDaemon 6.5
java_class_path (initial): C:\Users\Dave\.gradle\wrapper\dists\gradle-6.5-bin\6nifqtx7604sqp1q6g8wikw7p\gradle-6.5\lib\gradle-launcher-6.5.jar
Launcher Type: SUN_STANDARD

Environment Variables:
JAVA_HOME=C:\Program Files\Java\jdk-12.0.2
PATH=C:\Program Files (x86)\Common Files\Oracle\Java\javapath;C:\Program Files (x86)\NAT Service;C:\Program Files (x86)\Intel\iCLS Client\;C:\Program Files\Intel\iCLS Client\;C:\Windows\system32;C:\Windows;C:\Windows\System32\Wbem;C:\Windows\System32\WindowsPowerShell\v1.0\;C:\Windows\System32\OpenSSH\;C:\Program Files (x86)\Intel\Intel(R) Management Engine Components\DAL;C:\Program Files\Intel\Intel(R) Management Engine Components\DAL;C:\Program Files (x86)\Intel\Intel(R) Management Engine Components\IPT;C:\Program Files\Intel\Intel(R) Management Engine Components\IPT;C:\Program Files (x86)\NVIDIA Corporation\PhysX\Common;C:\Program Files\Intel\WiFi\bin\;C:\Program Files\Common Files\Intel\WirelessCommon\;C:\Program Files (x86)\ePapyrus\PapyrusNtas;C:\Program Files (x86)\ePapyrus\PapyrusNtas\Addins;C:\APM_Setup\Server\Apache\bin;C:\APM_Setup\Server\MySQL5\bin;C:\APM_Setup\Server\PHP5;C:\Program Files\nodejs\;C:\Program Files\Git\cmd;C:\WINDOWS\system32;C:\WINDOWS;C:\WINDOWS\System32\Wbem;C:\WINDOWS\System32\WindowsPowerShell\v1.0\;C:\WINDOWS\System32\OpenSSH\;C:\Users\Dave\AppData\Local\Microsoft\WindowsApps;C:\Program Files\Intel\WiFi\bin\;C:\Program Files\Common Files\Intel\WirelessCommon\;C:\Program Files\Bandizip\;C:\Users\Dave\AppData\Local\atom\bin;C:\Users\Dave\AppData\Roaming\npm;%JAVA_HOME%;%ANDORID_HOME%;C:\Users\Dave\AppData\Local\Android\Sdk\platform-tools;;C:\Users\Dave\AppData\Local\Programs\Microsoft VS Code\bin;%USERPROFILE%\AppData\Local\Microsoft\WindowsApps;C:\Program Files (x86)\SoftForum\XecureHSM\;
USERNAME=Dave
OS=Windows_NT
PROCESSOR_IDENTIFIER=Intel64 Family 6 Model 142 Stepping 10, GenuineIntel



---------------  S Y S T E M  ---------------

OS: Windows 10.0 , 64 bit Build 19041 (10.0.19041.804)

CPU:total 8 (initial active 8) (4 cores per cpu, 2 threads per core) family 6 model 142 stepping 10, cmov, cx8, fxsr, mmx, sse, sse2, sse3, ssse3, sse4.1, sse4.2, popcnt, avx, avx2, aes, clmul, erms, 3dnowpref, lzcnt, ht, tsc, tscinvbit, bmi1, bmi2, adx

Memory: 4k page, physical 8295652k(1008580k free), swap 10249444k(18388k free)

vm_info: OpenJDK 64-Bit Server VM (25.242-b01) for windows-amd64 JRE (1.8.0_242-release-1644-b01), built by "builder" with MS VC++ 10.0 (VS2010)

time: Fri Mar 12 11:57:53 2021
timezone: 대한민국 표준시
elapsed time: 17 seconds (0d 0h 0m 17s)

