#
# There is insufficient memory for the Java Runtime Environment to continue.
# Native memory allocation (malloc) failed to allocate 56816 bytes for Chunk::new
# Possible reasons:
#   The system is out of physical RAM or swap space
#   The process is running with CompressedOops enabled, and the Java Heap may be blocking the growth of the native heap
# Possible solutions:
#   Reduce memory load on the system
#   Increase physical memory or swap space
#   Check if swap backing store is full
#   Decrease Java heap size (-Xmx/-Xms)
#   Decrease number of Java threads
#   Decrease Java thread stack sizes (-Xss)
#   Set larger code cache with -XX:ReservedCodeCacheSize=
#   JVM is running with Unscaled Compressed Oops mode in which the Java heap is
#     placed in the first 4GB address space. The Java Heap base address is the
#     maximum limit for the native heap growth. Please use -XX:HeapBaseMinAddress
#     to set the Java Heap base and to place the Java Heap above 4GB virtual address.
# This output file may be truncated or incomplete.
#
#  Out of Memory Error (allocation.cpp:389), pid=13848, tid=0x00000000000035b0
#
# JRE version: OpenJDK Runtime Environment (8.0_242-b01) (build 1.8.0_242-release-1644-b01)
# Java VM: OpenJDK 64-Bit Server VM (25.242-b01 mixed mode windows-amd64 compressed oops)
# Failed to write core dump. Minidumps are not enabled by default on client versions of Windows
#

---------------  T H R E A D  ---------------

Current thread (0x0000000019ec4800):  JavaThread "C2 CompilerThread2" daemon [_thread_in_native, id=13744, stack(0x000000001a8c0000,0x000000001a9c0000)]

Stack: [0x000000001a8c0000,0x000000001a9c0000]
[error occurred during error reporting (printing stack bounds), id 0xc0000005]

Native frames: (J=compiled Java code, j=interpreted, Vv=VM code, C=native code)


Current CompileTask:
C2:   3197 3028       4       org.jetbrains.kotlin.protobuf.FieldSet::isInitialized (83 bytes)


---------------  P R O C E S S  ---------------

Java Threads: ( => current thread )
  0x0000000019f58800 JavaThread "Service Thread" daemon [_thread_blocked, id=10396, stack(0x000000001aac0000,0x000000001abc0000)]
  0x0000000019ecc000 JavaThread "C1 CompilerThread3" daemon [_thread_in_vm, id=21264, stack(0x000000001a9c0000,0x000000001aac0000)]
=>0x0000000019ec4800 JavaThread "C2 CompilerThread2" daemon [_thread_in_native, id=13744, stack(0x000000001a8c0000,0x000000001a9c0000)]
  0x0000000019ec1000 JavaThread "C2 CompilerThread1" daemon [_thread_in_native, id=14248, stack(0x000000001a7c0000,0x000000001a8c0000)]
  0x0000000019ebd000 JavaThread "C2 CompilerThread0" daemon [_thread_in_native, id=14324, stack(0x000000001a6c0000,0x000000001a7c0000)]
  0x0000000019e68800 JavaThread "Attach Listener" daemon [_thread_blocked, id=12412, stack(0x000000001a5c0000,0x000000001a6c0000)]
  0x0000000019e67800 JavaThread "Signal Dispatcher" daemon [_thread_blocked, id=22320, stack(0x000000001a4c0000,0x000000001a5c0000)]
  0x00000000030b9800 JavaThread "Finalizer" daemon [_thread_blocked, id=3668, stack(0x000000001a330000,0x000000001a430000)]
  0x000000001806c800 JavaThread "Reference Handler" daemon [_thread_blocked, id=22088, stack(0x000000001a230000,0x000000001a330000)]
  0x0000000002fc2800 JavaThread "main" [_thread_in_vm, id=13480, stack(0x0000000002ec0000,0x0000000002fc0000)]

Other Threads:
  0x0000000018068000 VMThread [stack: 0x0000000019d30000,0x0000000019e30000] [id=17356]
  0x0000000019ee0000 WatcherThread [stack: 0x000000001abc0000,0x000000001acc0000] [id=14456]

VM state:not at safepoint (normal execution)

VM Mutex/Monitor currently owned by a thread: None

heap address: 0x0000000081600000, size: 2026 MB, Compressed Oops mode: 32-bit
Narrow klass base: 0x0000000000000000, Narrow klass shift: 3
Compressed class space size: 1073741824 Address: 0x0000000100000000

Heap:
 PSYoungGen      total 90624K, used 38419K [0x00000000d5d00000, 0x00000000de380000, 0x0000000100000000)
  eden space 70656K, 54% used [0x00000000d5d00000,0x00000000d8284ed0,0x00000000da200000)
  from space 19968K, 0% used [0x00000000db500000,0x00000000db500000,0x00000000dc880000)
  to   space 19456K, 0% used [0x00000000da200000,0x00000000da200000,0x00000000db500000)
 ParOldGen       total 118784K, used 23641K [0x0000000081600000, 0x0000000088a00000, 0x00000000d5d00000)
  object space 118784K, 19% used [0x0000000081600000,0x0000000082d16450,0x0000000088a00000)
 Metaspace       used 38911K, capacity 39613K, committed 39936K, reserved 1083392K
  class space    used 4885K, capacity 5056K, committed 5120K, reserved 1048576K

Card table byte_map: [0x0000000012480000,0x0000000012880000] byte_map_base: 0x0000000012075000

Marking Bits: (ParMarkBitMap*) 0x00000000535af030
 Begin Bits: [0x0000000013330000, 0x00000000152d8000)
 End Bits:   [0x00000000152d8000, 0x0000000017280000)

Polling page: 0x0000000001300000

CodeCache: size=245760Kb used=9798Kb max_used=9798Kb free=235961Kb
 bounds [0x00000000030c0000, 0x0000000003a60000, 0x00000000120c0000]
 total_blobs=3536 nmethods=3055 adapters=394
 compilation: enabled

Compilation events (10 events):
Event: 3.193 Thread 0x0000000019ecc000 nmethod 3040 0x0000000003a459d0 code [0x0000000003a45ba0, 0x0000000003a46238]
Event: 3.193 Thread 0x0000000019ecc000 3041       3       org.jetbrains.kotlin.protobuf.GeneratedMessageLite$Builder::setUnknownFields (7 bytes)
Event: 3.193 Thread 0x0000000019ecc000 nmethod 3041 0x0000000003a4e7d0 code [0x0000000003a4e920, 0x0000000003a4ea90]
Event: 3.193 Thread 0x0000000019ecc000 3032       1       org.jetbrains.kotlin.metadata.ProtoBuf$Type$Argument::getType (5 bytes)
Event: 3.193 Thread 0x0000000019ecc000 nmethod 3032 0x0000000003a1f4d0 code [0x0000000003a1f620, 0x0000000003a1f730]
Event: 3.193 Thread 0x0000000019ecc000 3039       1       org.jetbrains.kotlin.metadata.jvm.JvmProtoBuf$JvmMethodSignature::access$2300 (5 bytes)
Event: 3.193 Thread 0x0000000019ecc000 nmethod 3039 0x0000000003a4eb10 code [0x0000000003a4ec60, 0x0000000003a4ed50]
Event: 3.193 Thread 0x0000000019ecc000 3033       3       org.jetbrains.kotlin.metadata.jvm.JvmProtoBuf$StringTableTypes$Record::initFields (39 bytes)
Event: 3.193 Thread 0x0000000019ecc000 nmethod 3033 0x0000000003a4edd0 code [0x0000000003a4ef40, 0x0000000003a4f1d0]
Event: 3.193 Thread 0x0000000019ecc000 3046 %     3       org.jetbrains.kotlin.metadata.jvm.deserialization.UtfEncodingKt::stringsToBytes @ 122 (205 bytes)

GC Heap History (10 events):
Event: 1.187 GC heap before
{Heap before GC invocations=4 (full 1):
 PSYoungGen      total 38400K, used 5098K [0x00000000d5d00000, 0x00000000da800000, 0x0000000100000000)
  eden space 33280K, 0% used [0x00000000d5d00000,0x00000000d5d00000,0x00000000d7d80000)
  from space 5120K, 99% used [0x00000000d7d80000,0x00000000d827a850,0x00000000d8280000)
  to   space 5120K, 0% used [0x00000000da300000,0x00000000da300000,0x00000000da800000)
 ParOldGen       total 87552K, used 17889K [0x0000000081600000, 0x0000000086b80000, 0x00000000d5d00000)
  object space 87552K, 20% used [0x0000000081600000,0x0000000082778740,0x0000000086b80000)
 Metaspace       used 20640K, capacity 21110K, committed 21248K, reserved 1069056K
  class space    used 2360K, capacity 2509K, committed 2560K, reserved 1048576K
Event: 1.218 GC heap after
Heap after GC invocations=4 (full 1):
 PSYoungGen      total 38400K, used 0K [0x00000000d5d00000, 0x00000000da800000, 0x0000000100000000)
  eden space 33280K, 0% used [0x00000000d5d00000,0x00000000d5d00000,0x00000000d7d80000)
  from space 5120K, 0% used [0x00000000d7d80000,0x00000000d7d80000,0x00000000d8280000)
  to   space 5120K, 0% used [0x00000000da300000,0x00000000da300000,0x00000000da800000)
 ParOldGen       total 77824K, used 15013K [0x0000000081600000, 0x0000000086200000, 0x00000000d5d00000)
  object space 77824K, 19% used [0x0000000081600000,0x00000000824a9520,0x0000000086200000)
 Metaspace       used 20640K, capacity 21110K, committed 21248K, reserved 1069056K
  class space    used 2360K, capacity 2509K, committed 2560K, reserved 1048576K
}
Event: 1.863 GC heap before
{Heap before GC invocations=5 (full 1):
 PSYoungGen      total 38400K, used 33280K [0x00000000d5d00000, 0x00000000da800000, 0x0000000100000000)
  eden space 33280K, 100% used [0x00000000d5d00000,0x00000000d7d80000,0x00000000d7d80000)
  from space 5120K, 0% used [0x00000000d7d80000,0x00000000d7d80000,0x00000000d8280000)
  to   space 5120K, 0% used [0x00000000da300000,0x00000000da300000,0x00000000da800000)
 ParOldGen       total 77824K, used 15013K [0x0000000081600000, 0x0000000086200000, 0x00000000d5d00000)
  object space 77824K, 19% used [0x0000000081600000,0x00000000824a9520,0x0000000086200000)
 Metaspace       used 24750K, capacity 25312K, committed 25472K, reserved 1071104K
  class space    used 3190K, capacity 3350K, committed 3456K, reserved 1048576K
Event: 1.874 GC heap after
Heap after GC invocations=5 (full 1):
 PSYoungGen      total 53248K, used 5118K [0x00000000d5d00000, 0x00000000da800000, 0x0000000100000000)
  eden space 48128K, 0% used [0x00000000d5d00000,0x00000000d5d00000,0x00000000d8c00000)
  from space 5120K, 99% used [0x00000000da300000,0x00000000da7ff918,0x00000000da800000)
  to   space 5120K, 0% used [0x00000000d9e00000,0x00000000d9e00000,0x00000000da300000)
 ParOldGen       total 77824K, used 17723K [0x0000000081600000, 0x0000000086200000, 0x00000000d5d00000)
  object space 77824K, 22% used [0x0000000081600000,0x000000008274ef98,0x0000000086200000)
 Metaspace       used 24750K, capacity 25312K, committed 25472K, reserved 1071104K
  class space    used 3190K, capacity 3350K, committed 3456K, reserved 1048576K
}
Event: 2.527 GC heap before
{Heap before GC invocations=6 (full 1):
 PSYoungGen      total 53248K, used 53246K [0x00000000d5d00000, 0x00000000da800000, 0x0000000100000000)
  eden space 48128K, 100% used [0x00000000d5d00000,0x00000000d8c00000,0x00000000d8c00000)
  from space 5120K, 99% used [0x00000000da300000,0x00000000da7ff918,0x00000000da800000)
  to   space 5120K, 0% used [0x00000000d9e00000,0x00000000d9e00000,0x00000000da300000)
 ParOldGen       total 77824K, used 17723K [0x0000000081600000, 0x0000000086200000, 0x00000000d5d00000)
  object space 77824K, 22% used [0x0000000081600000,0x000000008274ef98,0x0000000086200000)
 Metaspace       used 32731K, capacity 33256K, committed 33536K, reserved 1079296K
  class space    used 4173K, capacity 4350K, committed 4352K, reserved 1048576K
Event: 2.542 GC heap after
Heap after GC invocations=6 (full 1):
 PSYoungGen      total 71680K, used 5111K [0x00000000d5d00000, 0x00000000dc880000, 0x0000000100000000)
  eden space 66560K, 0% used [0x00000000d5d00000,0x00000000d5d00000,0x00000000d9e00000)
  from space 5120K, 99% used [0x00000000d9e00000,0x00000000da2fdc80,0x00000000da300000)
  to   space 19968K, 0% used [0x00000000db500000,0x00000000db500000,0x00000000dc880000)
 ParOldGen       total 77824K, used 29961K [0x0000000081600000, 0x0000000086200000, 0x00000000d5d00000)
  object space 77824K, 38% used [0x0000000081600000,0x0000000083342778,0x0000000086200000)
 Metaspace       used 32731K, capacity 33256K, committed 33536K, reserved 1079296K
  class space    used 4173K, capacity 4350K, committed 4352K, reserved 1048576K
}
Event: 2.706 GC heap before
{Heap before GC invocations=7 (full 1):
 PSYoungGen      total 71680K, used 18296K [0x00000000d5d00000, 0x00000000dc880000, 0x0000000100000000)
  eden space 66560K, 19% used [0x00000000d5d00000,0x00000000d69e0678,0x00000000d9e00000)
  from space 5120K, 99% used [0x00000000d9e00000,0x00000000da2fdc80,0x00000000da300000)
  to   space 19968K, 0% used [0x00000000db500000,0x00000000db500000,0x00000000dc880000)
 ParOldGen       total 77824K, used 29961K [0x0000000081600000, 0x0000000086200000, 0x00000000d5d00000)
  object space 77824K, 38% used [0x0000000081600000,0x0000000083342778,0x0000000086200000)
 Metaspace       used 34554K, capacity 35135K, committed 35416K, reserved 1081344K
  class space    used 4371K, capacity 4544K, committed 4608K, reserved 1048576K
Event: 2.711 GC heap after
Heap after GC invocations=7 (full 1):
 PSYoungGen      total 90624K, used 7989K [0x00000000d5d00000, 0x00000000de380000, 0x0000000100000000)
  eden space 70656K, 0% used [0x00000000d5d00000,0x00000000d5d00000,0x00000000da200000)
  from space 19968K, 40% used [0x00000000db500000,0x00000000dbccd5a8,0x00000000dc880000)
  to   space 19456K, 0% used [0x00000000da200000,0x00000000da200000,0x00000000db500000)
 ParOldGen       total 77824K, used 29969K [0x0000000081600000, 0x0000000086200000, 0x00000000d5d00000)
  object space 77824K, 38% used [0x0000000081600000,0x0000000083344778,0x0000000086200000)
 Metaspace       used 34554K, capacity 35135K, committed 35416K, reserved 1081344K
  class space    used 4371K, capacity 4544K, committed 4608K, reserved 1048576K
}
Event: 2.711 GC heap before
{Heap before GC invocations=8 (full 2):
 PSYoungGen      total 90624K, used 7989K [0x00000000d5d00000, 0x00000000de380000, 0x0000000100000000)
  eden space 70656K, 0% used [0x00000000d5d00000,0x00000000d5d00000,0x00000000da200000)
  from space 19968K, 40% used [0x00000000db500000,0x00000000dbccd5a8,0x00000000dc880000)
  to   space 19456K, 0% used [0x00000000da200000,0x00000000da200000,0x00000000db500000)
 ParOldGen       total 77824K, used 29969K [0x0000000081600000, 0x0000000086200000, 0x00000000d5d00000)
  object space 77824K, 38% used [0x0000000081600000,0x0000000083344778,0x0000000086200000)
 Metaspace       used 34554K, capacity 35135K, committed 35416K, reserved 1081344K
  class space    used 4371K, capacity 4544K, committed 4608K, reserved 1048576K
Event: 2.757 GC heap after
Heap after GC invocations=8 (full 2):
 PSYoungGen      total 90624K, used 0K [0x00000000d5d00000, 0x00000000de380000, 0x0000000100000000)
  eden space 70656K, 0% used [0x00000000d5d00000,0x00000000d5d00000,0x00000000da200000)
  from space 19968K, 0% used [0x00000000db500000,0x00000000db500000,0x00000000dc880000)
  to   space 19456K, 0% used [0x00000000da200000,0x00000000da200000,0x00000000db500000)
 ParOldGen       total 118784K, used 23641K [0x0000000081600000, 0x0000000088a00000, 0x00000000d5d00000)
  object space 118784K, 19% used [0x0000000081600000,0x0000000082d16450,0x0000000088a00000)
 Metaspace       used 34554K, capacity 35135K, committed 35416K, reserved 1081344K
  class space    used 4371K, capacity 4544K, committed 4608K, reserved 1048576K
}

Deoptimization events (10 events):
Event: 2.858 Thread 0x0000000002fc2800 Uncommon trap: reason=unstable_if action=reinterpret pc=0x000000000382e46c method=org.jetbrains.kotlin.com.intellij.util.text.ImmutableText.charAt(I)C @ 6
Event: 3.030 Thread 0x0000000002fc2800 Uncommon trap: reason=unstable_if action=reinterpret pc=0x00000000038db820 method=java.text.StringCharacterIterator.current()C @ 19
Event: 3.083 Thread 0x0000000002fc2800 Uncommon trap: reason=bimorphic action=maybe_recompile pc=0x00000000037dc0c8 method=org.jetbrains.kotlin.protobuf.CodedInputStream.tryRefillBuffer(I)Z @ 177
Event: 3.084 Thread 0x0000000002fc2800 Uncommon trap: reason=bimorphic action=maybe_recompile pc=0x00000000037d7e68 method=org.jetbrains.kotlin.protobuf.CodedInputStream.tryRefillBuffer(I)Z @ 177
Event: 3.086 Thread 0x0000000002fc2800 Uncommon trap: reason=bimorphic action=maybe_recompile pc=0x00000000037d7e68 method=org.jetbrains.kotlin.protobuf.CodedInputStream.tryRefillBuffer(I)Z @ 177
Event: 3.088 Thread 0x0000000002fc2800 Uncommon trap: reason=bimorphic action=maybe_recompile pc=0x00000000037d7e68 method=org.jetbrains.kotlin.protobuf.CodedInputStream.tryRefillBuffer(I)Z @ 177
Event: 3.088 Thread 0x0000000002fc2800 Uncommon trap: reason=bimorphic action=maybe_recompile pc=0x00000000037dc0c8 method=org.jetbrains.kotlin.protobuf.CodedInputStream.tryRefillBuffer(I)Z @ 177
Event: 3.095 Thread 0x0000000002fc2800 Uncommon trap: reason=unstable_if action=reinterpret pc=0x0000000003956af4 method=org.jetbrains.org.objectweb.asm.ClassReader.readUtf(II[C)Ljava/lang/String; @ 41
Event: 3.097 Thread 0x0000000002fc2800 Uncommon trap: reason=unstable_if action=reinterpret pc=0x000000000393a2e0 method=org.jetbrains.org.objectweb.asm.ClassReader.readUtf(II[C)Ljava/lang/String; @ 41
Event: 3.098 Thread 0x0000000002fc2800 Uncommon trap: reason=unstable_if action=reinterpret pc=0x0000000003902560 method=org.jetbrains.org.objectweb.asm.ClassReader.readUtf(II[C)Ljava/lang/String; @ 41

Classes redefined (0 events):
No events

Internal exceptions (10 events):
Event: 1.299 Thread 0x0000000002fc2800 Exception <a 'java/lang/NoSuchMethodError': java.lang.Object.lambda$static$0(I)[Lorg/jetbrains/kotlin/com/intellij/psi/PsiElement;> (0x00000000d62f1af0) thrown at [C:\src\AOSP-openjdk-git\hotspot\src\share\vm\interpreter\linkResolver.cpp, line 620]
Event: 1.970 Thread 0x0000000002fc2800 Implicit null exception at 0x00000000034d4c14 to 0x00000000034d4e5d
Event: 1.971 Thread 0x0000000002fc2800 Implicit null exception at 0x00000000034cc1bb to 0x00000000034cc78d
Event: 1.972 Thread 0x0000000002fc2800 Implicit null exception at 0x000000000339282f to 0x0000000003392899
Event: 2.283 Thread 0x0000000002fc2800 Exception <a 'java/lang/ArrayIndexOutOfBoundsException': 126> (0x00000000d78633f0) thrown at [C:\src\AOSP-openjdk-git\hotspot\src\share\vm\interpreter\interpreterRuntime.cpp, line 368]
Event: 2.283 Thread 0x0000000002fc2800 Exception <a 'java/lang/ArrayIndexOutOfBoundsException': 86> (0x00000000d7864878) thrown at [C:\src\AOSP-openjdk-git\hotspot\src\share\vm\interpreter\interpreterRuntime.cpp, line 368]
Event: 2.837 Thread 0x0000000002fc2800 Exception <a 'java/lang/NoSuchMethodError': java.lang.Object.lambda$static$0(I)[Lorg/jetbrains/kotlin/psi/KtExpression;> (0x00000000d60ce490) thrown at [C:\src\AOSP-openjdk-git\hotspot\src\share\vm\interpreter\linkResolver.cpp, line 620]
Event: 2.858 Thread 0x0000000002fc2800 Implicit null exception at 0x000000000382e390 to 0x000000000382e455
Event: 2.899 Thread 0x0000000002fc2800 Exception <a 'java/lang/NoSuchMethodError': java.lang.Object.lambda$static$0(I)[Lorg/jetbrains/kotlin/psi/KtDeclaration;> (0x00000000d6413718) thrown at [C:\src\AOSP-openjdk-git\hotspot\src\share\vm\interpreter\linkResolver.cpp, line 620]
Event: 2.921 Thread 0x0000000002fc2800 Exception <a 'java/lang/NoSuchMethodError': java.lang.Object.lambda$static$0(I)[Lorg/jetbrains/kotlin/psi/KtTypeElement;> (0x00000000d6599a58) thrown at [C:\src\AOSP-openjdk-git\hotspot\src\share\vm\interpreter\linkResolver.cpp, line 620]

Events (10 events):
Event: 3.170 Thread 0x0000000002fc2800 DEOPT PACKING pc=0x000000000396843d sp=0x0000000002fb8310
Event: 3.170 Thread 0x0000000002fc2800 DEOPT UNPACKING pc=0x00000000031075d0 sp=0x0000000002fb8008 mode 0
Event: 3.170 Thread 0x0000000002fc2800 DEOPT PACKING pc=0x000000000396843d sp=0x0000000002fb8310
Event: 3.170 Thread 0x0000000002fc2800 DEOPT UNPACKING pc=0x00000000031075d0 sp=0x0000000002fb8008 mode 0
Event: 3.170 Thread 0x0000000002fc2800 DEOPT PACKING pc=0x000000000396843d sp=0x0000000002fb8310
Event: 3.170 Thread 0x0000000002fc2800 DEOPT UNPACKING pc=0x00000000031075d0 sp=0x0000000002fb8008 mode 0
Event: 3.170 Thread 0x0000000002fc2800 DEOPT PACKING pc=0x000000000396843d sp=0x0000000002fb8310
Event: 3.170 Thread 0x0000000002fc2800 DEOPT UNPACKING pc=0x00000000031075d0 sp=0x0000000002fb8008 mode 0
Event: 3.174 Thread 0x0000000002fc2800 DEOPT PACKING pc=0x000000000396843d sp=0x0000000002fb8070
Event: 3.174 Thread 0x0000000002fc2800 DEOPT UNPACKING pc=0x00000000031075d0 sp=0x0000000002fb7d68 mode 0


Dynamic libraries:
0x00007ff72b400000 - 0x00007ff72b431000 	C:\Program Files\Android\Android Studio\jre\jre\bin\java.exe
0x00007ff8f6f10000 - 0x00007ff8f7106000 	C:\WINDOWS\SYSTEM32\ntdll.dll
0x00007ff8f64d0000 - 0x00007ff8f658d000 	C:\WINDOWS\System32\KERNEL32.DLL
0x00007ff8f4b40000 - 0x00007ff8f4e09000 	C:\WINDOWS\System32\KERNELBASE.dll
0x00007ff8f4f70000 - 0x00007ff8f501c000 	C:\WINDOWS\System32\ADVAPI32.dll
0x00007ff8f53f0000 - 0x00007ff8f548e000 	C:\WINDOWS\System32\msvcrt.dll
0x00007ff8f67f0000 - 0x00007ff8f688c000 	C:\WINDOWS\System32\sechost.dll
0x00007ff8f66c0000 - 0x00007ff8f67eb000 	C:\WINDOWS\System32\RPCRT4.dll
0x00007ff8f6c00000 - 0x00007ff8f6da0000 	C:\WINDOWS\System32\USER32.dll
0x00007ff8f4750000 - 0x00007ff8f4772000 	C:\WINDOWS\System32\win32u.dll
0x00007ff8f5490000 - 0x00007ff8f54ba000 	C:\WINDOWS\System32\GDI32.dll
0x00007ff8f48d0000 - 0x00007ff8f49db000 	C:\WINDOWS\System32\gdi32full.dll
0x00007ff8f4780000 - 0x00007ff8f481d000 	C:\WINDOWS\System32\msvcp_win.dll
0x00007ff8f4650000 - 0x00007ff8f4750000 	C:\WINDOWS\System32\ucrtbase.dll
0x00007ff8e7700000 - 0x00007ff8e799b000 	C:\WINDOWS\WinSxS\amd64_microsoft.windows.common-controls_6595b64144ccf1df_6.0.19041.746_none_ca02b4b61b8320a4\COMCTL32.dll
0x00007ff8f5020000 - 0x00007ff8f5050000 	C:\WINDOWS\System32\IMM32.DLL
0x0000000052c20000 - 0x0000000052cf2000 	C:\Program Files\Android\Android Studio\jre\jre\bin\msvcr100.dll
0x0000000052de0000 - 0x000000005362b000 	C:\Program Files\Android\Android Studio\jre\jre\bin\server\jvm.dll
0x00007ff8f6890000 - 0x00007ff8f6898000 	C:\WINDOWS\System32\PSAPI.DLL
0x00007ff8e0a30000 - 0x00007ff8e0a39000 	C:\WINDOWS\SYSTEM32\WSOCK32.dll
0x00007ff8f6320000 - 0x00007ff8f638b000 	C:\WINDOWS\System32\WS2_32.dll
0x00007ff8e7b50000 - 0x00007ff8e7b77000 	C:\WINDOWS\SYSTEM32\WINMM.dll
0x00007ff8ee520000 - 0x00007ff8ee52a000 	C:\WINDOWS\SYSTEM32\VERSION.dll
0x00007ff8f0190000 - 0x00007ff8f019f000 	C:\Program Files\Android\Android Studio\jre\jre\bin\verify.dll
0x00007ff8eeec0000 - 0x00007ff8eeee9000 	C:\Program Files\Android\Android Studio\jre\jre\bin\java.dll
0x00007ff8eeea0000 - 0x00007ff8eeeb6000 	C:\Program Files\Android\Android Studio\jre\jre\bin\zip.dll
0x00007ff8f5670000 - 0x00007ff8f5db2000 	C:\WINDOWS\System32\SHELL32.dll
0x00007ff8f23d0000 - 0x00007ff8f2b60000 	C:\WINDOWS\SYSTEM32\windows.storage.dll
0x00007ff8f68a0000 - 0x00007ff8f6bf6000 	C:\WINDOWS\System32\combase.dll
0x00007ff8f40b0000 - 0x00007ff8f40dc000 	C:\WINDOWS\SYSTEM32\Wldp.dll
0x00007ff8f6610000 - 0x00007ff8f66be000 	C:\WINDOWS\System32\SHCORE.dll
0x00007ff8f5050000 - 0x00007ff8f50a5000 	C:\WINDOWS\System32\shlwapi.dll
0x00007ff8f4580000 - 0x00007ff8f45a6000 	C:\WINDOWS\SYSTEM32\profapi.dll
0x00007ff8eee80000 - 0x00007ff8eee9a000 	C:\Program Files\Android\Android Studio\jre\jre\bin\net.dll
0x00007ff8f3e30000 - 0x00007ff8f3e9a000 	C:\WINDOWS\system32\mswsock.dll
0x00007ff8eee60000 - 0x00007ff8eee73000 	C:\Program Files\Android\Android Studio\jre\jre\bin\nio.dll

VM Arguments:
java_command: org.jetbrains.kotlin.cli.jvm.K2JVMCompiler @C:\Users\Dave\AndroidStudioProject\example source\FBTalk\app\build\20210312_3733541736437745552.compiler.options
java_class_path (initial): C:\Users\Dave\.gradle\caches\modules-2\files-2.1\org.jetbrains.kotlin\kotlin-compiler-embeddable\1.4.21\87db94500aaf883536ae8c8efdee76bdc839d582\kotlin-compiler-embeddable-1.4.21.jar;C:\Users\Dave\.gradle\caches\modules-2\files-2.1\org.jetbrains.kotlin\kotlin-reflect\1.4.21\748f681f4e3edbe9285ff46710c79049c70f4dfa\kotlin-reflect-1.4.21.jar;C:\Users\Dave\.gradle\caches\modules-2\files-2.1\org.jetbrains.kotlin\kotlin-stdlib\1.4.21\4a668382d7c38688d3490afde93b6a113ed46698\kotlin-stdlib-1.4.21.jar;C:\Users\Dave\.gradle\caches\modules-2\files-2.1\org.jetbrains.kotlin\kotlin-script-runtime\1.4.21\1247decba314790165b4fe94d09c45b09db6b07f\kotlin-script-runtime-1.4.21.jar;C:\Users\Dave\.gradle\caches\modules-2\files-2.1\org.jetbrains.kotlin\kotlin-daemon-embeddable\1.4.21\bc95bcebdc871d45d9852b0c01abe9bec373bb52\kotlin-daemon-embeddable-1.4.21.jar;C:\Users\Dave\.gradle\caches\modules-2\files-2.1\org.jetbrains.intellij.deps\trove4j\1.0.20181211\216c2e14b070f334479d800987affe4054cd563f\trove4j-1.0.20181211.jar;C:\Users\Dave\.gradle\caches\modules-2\files-2.1\org.jetbrains.kotlin\kotlin-stdlib-common\1.4.21\7f48a062aa4b53215998780f7c245a4276828e1d\kotlin-stdlib-common-1.4.21.jar;C:\Users\Dave\.gradle\caches\modules-2\files-2.1\org.jetbrains\annotations\13.0\919f0dfe192fb4e063e7dacadee7f8bb9a2672a9\annotations-13.0.jar;C:\Program Files\Android\Android Studio\jre\lib\tools.jar
Launcher Type: SUN_STANDARD

Environment Variables:
JAVA_HOME=C:\Program Files\Java\jdk-12.0.2
PATH=C:\Program Files (x86)\Common Files\Oracle\Java\javapath;C:\Program Files (x86)\NAT Service;C:\Program Files (x86)\Intel\iCLS Client\;C:\Program Files\Intel\iCLS Client\;C:\Windows\system32;C:\Windows;C:\Windows\System32\Wbem;C:\Windows\System32\WindowsPowerShell\v1.0\;C:\Windows\System32\OpenSSH\;C:\Program Files (x86)\Intel\Intel(R) Management Engine Components\DAL;C:\Program Files\Intel\Intel(R) Management Engine Components\DAL;C:\Program Files (x86)\Intel\Intel(R) Management Engine Components\IPT;C:\Program Files\Intel\Intel(R) Management Engine Components\IPT;C:\Program Files (x86)\NVIDIA Corporation\PhysX\Common;C:\Program Files\Intel\WiFi\bin\;C:\Program Files\Common Files\Intel\WirelessCommon\;C:\Program Files (x86)\ePapyrus\PapyrusNtas;C:\Program Files (x86)\ePapyrus\PapyrusNtas\Addins;C:\APM_Setup\Server\Apache\bin;C:\APM_Setup\Server\MySQL5\bin;C:\APM_Setup\Server\PHP5;C:\Program Files\nodejs\;C:\Program Files\Git\cmd;C:\WINDOWS\system32;C:\WINDOWS;C:\WINDOWS\System32\Wbem;C:\WINDOWS\System32\WindowsPowerShell\v1.0\;C:\WINDOWS\System32\OpenSSH\;C:\Users\Dave\AppData\Local\Microsoft\WindowsApps;C:\Program Files\Intel\WiFi\bin\;C:\Program Files\Common Files\Intel\WirelessCommon\;C:\Program Files\Bandizip\;C:\Users\Dave\AppData\Local\atom\bin;C:\Users\Dave\AppData\Roaming\npm;%JAVA_HOME%;%ANDORID_HOME%;C:\Users\Dave\AppData\Local\Android\Sdk\platform-tools;;C:\Users\Dave\AppData\Local\Programs\Microsoft VS Code\bin;%USERPROFILE%\AppData\Local\Microsoft\WindowsApps;C:\Program Files (x86)\SoftForum\XecureHSM\;
USERNAME=Dave
OS=Windows_NT
PROCESSOR_IDENTIFIER=Intel64 Family 6 Model 142 Stepping 10, GenuineIntel



---------------  S Y S T E M  ---------------

OS: Windows 10.0 , 64 bit Build 19041 (10.0.19041.804)

CPU:total 8 (initial active 8) (4 cores per cpu, 2 threads per core) family 6 model 142 stepping 10, cmov, cx8, fxsr, mmx, sse, sse2, sse3, ssse3, sse4.1, sse4.2, popcnt, avx, avx2, aes, clmul, erms, 3dnowpref, lzcnt, ht, tsc, tscinvbit, bmi1, bmi2, adx

Memory: 4k page, physical 8295652k(923336k free), swap 10249444k(5360k free)

vm_info: OpenJDK 64-Bit Server VM (25.242-b01) for windows-amd64 JRE (1.8.0_242-release-1644-b01), built by "builder" with MS VC++ 10.0 (VS2010)

time: Fri Mar 12 12:02:04 2021
timezone: 대한민국 표준시
elapsed time: 3 seconds (0d 0h 0m 3s)

