#
# There is insufficient memory for the Java Runtime Environment to continue.
# Native memory allocation (malloc) failed to allocate 262160 bytes for Chunk::new
# Possible reasons:
#   The system is out of physical RAM or swap space
#   The process is running with CompressedOops enabled, and the Java Heap may be blocking the growth of the native heap
# Possible solutions:
#   Reduce memory load on the system
#   Increase physical memory or swap space
#   Check if swap backing store is full
#   Decrease Java heap size (-Xmx/-Xms)
#   Decrease number of Java threads
#   Decrease Java thread stack sizes (-Xss)
#   Set larger code cache with -XX:ReservedCodeCacheSize=
#   JVM is running with Unscaled Compressed Oops mode in which the Java heap is
#     placed in the first 4GB address space. The Java Heap base address is the
#     maximum limit for the native heap growth. Please use -XX:HeapBaseMinAddress
#     to set the Java Heap base and to place the Java Heap above 4GB virtual address.
# This output file may be truncated or incomplete.
#
#  Out of Memory Error (allocation.cpp:389), pid=21836, tid=0x00000000000057f0
#
# JRE version: OpenJDK Runtime Environment (8.0_242-b01) (build 1.8.0_242-release-1644-b01)
# Java VM: OpenJDK 64-Bit Server VM (25.242-b01 mixed mode windows-amd64 compressed oops)
# Failed to write core dump. Minidumps are not enabled by default on client versions of Windows
#

---------------  T H R E A D  ---------------

Current thread (0x0000000019ad2800):  JavaThread "C2 CompilerThread1" daemon [_thread_in_native, id=22512, stack(0x000000001a390000,0x000000001a490000)]

Stack: [0x000000001a390000,0x000000001a490000]
[error occurred during error reporting (printing stack bounds), id 0xc0000005]

Native frames: (J=compiled Java code, j=interpreted, Vv=VM code, C=native code)


Current CompileTask:
C2:1547987 21248       4       com.android.tools.r8.graph.I0$d::c (802 bytes)


---------------  P R O C E S S  ---------------

Java Threads: ( => current thread )
  0x000000002f826800 JavaThread "WorkerExecutor Queue Thread 10" [_thread_blocked, id=21676, stack(0x0000000036220000,0x0000000036320000)]
  0x000000002f825000 JavaThread "WorkerExecutor Queue Thread 9" [_thread_blocked, id=11380, stack(0x0000000036120000,0x0000000036220000)]
  0x000000002f81d800 JavaThread "Cache worker for Java compile cache (C:\Users\Dave\AndroidStudioProject\example source\FBTalk\.gradle\6.5\javaCompile)" [_thread_blocked, id=21716, stack(0x0000000035a20000,0x0000000035b20000)]
  0x000000002f821000 JavaThread "Cache worker for Java compile cache (C:\Users\Dave\.gradle\caches\6.5\javaCompile)" [_thread_blocked, id=6004, stack(0x0000000035320000,0x0000000035420000)]
  0x000000002f824000 JavaThread "RMI TCP Connection(1)-127.0.0.1" daemon [_thread_in_native, id=84, stack(0x0000000035720000,0x0000000035820000)]
  0x000000002f823800 JavaThread "RMI Reaper" [_thread_blocked, id=20272, stack(0x0000000035620000,0x0000000035720000)]
  0x000000002f81f000 JavaThread "RMI TCP Accept-0" daemon [_thread_in_native, id=21352, stack(0x0000000035520000,0x0000000035620000)]
  0x000000002f81e000 JavaThread "GC Daemon" daemon [_thread_blocked, id=17492, stack(0x0000000035420000,0x0000000035520000)]
  0x000000002f822000 JavaThread "RMI Scheduler(0)" daemon [_thread_blocked, id=22140, stack(0x0000000032fe0000,0x00000000330e0000)]
  0x000000002f819800 JavaThread "stdout" [_thread_in_native, id=13824, stack(0x0000000034920000,0x0000000034a20000)]
  0x000000002f816800 JavaThread "stderr" [_thread_in_native, id=10144, stack(0x00000000339c0000,0x0000000033ac0000)]
  0x000000002f81c800 JavaThread "stdout" [_thread_in_native, id=16696, stack(0x0000000034820000,0x0000000034920000)]
  0x000000002f819000 JavaThread "stderr" [_thread_in_native, id=8460, stack(0x0000000034720000,0x0000000034820000)]
  0x000000002f81a800 JavaThread "stdout" [_thread_in_native, id=8040, stack(0x0000000034620000,0x0000000034720000)]
  0x000000002f818000 JavaThread "stderr" [_thread_in_native, id=15204, stack(0x0000000034520000,0x0000000034620000)]
  0x000000002f80e000 JavaThread "stdout" [_thread_in_native, id=18976, stack(0x0000000034420000,0x0000000034520000)]
  0x000000002f815000 JavaThread "stderr" [_thread_in_native, id=22408, stack(0x0000000034320000,0x0000000034420000)]
  0x000000002f814800 JavaThread "stdout" [_thread_in_native, id=12552, stack(0x0000000034220000,0x0000000034320000)]
  0x000000002f813000 JavaThread "stderr" [_thread_in_native, id=18388, stack(0x0000000034120000,0x0000000034220000)]
  0x000000002f80c800 JavaThread "stdout" [_thread_in_native, id=16824, stack(0x0000000034020000,0x0000000034120000)]
  0x000000002f813800 JavaThread "stderr" [_thread_in_native, id=22256, stack(0x0000000033f20000,0x0000000034020000)]
  0x000000002f80f800 JavaThread "stdout" [_thread_in_native, id=20448, stack(0x0000000033e20000,0x0000000033f20000)]
  0x000000002f812000 JavaThread "stderr" [_thread_in_native, id=260, stack(0x0000000033d20000,0x0000000033e20000)]
  0x000000002f80d800 JavaThread "stdout" [_thread_in_native, id=17340, stack(0x0000000033c20000,0x0000000033d20000)]
  0x000000002f80f000 JavaThread "stderr" [_thread_in_native, id=17764, stack(0x0000000033b20000,0x0000000033c20000)]
  0x000000002f80c000 JavaThread "pool-6-thread-1" [_thread_blocked, id=3288, stack(0x00000000338c0000,0x00000000339c0000)]
  0x000000002f811000 JavaThread "MarlinRenderer Disposer" daemon [_thread_blocked, id=16712, stack(0x00000000335c0000,0x00000000336c0000)]
  0x000000001b9cf800 JavaThread "Java2D Disposer" daemon [_thread_blocked, id=6236, stack(0x00000000334c0000,0x00000000335c0000)]
  0x000000001b9cd000 JavaThread "WorkerExecutor Queue Thread 7" [_thread_blocked, id=22304, stack(0x0000000032ee0000,0x0000000032fe0000)]
  0x000000001b9cb800 JavaThread "WorkerExecutor Queue Thread 6" [_thread_blocked, id=15668, stack(0x0000000032de0000,0x0000000032ee0000)]
  0x000000001b9ca000 JavaThread "WorkerExecutor Queue Thread 5" [_thread_blocked, id=20516, stack(0x0000000032ce0000,0x0000000032de0000)]
  0x000000001b9cc800 JavaThread "WorkerExecutor Queue Thread 4" [_thread_blocked, id=15800, stack(0x0000000032be0000,0x0000000032ce0000)]
  0x000000001b9c9800 JavaThread "WorkerExecutor Queue Thread 3" [_thread_blocked, id=17852, stack(0x0000000032ae0000,0x0000000032be0000)]
  0x000000001b9cb000 JavaThread "WorkerExecutor Queue Thread 2" [_thread_blocked, id=15136, stack(0x00000000329e0000,0x0000000032ae0000)]
  0x000000001b9ce000 JavaThread "WorkerExecutor Queue" [_thread_blocked, id=9080, stack(0x00000000328e0000,0x00000000329e0000)]
  0x000000001b9c6800 JavaThread "Cache worker for execution history cache (C:\Users\Dave\AndroidStudioProject\example source\FBTalk\.gradle\6.5\executionHistory)" [_thread_blocked, id=14928, stack(0x00000000325e0000,0x00000000326e0000)]
  0x000000001b9c4000 JavaThread "Execution worker for ':' Thread 7" [_thread_blocked, id=16632, stack(0x00000000324e0000,0x00000000325e0000)]
  0x000000001b9c1000 JavaThread "Execution worker for ':' Thread 6" [_thread_blocked, id=20884, stack(0x00000000323e0000,0x00000000324e0000)]
  0x000000001b9c8000 JavaThread "Execution worker for ':' Thread 5" [_thread_blocked, id=6656, stack(0x00000000322e0000,0x00000000323e0000)]
  0x000000001b9c0800 JavaThread "Execution worker for ':' Thread 4" [_thread_blocked, id=18152, stack(0x00000000321e0000,0x00000000322e0000)]
  0x000000001b9c2800 JavaThread "Execution worker for ':' Thread 3" [_thread_blocked, id=11628, stack(0x00000000320e0000,0x00000000321e0000)]
  0x000000001b9c5000 JavaThread "Execution worker for ':' Thread 2" [_thread_blocked, id=22392, stack(0x0000000031fe0000,0x00000000320e0000)]
  0x000000001b9c3800 JavaThread "Execution worker for ':'" [_thread_in_native, id=4036, stack(0x000000002ef20000,0x000000002f020000)]
  0x000000001f50b000 JavaThread "Cache worker for file content cache (C:\Users\Dave\AndroidStudioProject\example source\FBTalk\.gradle\6.5\fileContent)" [_thread_blocked, id=3900, stack(0x000000002c040000,0x000000002c140000)]
  0x000000001f50a000 JavaThread "Cache worker for Build Output Cleanup Cache (C:\Users\Dave\AndroidStudioProject\example source\FBTalk\.gradle\buildOutputCleanup)" [_thread_in_native, id=15552, stack(0x000000002bf40000,0x000000002c040000)]
  0x000000001f508000 JavaThread "jar transforms Thread 348" [_thread_blocked, id=20248, stack(0x000000002be40000,0x000000002bf40000)]
  0x000000001f509800 JavaThread "jar transforms Thread 347" [_thread_blocked, id=11124, stack(0x000000002bd40000,0x000000002be40000)]
  0x000000001f507000 JavaThread "jar transforms Thread 346" [_thread_blocked, id=19876, stack(0x000000002bc40000,0x000000002bd40000)]
  0x000000001f50c800 JavaThread "jar transforms Thread 345" [_thread_blocked, id=19492, stack(0x000000002bb40000,0x000000002bc40000)]
  0x000000001f506800 JavaThread "jar transforms Thread 344" [_thread_blocked, id=21116, stack(0x000000002ba40000,0x000000002bb40000)]
  0x000000001f50b800 JavaThread "jar transforms Thread 343" [_thread_blocked, id=22356, stack(0x000000002b940000,0x000000002ba40000)]
  0x000000001f502000 JavaThread "jar transforms Thread 342" [_thread_blocked, id=20180, stack(0x000000002b840000,0x000000002b940000)]
  0x000000001f504000 JavaThread "jar transforms Thread 341" [_thread_blocked, id=14412, stack(0x000000002b640000,0x000000002b740000)]
  0x000000001f508800 JavaThread "jar transforms Thread 340" [_thread_blocked, id=21520, stack(0x000000002b540000,0x000000002b640000)]
  0x000000001f505000 JavaThread "jar transforms Thread 339" [_thread_blocked, id=5980, stack(0x000000002b440000,0x000000002b540000)]
  0x000000001f502800 JavaThread "jar transforms Thread 338" [_thread_blocked, id=22312, stack(0x000000002b340000,0x000000002b440000)]
  0x000000001f503800 JavaThread "jar transforms Thread 337" [_thread_blocked, id=3484, stack(0x000000002b240000,0x000000002b340000)]
  0x000000001f501000 JavaThread "jar transforms Thread 336" [_thread_blocked, id=8620, stack(0x000000002b140000,0x000000002b240000)]
  0x000000001f500800 JavaThread "jar transforms Thread 335" [_thread_blocked, id=18500, stack(0x000000002b040000,0x000000002b140000)]
  0x000000001f4ff000 JavaThread "jar transforms Thread 334" [_thread_blocked, id=20912, stack(0x000000002af40000,0x000000002b040000)]
  0x000000001f505800 JavaThread "jar transforms Thread 333" [_thread_blocked, id=22124, stack(0x000000002ae40000,0x000000002af40000)]
  0x000000001f4fd800 JavaThread "jar transforms Thread 332" [_thread_blocked, id=20024, stack(0x000000002ad40000,0x000000002ae40000)]
  0x000000001f4fe000 JavaThread "jar transforms Thread 331" [_thread_blocked, id=3388, stack(0x000000002ac40000,0x000000002ad40000)]
  0x000000001f4ff800 JavaThread "jar transforms Thread 330" [_thread_blocked, id=6796, stack(0x000000002ab40000,0x000000002ac40000)]
  0x000000001c976000 JavaThread "jar transforms Thread 329" [_thread_blocked, id=12172, stack(0x000000002aa40000,0x000000002ab40000)]
  0x000000001c975800 JavaThread "jar transforms Thread 328" [_thread_blocked, id=21508, stack(0x000000002a940000,0x000000002aa40000)]
  0x000000001c974800 JavaThread "jar transforms Thread 327" [_thread_blocked, id=7552, stack(0x000000002a840000,0x000000002a940000)]
  0x000000001c973000 JavaThread "jar transforms Thread 326" [_thread_blocked, id=8628, stack(0x000000002a740000,0x000000002a840000)]
  0x000000001c977000 JavaThread "jar transforms Thread 325" [_thread_blocked, id=14880, stack(0x000000002a640000,0x000000002a740000)]
  0x000000001c972800 JavaThread "jar transforms Thread 324" [_thread_blocked, id=21260, stack(0x000000002a540000,0x000000002a640000)]
  0x000000001c971800 JavaThread "jar transforms Thread 323" [_thread_blocked, id=16356, stack(0x000000002a440000,0x000000002a540000)]
  0x000000001c974000 JavaThread "jar transforms Thread 322" [_thread_blocked, id=11500, stack(0x000000002a340000,0x000000002a440000)]
  0x000000001c96d000 JavaThread "jar transforms Thread 321" [_thread_blocked, id=16004, stack(0x000000002a240000,0x000000002a340000)]
  0x000000001c96b000 JavaThread "jar transforms Thread 320" [_thread_blocked, id=6032, stack(0x000000002a140000,0x000000002a240000)]
  0x000000001c971000 JavaThread "jar transforms Thread 319" [_thread_blocked, id=14264, stack(0x000000002a040000,0x000000002a140000)]
  0x000000001c96a000 JavaThread "jar transforms Thread 318" [_thread_blocked, id=22340, stack(0x0000000029f40000,0x000000002a040000)]
  0x000000001c96f800 JavaThread "jar transforms Thread 317" [_thread_blocked, id=3792, stack(0x0000000029e40000,0x0000000029f40000)]
  0x000000001c96b800 JavaThread "jar transforms Thread 316" [_thread_blocked, id=148, stack(0x0000000029d40000,0x0000000029e40000)]
  0x000000001c970000 JavaThread "jar transforms Thread 315" [_thread_blocked, id=17500, stack(0x0000000029c40000,0x0000000029d40000)]
  0x000000001c96c800 JavaThread "jar transforms Thread 314" [_thread_blocked, id=22264, stack(0x0000000029b40000,0x0000000029c40000)]
  0x000000001c969800 JavaThread "jar transforms Thread 313" [_thread_blocked, id=12876, stack(0x0000000029a40000,0x0000000029b40000)]
  0x000000001c96e800 JavaThread "jar transforms Thread 312" [_thread_blocked, id=3652, stack(0x0000000029940000,0x0000000029a40000)]
  0x000000001c96e000 JavaThread "jar transforms Thread 311" [_thread_blocked, id=15864, stack(0x0000000029840000,0x0000000029940000)]
  0x000000001c968800 JavaThread "jar transforms Thread 310" [_thread_blocked, id=22376, stack(0x0000000029740000,0x0000000029840000)]
  0x000000001c968000 JavaThread "jar transforms Thread 309" [_thread_blocked, id=22324, stack(0x0000000029640000,0x0000000029740000)]
  0x000000002442a000 JavaThread "jar transforms Thread 308" [_thread_blocked, id=7928, stack(0x0000000029540000,0x0000000029640000)]
  0x0000000024426800 JavaThread "jar transforms Thread 307" [_thread_blocked, id=19476, stack(0x0000000029440000,0x0000000029540000)]
  0x0000000024429800 JavaThread "jar transforms Thread 306" [_thread_blocked, id=6840, stack(0x0000000029340000,0x0000000029440000)]
  0x0000000024427000 JavaThread "jar transforms Thread 305" [_thread_blocked, id=19860, stack(0x0000000029240000,0x0000000029340000)]
  0x0000000024428000 JavaThread "jar transforms Thread 304" [_thread_blocked, id=5612, stack(0x0000000029140000,0x0000000029240000)]
  0x000000002442c800 JavaThread "jar transforms Thread 303" [_thread_blocked, id=16628, stack(0x0000000029040000,0x0000000029140000)]
  0x000000002442b000 JavaThread "jar transforms Thread 302" [_thread_blocked, id=20864, stack(0x0000000028f40000,0x0000000029040000)]
  0x0000000024428800 JavaThread "jar transforms Thread 301" [_thread_blocked, id=2104, stack(0x0000000028e40000,0x0000000028f40000)]
  0x000000002442b800 JavaThread "jar transforms Thread 300" [_thread_blocked, id=15084, stack(0x0000000028d40000,0x0000000028e40000)]
  0x000000002442d000 JavaThread "jar transforms Thread 299" [_thread_blocked, id=1260, stack(0x0000000028c40000,0x0000000028d40000)]
  0x000000002441f000 JavaThread "jar transforms Thread 298" [_thread_blocked, id=20752, stack(0x0000000028b40000,0x0000000028c40000)]
  0x0000000024425800 JavaThread "jar transforms Thread 297" [_thread_blocked, id=10684, stack(0x0000000028a40000,0x0000000028b40000)]
  0x0000000024422000 JavaThread "jar transforms Thread 296" [_thread_blocked, id=6416, stack(0x0000000028940000,0x0000000028a40000)]
  0x000000002441e000 JavaThread "jar transforms Thread 295" [_thread_blocked, id=20340, stack(0x0000000028840000,0x0000000028940000)]
  0x0000000024421000 JavaThread "jar transforms Thread 294" [_thread_blocked, id=9172, stack(0x0000000028740000,0x0000000028840000)]
  0x0000000024424000 JavaThread "jar transforms Thread 293" [_thread_blocked, id=10180, stack(0x0000000028640000,0x0000000028740000)]
  0x0000000024425000 JavaThread "jar transforms Thread 292" [_thread_blocked, id=20532, stack(0x0000000028540000,0x0000000028640000)]
  0x0000000024420800 JavaThread "jar transforms Thread 291" [_thread_blocked, id=16276, stack(0x0000000028440000,0x0000000028540000)]
  0x000000002441f800 JavaThread "jar transforms Thread 290" [_thread_blocked, id=19232, stack(0x0000000028340000,0x0000000028440000)]
  0x0000000024422800 JavaThread "jar transforms Thread 289" [_thread_blocked, id=20460, stack(0x0000000028240000,0x0000000028340000)]
  0x0000000024423800 JavaThread "jar transforms Thread 288" [_thread_blocked, id=18396, stack(0x0000000028140000,0x0000000028240000)]
  0x0000000020727800 JavaThread "jar transforms Thread 287" [_thread_blocked, id=3104, stack(0x0000000028040000,0x0000000028140000)]
  0x0000000020727000 JavaThread "jar transforms Thread 286" [_thread_blocked, id=10072, stack(0x0000000027f40000,0x0000000028040000)]
  0x0000000020725800 JavaThread "jar transforms Thread 285" [_thread_blocked, id=4576, stack(0x0000000027e40000,0x0000000027f40000)]
  0x0000000020723000 JavaThread "jar transforms Thread 284" [_thread_blocked, id=12180, stack(0x0000000027d40000,0x0000000027e40000)]
  0x0000000020724800 JavaThread "jar transforms Thread 283" [_thread_blocked, id=18600, stack(0x0000000027c40000,0x0000000027d40000)]
  0x0000000020726000 JavaThread "jar transforms Thread 282" [_thread_blocked, id=6328, stack(0x0000000027b40000,0x0000000027c40000)]
  0x0000000020724000 JavaThread "jar transforms Thread 281" [_thread_blocked, id=7152, stack(0x0000000027a40000,0x0000000027b40000)]
  0x0000000020728800 JavaThread "jar transforms Thread 280" [_thread_blocked, id=5436, stack(0x0000000027940000,0x0000000027a40000)]
  0x000000002071b800 JavaThread "jar transforms Thread 279" [_thread_blocked, id=19052, stack(0x0000000027840000,0x0000000027940000)]
  0x0000000020722800 JavaThread "jar transforms Thread 278" [_thread_blocked, id=11624, stack(0x0000000027740000,0x0000000027840000)]
  0x0000000020721800 JavaThread "jar transforms Thread 277" [_thread_blocked, id=11656, stack(0x0000000027640000,0x0000000027740000)]
  0x000000002071a000 JavaThread "jar transforms Thread 276" [_thread_blocked, id=16352, stack(0x0000000027540000,0x0000000027640000)]
  0x000000002071f800 JavaThread "jar transforms Thread 275" [_thread_blocked, id=15684, stack(0x0000000027440000,0x0000000027540000)]
  0x000000002071e800 JavaThread "jar transforms Thread 274" [_thread_blocked, id=21396, stack(0x0000000027340000,0x0000000027440000)]
  0x000000002071e000 JavaThread "jar transforms Thread 273" [_thread_blocked, id=20188, stack(0x0000000027240000,0x0000000027340000)]
  0x000000002071c800 JavaThread "jar transforms Thread 272" [_thread_blocked, id=20548, stack(0x0000000027140000,0x0000000027240000)]
  0x0000000020721000 JavaThread "jar transforms Thread 271" [_thread_blocked, id=6352, stack(0x0000000027040000,0x0000000027140000)]
  0x000000002071d000 JavaThread "jar transforms Thread 270" [_thread_blocked, id=20312, stack(0x0000000026f40000,0x0000000027040000)]
  0x000000002071b000 JavaThread "jar transforms Thread 269" [_thread_blocked, id=20032, stack(0x0000000026e40000,0x0000000026f40000)]
  0x0000000020720000 JavaThread "jar transforms Thread 268" [_thread_blocked, id=17596, stack(0x0000000026d40000,0x0000000026e40000)]
  0x0000000020719800 JavaThread "jar transforms Thread 267" [_thread_blocked, id=17972, stack(0x0000000026c40000,0x0000000026d40000)]
  0x0000000019b32000 JavaThread "jar transforms Thread 266" [_thread_blocked, id=19056, stack(0x0000000026b40000,0x0000000026c40000)]
  0x0000000019b31000 JavaThread "jar transforms Thread 265" [_thread_blocked, id=18752, stack(0x0000000026a40000,0x0000000026b40000)]
  0x0000000019b35000 JavaThread "jar transforms Thread 264" [_thread_blocked, id=1428, stack(0x0000000026940000,0x0000000026a40000)]
  0x0000000019b34000 JavaThread "jar transforms Thread 263" [_thread_blocked, id=7556, stack(0x0000000026840000,0x0000000026940000)]
  0x0000000019b30000 JavaThread "jar transforms Thread 262" [_thread_blocked, id=1892, stack(0x0000000026740000,0x0000000026840000)]
  0x0000000019b2e800 JavaThread "jar transforms Thread 261" [_thread_blocked, id=2680, stack(0x0000000026640000,0x0000000026740000)]
  0x0000000019b2e000 JavaThread "jar transforms Thread 260" [_thread_blocked, id=18192, stack(0x0000000026540000,0x0000000026640000)]
  0x0000000024775000 JavaThread "jar transforms Thread 259" [_thread_blocked, id=5568, stack(0x0000000026440000,0x0000000026540000)]
  0x0000000024776800 JavaThread "jar transforms Thread 258" [_thread_blocked, id=17156, stack(0x0000000026340000,0x0000000026440000)]
  0x0000000024774800 JavaThread "jar transforms Thread 257" [_thread_blocked, id=9160, stack(0x0000000026240000,0x0000000026340000)]
  0x0000000024777800 JavaThread "jar transforms Thread 256" [_thread_blocked, id=19248, stack(0x0000000026140000,0x0000000026240000)]
  0x0000000024776000 JavaThread "jar transforms Thread 255" [_thread_blocked, id=14392, stack(0x0000000026040000,0x0000000026140000)]
  0x000000002476a800 JavaThread "jar transforms Thread 254" [_thread_blocked, id=17292, stack(0x0000000025f40000,0x0000000026040000)]
  0x000000002476a000 JavaThread "jar transforms Thread 253" [_thread_blocked, id=10712, stack(0x0000000025e40000,0x0000000025f40000)]
  0x000000002476b800 JavaThread "jar transforms Thread 252" [_thread_blocked, id=18736, stack(0x0000000025d40000,0x0000000025e40000)]
  0x0000000024769000 JavaThread "jar transforms Thread 251" [_thread_blocked, id=20344, stack(0x0000000025c40000,0x0000000025d40000)]
  0x000000002476f000 JavaThread "jar transforms Thread 250" [_thread_blocked, id=2776, stack(0x0000000025b40000,0x0000000025c40000)]
  0x000000002476e800 JavaThread "jar transforms Thread 249" [_thread_blocked, id=8548, stack(0x0000000025a40000,0x0000000025b40000)]
  0x000000001a901800 JavaThread "jar transforms Thread 248" [_thread_blocked, id=17268, stack(0x0000000025940000,0x0000000025a40000)]
  0x000000001a901000 JavaThread "jar transforms Thread 247" [_thread_blocked, id=9992, stack(0x0000000025840000,0x0000000025940000)]
  0x000000001a907000 JavaThread "jar transforms Thread 246" [_thread_blocked, id=21920, stack(0x0000000025340000,0x0000000025440000)]
  0x000000001a904800 JavaThread "jar transforms Thread 245" [_thread_blocked, id=21600, stack(0x0000000023470000,0x0000000023570000)]
  0x000000001a904000 JavaThread "jar transforms Thread 244" [_thread_blocked, id=22196, stack(0x0000000022f70000,0x0000000023070000)]
  0x000000001a906800 JavaThread "jar transforms Thread 243" [_thread_blocked, id=12792, stack(0x0000000022e70000,0x0000000022f70000)]
  0x000000001a903000 JavaThread "jar transforms Thread 242" [_thread_blocked, id=12812, stack(0x0000000022d70000,0x0000000022e70000)]
  0x000000001a905800 JavaThread "jar transforms Thread 241" [_thread_blocked, id=15248, stack(0x0000000022c70000,0x0000000022d70000)]
  0x000000001a902800 JavaThread "jar transforms Thread 240" [_thread_blocked, id=15220, stack(0x0000000022b70000,0x0000000022c70000)]
  0x000000001a908000 JavaThread "jar transforms Thread 239" [_thread_blocked, id=20052, stack(0x0000000022a70000,0x0000000022b70000)]
  0x000000001a8f9800 JavaThread "jar transforms Thread 238" [_thread_blocked, id=6520, stack(0x0000000022970000,0x0000000022a70000)]
  0x000000001a900000 JavaThread "jar transforms Thread 237" [_thread_blocked, id=22328, stack(0x0000000022870000,0x0000000022970000)]
  0x000000001a8fa000 JavaThread "jar transforms Thread 236" [_thread_blocked, id=18696, stack(0x0000000022770000,0x0000000022870000)]
  0x000000001a8fb000 JavaThread "jar transforms Thread 235" [_thread_blocked, id=11156, stack(0x0000000022670000,0x0000000022770000)]
  0x000000001a8f8800 JavaThread "jar transforms Thread 234" [_thread_blocked, id=20812, stack(0x0000000022570000,0x0000000022670000)]
  0x000000001a8fb800 JavaThread "jar transforms Thread 233" [_thread_blocked, id=5344, stack(0x0000000022470000,0x0000000022570000)]
  0x000000001a8fe800 JavaThread "Build operations Thread 8" [_thread_in_native, id=21196, stack(0x0000000022370000,0x0000000022470000)]
  0x000000001f77e000 JavaThread "Build operations Thread 7" [_thread_blocked, id=8600, stack(0x0000000022270000,0x0000000022370000)]
  0x000000001f77c800 JavaThread "Build operations Thread 6" [_thread_in_vm, id=21468, stack(0x0000000022170000,0x0000000022270000)]
  0x000000001f775000 JavaThread "Build operations Thread 5" [_thread_in_native, id=21548, stack(0x0000000022070000,0x0000000022170000)]
  0x000000001f77b800 JavaThread "Build operations Thread 4" [_thread_in_vm, id=17460, stack(0x0000000020d10000,0x0000000020e10000)]
  0x000000001f774000 JavaThread "Build operations Thread 3" [_thread_in_native, id=15920, stack(0x0000000020c10000,0x0000000020d10000)]
  0x000000001f77a000 JavaThread "Build operations Thread 2" [_thread_in_native, id=17332, stack(0x000000001e710000,0x000000001e810000)]
  0x000000001f779800 JavaThread "Build operations" [_thread_in_native, id=21384, stack(0x000000001e110000,0x000000001e210000)]
  0x000000001f77b000 JavaThread "Cache worker for cache directory md-rule (C:\Users\Dave\.gradle\caches\6.5\md-rule)" [_thread_blocked, id=21560, stack(0x000000001e010000,0x000000001e110000)]
  0x000000001f778800 JavaThread "Cache worker for cache directory md-supplier (C:\Users\Dave\.gradle\caches\6.5\md-supplier)" [_thread_blocked, id=21592, stack(0x000000001df10000,0x000000001e010000)]
  0x000000001f771000 JavaThread "Cache worker for checksums cache (C:\Users\Dave\AndroidStudioProject\example source\FBTalk\.gradle\checksums)" [_thread_blocked, id=10028, stack(0x000000001de10000,0x000000001df10000)]
  0x000000001f772800 JavaThread "Cache worker for file hash cache (C:\Users\Dave\AndroidStudioProject\example source\FBTalk\.gradle\6.5\fileHashes)" [_thread_blocked, id=17320, stack(0x000000001dc10000,0x000000001dd10000)]
  0x000000001f778000 JavaThread "Thread-301" [_thread_blocked, id=5704, stack(0x000000001db10000,0x000000001dc10000)]
  0x000000001f770800 JavaThread "Stdin handler" [_thread_blocked, id=5404, stack(0x000000001da10000,0x000000001db10000)]
  0x000000001f777000 JavaThread "Asynchronous log dispatcher for DefaultDaemonConnection: socket connection from /127.0.0.1:64480 to /127.0.0.1:64598" [_thread_blocked, id=20000, stack(0x000000001d430000,0x000000001d530000)]
  0x000000001f773800 JavaThread "Daemon worker Thread 3" [_thread_blocked, id=19336, stack(0x000000001d330000,0x000000001d430000)]
  0x000000001f776800 JavaThread "Cancel handler" [_thread_blocked, id=15876, stack(0x0000000000b90000,0x0000000000c90000)]
  0x000000001f772000 JavaThread "Handler for socket connection from /127.0.0.1:64480 to /127.0.0.1:64598" [_thread_in_native, id=21992, stack(0x0000000000a50000,0x0000000000b50000)]
  0x000000001f775800 JavaThread "Daemon Thread 3" [_thread_blocked, id=5768, stack(0x0000000000950000,0x0000000000a50000)]
  0x000000002476d000 JavaThread "Memory manager" [_thread_blocked, id=21532, stack(0x000000002c940000,0x000000002ca40000)]
  0x000000001f77e800 JavaThread "Cache worker for file content cache (C:\Users\Dave\.gradle\caches\6.5\fileContent)" [_thread_blocked, id=13032, stack(0x0000000023c70000,0x0000000023d70000)]
  0x000000001f77d000 JavaThread "Cache worker for execution history cache (C:\Users\Dave\.gradle\caches\6.5\executionHistory)" [_thread_blocked, id=22048, stack(0x0000000023770000,0x0000000023870000)]
  0x0000000019b33800 JavaThread "Cache worker for file hash cache (C:\Users\Dave\.gradle\caches\6.5\fileHashes)" [_thread_blocked, id=21856, stack(0x000000001e610000,0x000000001e710000)]
  0x0000000019b32800 JavaThread "File lock request listener" [_thread_in_native, id=16492, stack(0x000000001e510000,0x000000001e610000)]
  0x000000001c5dc800 JavaThread "Cache worker for journal cache (C:\Users\Dave\.gradle\caches\journal-1)" [_thread_blocked, id=20804, stack(0x000000001e410000,0x000000001e510000)]
  0x000000001c4c3000 JavaThread "Daemon periodic checks" [_thread_blocked, id=4236, stack(0x000000001d710000,0x000000001d810000)]
  0x000000001c4c1000 JavaThread "Incoming local TCP Connector on port 64480" [_thread_in_native, id=5152, stack(0x000000001d530000,0x000000001d630000)]
  0x000000001a9c7000 JavaThread "Daemon health stats" [_thread_blocked, id=4800, stack(0x000000001d230000,0x000000001d330000)]
  0x0000000019bc6800 JavaThread "Service Thread" daemon [_thread_blocked, id=3972, stack(0x000000001a690000,0x000000001a790000)]
  0x0000000019b2f800 JavaThread "C1 CompilerThread3" daemon [_thread_in_native, id=10616, stack(0x000000001a590000,0x000000001a690000)]
  0x0000000019b2b000 JavaThread "C2 CompilerThread2" daemon [_thread_in_native, id=20784, stack(0x000000001a490000,0x000000001a590000)]
=>0x0000000019ad2800 JavaThread "C2 CompilerThread1" daemon [_thread_in_native, id=22512, stack(0x000000001a390000,0x000000001a490000)]
  0x0000000019acc000 JavaThread "C2 CompilerThread0" daemon [_thread_in_native, id=13708, stack(0x000000001a290000,0x000000001a390000)]
  0x0000000019acb000 JavaThread "Attach Listener" daemon [_thread_blocked, id=22012, stack(0x000000001a190000,0x000000001a290000)]
  0x0000000019ab6800 JavaThread "Signal Dispatcher" daemon [_thread_blocked, id=21724, stack(0x000000001a090000,0x000000001a190000)]
  0x0000000002c2c800 JavaThread "Finalizer" daemon [_thread_blocked, id=21996, stack(0x0000000019f90000,0x000000001a090000)]
  0x0000000019ab0800 JavaThread "Reference Handler" daemon [_thread_blocked, id=1676, stack(0x0000000019e90000,0x0000000019f90000)]
  0x0000000002b32800 JavaThread "main" [_thread_blocked, id=21932, stack(0x0000000002940000,0x0000000002a40000)]

Other Threads:
  0x0000000017c98800 VMThread [stack: 0x0000000019990000,0x0000000019a90000] [id=15628]
  0x0000000019b89800 WatcherThread [stack: 0x000000001a790000,0x000000001a890000] [id=11396]

VM state:not at safepoint (normal execution)

VM Mutex/Monitor currently owned by a thread: None

heap address: 0x0000000080000000, size: 2048 MB, Compressed Oops mode: 32-bit
Narrow klass base: 0x0000000000000000, Narrow klass shift: 3
Compressed class space size: 1073741824 Address: 0x0000000100000000

Heap:
 PSYoungGen      total 346112K, used 217523K [0x00000000d5580000, 0x00000000ef700000, 0x0000000100000000)
  eden space 308736K, 58% used [0x00000000d5580000,0x00000000e0572a20,0x00000000e8300000)
  from space 37376K, 99% used [0x00000000ed280000,0x00000000ef6fa388,0x00000000ef700000)
  to   space 36864K, 0% used [0x00000000e8300000,0x00000000e8300000,0x00000000ea700000)
 ParOldGen       total 204800K, used 111232K [0x0000000080000000, 0x000000008c800000, 0x00000000d5580000)
  object space 204800K, 54% used [0x0000000080000000,0x0000000086ca0158,0x000000008c800000)
 Metaspace       used 120592K, capacity 127820K, committed 128076K, reserved 1161216K
  class space    used 15843K, capacity 17186K, committed 17280K, reserved 1048576K

Card table byte_map: [0x0000000011ff0000,0x0000000012400000] byte_map_base: 0x0000000011bf0000

Marking Bits: (ParMarkBitMap*) 0x0000000076b4f030
 Begin Bits: [0x0000000012eb0000, 0x0000000014eb0000)
 End Bits:   [0x0000000014eb0000, 0x0000000016eb0000)

Polling page: 0x0000000000d40000

CodeCache: size=245760Kb used=57574Kb max_used=57574Kb free=188185Kb
 bounds [0x0000000002c30000, 0x00000000064c0000, 0x0000000011c30000]
 total_blobs=18379 nmethods=17292 adapters=997
 compilation: enabled

Compilation events (10 events):
Event: 1547.964 Thread 0x0000000019b2f800 nmethod 21480 0x0000000006493410 code [0x00000000064935e0, 0x0000000006493b38]
Event: 1547.964 Thread 0x0000000019b2f800 21482       2       com.android.tools.r8.graph.W::b0 (12 bytes)
Event: 1547.964 Thread 0x0000000019b2f800 nmethod 21482 0x0000000006493fd0 code [0x0000000006494120, 0x0000000006494290]
Event: 1547.964 Thread 0x0000000019b2f800 21481       2       com.android.tools.r8.ir.conversion.o::f (8 bytes)
Event: 1547.964 Thread 0x0000000019b2f800 nmethod 21481 0x0000000006494350 code [0x00000000064944a0, 0x00000000064945f0]
Event: 1547.964 Thread 0x0000000019b2f800 21483       2       com.android.tools.r8.ir.optimize.l::q (468 bytes)
Event: 1547.968 Thread 0x0000000019b2f800 nmethod 21483 0x0000000006494690 code [0x0000000006494a20, 0x0000000006495cf8]
Event: 1547.969 Thread 0x0000000019b2f800 21490       2       com.android.tools.r8.graph.Y::a (39 bytes)
Event: 1547.969 Thread 0x0000000019b2f800 nmethod 21490 0x00000000064977d0 code [0x0000000006497940, 0x0000000006497b48]
Event: 1547.969 Thread 0x0000000019b2f800 21487       2       com.android.tools.r8.ir.regalloc.a::a (1761 bytes)

GC Heap History (10 events):
Event: 1513.164 GC heap before
{Heap before GC invocations=24 (full 4):
 PSYoungGen      total 281600K, used 281595K [0x00000000d5580000, 0x00000000eb280000, 0x0000000100000000)
  eden space 249344K, 99% used [0x00000000d5580000,0x00000000e48ffbc0,0x00000000e4900000)
  from space 32256K, 99% used [0x00000000e4900000,0x00000000e687f060,0x00000000e6880000)
  to   space 38912K, 0% used [0x00000000e8c80000,0x00000000e8c80000,0x00000000eb280000)
 ParOldGen       total 204800K, used 78071K [0x0000000080000000, 0x000000008c800000, 0x00000000d5580000)
  object space 204800K, 38% used [0x0000000080000000,0x0000000084c3dd88,0x000000008c800000)
 Metaspace       used 103932K, capacity 109192K, committed 109260K, reserved 1144832K
  class space    used 13499K, capacity 14545K, committed 14592K, reserved 1048576K
Event: 1513.200 GC heap after
Heap after GC invocations=24 (full 4):
 PSYoungGen      total 318464K, used 5564K [0x00000000d5580000, 0x00000000eb880000, 0x0000000100000000)
  eden space 279552K, 0% used [0x00000000d5580000,0x00000000d5580000,0x00000000e6680000)
  from space 38912K, 14% used [0x00000000e8c80000,0x00000000e91ef178,0x00000000eb280000)
  to   space 38912K, 0% used [0x00000000e6680000,0x00000000e6680000,0x00000000e8c80000)
 ParOldGen       total 204800K, used 109659K [0x0000000080000000, 0x000000008c800000, 0x00000000d5580000)
  object space 204800K, 53% used [0x0000000080000000,0x0000000086b16d48,0x000000008c800000)
 Metaspace       used 103932K, capacity 109192K, committed 109260K, reserved 1144832K
  class space    used 13499K, capacity 14545K, committed 14592K, reserved 1048576K
}
Event: 1519.274 GC heap before
{Heap before GC invocations=25 (full 4):
 PSYoungGen      total 318464K, used 285116K [0x00000000d5580000, 0x00000000eb880000, 0x0000000100000000)
  eden space 279552K, 100% used [0x00000000d5580000,0x00000000e6680000,0x00000000e6680000)
  from space 38912K, 14% used [0x00000000e8c80000,0x00000000e91ef178,0x00000000eb280000)
  to   space 38912K, 0% used [0x00000000e6680000,0x00000000e6680000,0x00000000e8c80000)
 ParOldGen       total 204800K, used 109659K [0x0000000080000000, 0x000000008c800000, 0x00000000d5580000)
  object space 204800K, 53% used [0x0000000080000000,0x0000000086b16d48,0x000000008c800000)
 Metaspace       used 105114K, capacity 110428K, committed 110668K, reserved 1144832K
  class space    used 13630K, capacity 14677K, committed 14720K, reserved 1048576K
Event: 1519.284 GC heap after
Heap after GC invocations=25 (full 4):
 PSYoungGen      total 318464K, used 8539K [0x00000000d5580000, 0x00000000ed300000, 0x0000000100000000)
  eden space 279552K, 0% used [0x00000000d5580000,0x00000000d5580000,0x00000000e6680000)
  from space 38912K, 21% used [0x00000000e6680000,0x00000000e6ed6ce0,0x00000000e8c80000)
  to   space 37888K, 0% used [0x00000000eae00000,0x00000000eae00000,0x00000000ed300000)
 ParOldGen       total 204800K, used 109667K [0x0000000080000000, 0x000000008c800000, 0x00000000d5580000)
  object space 204800K, 53% used [0x0000000080000000,0x0000000086b18d48,0x000000008c800000)
 Metaspace       used 105114K, capacity 110428K, committed 110668K, reserved 1144832K
  class space    used 13630K, capacity 14677K, committed 14720K, reserved 1048576K
}
Event: 1543.127 GC heap before
{Heap before GC invocations=26 (full 4):
 PSYoungGen      total 318464K, used 288091K [0x00000000d5580000, 0x00000000ed300000, 0x0000000100000000)
  eden space 279552K, 100% used [0x00000000d5580000,0x00000000e6680000,0x00000000e6680000)
  from space 38912K, 21% used [0x00000000e6680000,0x00000000e6ed6ce0,0x00000000e8c80000)
  to   space 37888K, 0% used [0x00000000eae00000,0x00000000eae00000,0x00000000ed300000)
 ParOldGen       total 204800K, used 109667K [0x0000000080000000, 0x000000008c800000, 0x00000000d5580000)
  object space 204800K, 53% used [0x0000000080000000,0x0000000086b18d48,0x000000008c800000)
 Metaspace       used 106772K, capacity 112150K, committed 112204K, reserved 1146880K
  class space    used 13887K, capacity 14966K, committed 14976K, reserved 1048576K
Event: 1543.138 GC heap after
Heap after GC invocations=26 (full 4):
 PSYoungGen      total 338432K, used 8474K [0x00000000d5580000, 0x00000000ecb00000, 0x0000000100000000)
  eden space 308736K, 0% used [0x00000000d5580000,0x00000000d5580000,0x00000000e8300000)
  from space 29696K, 28% used [0x00000000eae00000,0x00000000eb646988,0x00000000ecb00000)
  to   space 36864K, 0% used [0x00000000e8300000,0x00000000e8300000,0x00000000ea700000)
 ParOldGen       total 204800K, used 109675K [0x0000000080000000, 0x000000008c800000, 0x00000000d5580000)
  object space 204800K, 53% used [0x0000000080000000,0x0000000086b1ad48,0x000000008c800000)
 Metaspace       used 106772K, capacity 112150K, committed 112204K, reserved 1146880K
  class space    used 13887K, capacity 14966K, committed 14976K, reserved 1048576K
}
Event: 1545.735 GC heap before
{Heap before GC invocations=27 (full 4):
 PSYoungGen      total 338432K, used 317210K [0x00000000d5580000, 0x00000000ecb00000, 0x0000000100000000)
  eden space 308736K, 100% used [0x00000000d5580000,0x00000000e8300000,0x00000000e8300000)
  from space 29696K, 28% used [0x00000000eae00000,0x00000000eb646988,0x00000000ecb00000)
  to   space 36864K, 0% used [0x00000000e8300000,0x00000000e8300000,0x00000000ea700000)
 ParOldGen       total 204800K, used 109675K [0x0000000080000000, 0x000000008c800000, 0x00000000d5580000)
  object space 204800K, 53% used [0x0000000080000000,0x0000000086b1ad48,0x000000008c800000)
 Metaspace       used 112578K, capacity 118222K, committed 118476K, reserved 1153024K
  class space    used 14639K, capacity 15767K, committed 15872K, reserved 1048576K
Event: 1545.780 GC heap after
Heap after GC invocations=27 (full 4):
 PSYoungGen      total 345600K, used 22981K [0x00000000d5580000, 0x00000000ef700000, 0x0000000100000000)
  eden space 308736K, 0% used [0x00000000d5580000,0x00000000d5580000,0x00000000e8300000)
  from space 36864K, 62% used [0x00000000e8300000,0x00000000e9971668,0x00000000ea700000)
  to   space 37376K, 0% used [0x00000000ed280000,0x00000000ed280000,0x00000000ef700000)
 ParOldGen       total 204800K, used 109683K [0x0000000080000000, 0x000000008c800000, 0x00000000d5580000)
  object space 204800K, 53% used [0x0000000080000000,0x0000000086b1cd48,0x000000008c800000)
 Metaspace       used 112578K, capacity 118222K, committed 118476K, reserved 1153024K
  class space    used 14639K, capacity 15767K, committed 15872K, reserved 1048576K
}
Event: 1547.290 GC heap before
{Heap before GC invocations=28 (full 4):
 PSYoungGen      total 345600K, used 331628K [0x00000000d5580000, 0x00000000ef700000, 0x0000000100000000)
  eden space 308736K, 99% used [0x00000000d5580000,0x00000000e82e9c80,0x00000000e8300000)
  from space 36864K, 62% used [0x00000000e8300000,0x00000000e9971668,0x00000000ea700000)
  to   space 37376K, 0% used [0x00000000ed280000,0x00000000ed280000,0x00000000ef700000)
 ParOldGen       total 204800K, used 109683K [0x0000000080000000, 0x000000008c800000, 0x00000000d5580000)
  object space 204800K, 53% used [0x0000000080000000,0x0000000086b1cd48,0x000000008c800000)
 Metaspace       used 120080K, capacity 127298K, committed 127436K, reserved 1159168K
  class space    used 15796K, capacity 17137K, committed 17152K, reserved 1048576K
Event: 1547.329 GC heap after
Heap after GC invocations=28 (full 4):
 PSYoungGen      total 346112K, used 37352K [0x00000000d5580000, 0x00000000ef700000, 0x0000000100000000)
  eden space 308736K, 0% used [0x00000000d5580000,0x00000000d5580000,0x00000000e8300000)
  from space 37376K, 99% used [0x00000000ed280000,0x00000000ef6fa388,0x00000000ef700000)
  to   space 36864K, 0% used [0x00000000e8300000,0x00000000e8300000,0x00000000ea700000)
 ParOldGen       total 204800K, used 111232K [0x0000000080000000, 0x000000008c800000, 0x00000000d5580000)
  object space 204800K, 54% used [0x0000000080000000,0x0000000086ca0158,0x000000008c800000)
 Metaspace       used 120080K, capacity 127298K, committed 127436K, reserved 1159168K
  class space    used 15796K, capacity 17137K, committed 17152K, reserved 1048576K
}

Deoptimization events (10 events):
Event: 1547.833 Thread 0x000000001f775000 Uncommon trap: reason=unstable_if action=reinterpret pc=0x00000000063abdd4 method=com.android.tools.r8.ir.conversion.o.c(Lcom/android/tools/r8/ir/conversion/N;)Lcom/android/tools/r8/s/b/u; @ 29
Event: 1547.834 Thread 0x000000001f775000 Uncommon trap: reason=class_check action=maybe_recompile pc=0x000000000626a804 method=com.android.tools.r8.s.b.u.size()I @ 42
Event: 1547.835 Thread 0x000000001f775000 Uncommon trap: reason=class_check action=maybe_recompile pc=0x000000000626a804 method=com.android.tools.r8.s.b.u.size()I @ 42
Event: 1547.836 Thread 0x000000001f775000 Uncommon trap: reason=class_check action=maybe_recompile pc=0x000000000626a804 method=com.android.tools.r8.s.b.u.size()I @ 42
Event: 1547.837 Thread 0x000000001f775000 Uncommon trap: reason=class_check action=maybe_recompile pc=0x000000000626a804 method=com.android.tools.r8.s.b.u.size()I @ 42
Event: 1547.837 Thread 0x000000001f775000 Uncommon trap: reason=unstable_if action=reinterpret pc=0x000000000636948c method=com.android.tools.r8.s.b.o.b(ILcom/android/tools/r8/s/b/o$c;)Lcom/android/tools/r8/s/b/q1; @ 4
Event: 1547.837 Thread 0x000000001f775000 Uncommon trap: reason=unstable_if action=reinterpret pc=0x00000000063ed4e4 method=com.android.tools.r8.s.b.o.a(ILcom/android/tools/r8/s/b/o$c;)Z @ 4
Event: 1547.855 Thread 0x000000001a8fe800 Uncommon trap: reason=unstable_if action=reinterpret pc=0x00000000062b531c method=com.android.tools.r8.ir.conversion.N.c(Lcom/android/tools/r8/s/b/k0;)V @ 67
Event: 1547.968 Thread 0x000000001f775000 Uncommon trap: reason=unstable_if action=reinterpret pc=0x00000000063ad314 method=com.android.tools.r8.graph.Y.a([Lcom/android/tools/r8/graph/Y;Ljava/util/function/Consumer;)V @ 21
Event: 1547.977 Thread 0x000000001f775000 Uncommon trap: reason=unstable_if action=reinterpret pc=0x00000000037b9dcc method=java.util.Arrays.equals([Ljava/lang/Object;[Ljava/lang/Object;)Z @ 47

Classes redefined (0 events):
No events

Internal exceptions (10 events):
Event: 1547.757 Thread 0x000000001f77b800 Exception <a 'sun/nio/fs/WindowsException'> (0x00000000dbb78bd0) thrown at [C:\src\AOSP-openjdk-git\hotspot\src\share\vm\prims\jni.cpp, line 710]
Event: 1547.769 Thread 0x000000001f774000 Exception <a 'sun/nio/fs/WindowsException'> (0x00000000dc084d28) thrown at [C:\src\AOSP-openjdk-git\hotspot\src\share\vm\prims\jni.cpp, line 710]
Event: 1547.769 Thread 0x000000001f775000 Exception <a 'sun/nio/fs/WindowsException'> (0x00000000dc028e98) thrown at [C:\src\AOSP-openjdk-git\hotspot\src\share\vm\prims\jni.cpp, line 710]
Event: 1547.776 Thread 0x000000001a8fe800 Exception <a 'sun/nio/fs/WindowsException'> (0x00000000dc3f6ec0) thrown at [C:\src\AOSP-openjdk-git\hotspot\src\share\vm\prims\jni.cpp, line 710]
Event: 1547.794 Thread 0x000000001f77c800 Exception <a 'sun/nio/fs/WindowsException'> (0x00000000dc73c6f0) thrown at [C:\src\AOSP-openjdk-git\hotspot\src\share\vm\prims\jni.cpp, line 710]
Event: 1547.898 Thread 0x000000001f774000 Exception <a 'sun/nio/fs/WindowsException'> (0x00000000de165f88) thrown at [C:\src\AOSP-openjdk-git\hotspot\src\share\vm\prims\jni.cpp, line 710]
Event: 1547.902 Thread 0x000000001f779800 Exception <a 'sun/nio/fs/WindowsException'> (0x00000000def253a8) thrown at [C:\src\AOSP-openjdk-git\hotspot\src\share\vm\prims\jni.cpp, line 710]
Event: 1547.916 Thread 0x000000001a8fe800 Exception <a 'sun/nio/fs/WindowsException'> (0x00000000df12b218) thrown at [C:\src\AOSP-openjdk-git\hotspot\src\share\vm\prims\jni.cpp, line 710]
Event: 1547.977 Thread 0x000000001f775000 Implicit null exception at 0x00000000037b9d0a to 0x00000000037b9daa
Event: 1547.980 Thread 0x000000001f775000 Exception <a 'sun/nio/fs/WindowsException'> (0x00000000dfb3d158) thrown at [C:\src\AOSP-openjdk-git\hotspot\src\share\vm\prims\jni.cpp, line 710]

Events (10 events):
Event: 1547.938 loading class com/android/tools/r8/p/n/N
Event: 1547.938 loading class com/android/tools/r8/p/n/N done
Event: 1547.967 Thread 0x000000001f779800 DEOPT PACKING pc=0x0000000005ce506b sp=0x000000001e20c010
Event: 1547.967 Thread 0x000000001f779800 DEOPT UNPACKING pc=0x0000000002c775d0 sp=0x000000001e20bdd0 mode 0
Event: 1547.968 Thread 0x000000001f775000 Uncommon trap: trap_request=0xffffff65 fr.pc=0x00000000063ad314
Event: 1547.968 Thread 0x000000001f775000 DEOPT PACKING pc=0x00000000063ad314 sp=0x000000002216b380
Event: 1547.968 Thread 0x000000001f775000 DEOPT UNPACKING pc=0x0000000002c7557b sp=0x000000002216b310 mode 2
Event: 1547.977 Thread 0x000000001f775000 Uncommon trap: trap_request=0xffffff65 fr.pc=0x00000000037b9dcc
Event: 1547.977 Thread 0x000000001f775000 DEOPT PACKING pc=0x00000000037b9dcc sp=0x000000002216b050
Event: 1547.977 Thread 0x000000001f775000 DEOPT UNPACKING pc=0x0000000002c7557b sp=0x000000002216afe8 mode 2


Dynamic libraries:
0x00007ff7aa840000 - 0x00007ff7aa871000 	C:\Program Files\Android\Android Studio\jre\bin\java.exe
0x00007ffe29230000 - 0x00007ffe29426000 	C:\WINDOWS\SYSTEM32\ntdll.dll
0x00007ffe277c0000 - 0x00007ffe2787d000 	C:\WINDOWS\System32\KERNEL32.DLL
0x00007ffe26b40000 - 0x00007ffe26e09000 	C:\WINDOWS\System32\KERNELBASE.dll
0x00007ffe28130000 - 0x00007ffe281dc000 	C:\WINDOWS\System32\ADVAPI32.dll
0x00007ffe27f80000 - 0x00007ffe2801e000 	C:\WINDOWS\System32\msvcrt.dll
0x00007ffe27290000 - 0x00007ffe2732c000 	C:\WINDOWS\System32\sechost.dll
0x00007ffe27b80000 - 0x00007ffe27cab000 	C:\WINDOWS\System32\RPCRT4.dll
0x00007ffe27de0000 - 0x00007ffe27f80000 	C:\WINDOWS\System32\USER32.dll
0x00007ffe26fd0000 - 0x00007ffe26ff2000 	C:\WINDOWS\System32\win32u.dll
0x00007ffe28a40000 - 0x00007ffe28a6a000 	C:\WINDOWS\System32\GDI32.dll
0x00007ffe26ec0000 - 0x00007ffe26fcb000 	C:\WINDOWS\System32\gdi32full.dll
0x00007ffe26970000 - 0x00007ffe26a0d000 	C:\WINDOWS\System32\msvcp_win.dll
0x00007ffe27190000 - 0x00007ffe27290000 	C:\WINDOWS\System32\ucrtbase.dll
0x00007ffe16840000 - 0x00007ffe16adb000 	C:\WINDOWS\WinSxS\amd64_microsoft.windows.common-controls_6595b64144ccf1df_6.0.19041.746_none_ca02b4b61b8320a4\COMCTL32.dll
0x00007ffe291c0000 - 0x00007ffe291f0000 	C:\WINDOWS\System32\IMM32.DLL
0x00000000762a0000 - 0x0000000076372000 	C:\Program Files\Android\Android Studio\jre\jre\bin\msvcr100.dll
0x0000000076380000 - 0x0000000076bcb000 	C:\Program Files\Android\Android Studio\jre\jre\bin\server\jvm.dll
0x00007ffe289a0000 - 0x00007ffe289a8000 	C:\WINDOWS\System32\PSAPI.DLL
0x00007ffe124a0000 - 0x00007ffe124a9000 	C:\WINDOWS\SYSTEM32\WSOCK32.dll
0x00007ffe16ca0000 - 0x00007ffe16cc7000 	C:\WINDOWS\SYSTEM32\WINMM.dll
0x00007ffe1f770000 - 0x00007ffe1f77a000 	C:\WINDOWS\SYSTEM32\VERSION.dll
0x00007ffe27b10000 - 0x00007ffe27b7b000 	C:\WINDOWS\System32\WS2_32.dll
0x00007ffe22070000 - 0x00007ffe2207f000 	C:\Program Files\Android\Android Studio\jre\jre\bin\verify.dll
0x00007ffe1e7d0000 - 0x00007ffe1e7f9000 	C:\Program Files\Android\Android Studio\jre\jre\bin\java.dll
0x00007ffe22050000 - 0x00007ffe22066000 	C:\Program Files\Android\Android Studio\jre\jre\bin\zip.dll
0x00007ffe28250000 - 0x00007ffe28992000 	C:\WINDOWS\System32\SHELL32.dll
0x00007ffe246f0000 - 0x00007ffe24e80000 	C:\WINDOWS\SYSTEM32\windows.storage.dll
0x00007ffe28b20000 - 0x00007ffe28e76000 	C:\WINDOWS\System32\combase.dll
0x00007ffe263d0000 - 0x00007ffe263fc000 	C:\WINDOWS\SYSTEM32\Wldp.dll
0x00007ffe28020000 - 0x00007ffe280ce000 	C:\WINDOWS\System32\SHCORE.dll
0x00007ffe280d0000 - 0x00007ffe28125000 	C:\WINDOWS\System32\shlwapi.dll
0x00007ffe268a0000 - 0x00007ffe268c6000 	C:\WINDOWS\SYSTEM32\profapi.dll
0x00007ffe1d0f0000 - 0x00007ffe1d10a000 	C:\Program Files\Android\Android Studio\jre\jre\bin\net.dll
0x00007ffe26150000 - 0x00007ffe261ba000 	C:\WINDOWS\system32\mswsock.dll
0x00007ffe14bc0000 - 0x00007ffe14bd3000 	C:\Program Files\Android\Android Studio\jre\jre\bin\nio.dll
0x00007ffe0a0a0000 - 0x00007ffe0a0c7000 	C:\Users\Dave\.gradle\native\f6784746aeab05261644944871eae4fe03e0ef1612fff0a4a95f87b438bc6780\windows-amd64\native-platform.dll
0x00007ffe1d0e0000 - 0x00007ffe1d0ed000 	C:\Program Files\Android\Android Studio\jre\jre\bin\management.dll
0x00007ffe26320000 - 0x00007ffe26338000 	C:\WINDOWS\SYSTEM32\CRYPTSP.dll
0x00007ffe25a80000 - 0x00007ffe25ab4000 	C:\WINDOWS\system32\rsaenh.dll
0x00007ffe27000000 - 0x00007ffe27027000 	C:\WINDOWS\System32\bcrypt.dll
0x00007ffe26860000 - 0x00007ffe2688e000 	C:\WINDOWS\SYSTEM32\USERENV.dll
0x00007ffe26a60000 - 0x00007ffe26ae0000 	C:\WINDOWS\System32\bcryptprimitives.dll
0x00007ffe26340000 - 0x00007ffe2634c000 	C:\WINDOWS\SYSTEM32\CRYPTBASE.dll
0x00007ffe25df0000 - 0x00007ffe25e2b000 	C:\WINDOWS\SYSTEM32\IPHLPAPI.DLL
0x00007ffe28ee0000 - 0x00007ffe28ee8000 	C:\WINDOWS\System32\NSI.dll
0x00007ffe1e3a0000 - 0x00007ffe1e3b7000 	C:\WINDOWS\SYSTEM32\dhcpcsvc6.DLL
0x00007ffe1f690000 - 0x00007ffe1f6ad000 	C:\WINDOWS\SYSTEM32\dhcpcsvc.DLL
0x00007ffe25e30000 - 0x00007ffe25efb000 	C:\WINDOWS\SYSTEM32\DNSAPI.dll
0x00007ffe1f6b0000 - 0x00007ffe1f6bb000 	C:\WINDOWS\SYSTEM32\WINNSI.DLL
0x00007ffe00b50000 - 0x00007ffe00cec000 	C:\Program Files\Android\Android Studio\jre\jre\bin\awt.dll
0x00007ffe27cb0000 - 0x00007ffe27d7d000 	C:\WINDOWS\System32\OLEAUT32.dll
0x00007ffe24220000 - 0x00007ffe2424f000 	C:\WINDOWS\SYSTEM32\dwmapi.dll
0x00007ffe22c70000 - 0x00007ffe23230000 	C:\WINDOWS\SYSTEM32\d2d1.dll
0x00007ffe23f50000 - 0x00007ffe23fe0000 	C:\WINDOWS\SYSTEM32\apphelp.dll
0x00007ffe24050000 - 0x00007ffe240ee000 	C:\WINDOWS\system32\uxtheme.dll
0x00007ffe0a0d0000 - 0x00007ffe0a0f4000 	C:\Program Files\Android\Android Studio\jre\jre\bin\sunec.dll
0x00007ffe15990000 - 0x00007ffe1599a000 	C:\Windows\System32\rasadhlp.dll
0x00007ffe15b20000 - 0x00007ffe15b9f000 	C:\WINDOWS\System32\fwpuclnt.dll
0x00007ffe10a70000 - 0x00007ffe10a7b000 	C:\Program Files\Android\Android Studio\jre\jre\bin\sunmscapi.dll
0x00007ffe27030000 - 0x00007ffe27186000 	C:\WINDOWS\System32\CRYPT32.dll
0x00007ffe256b0000 - 0x00007ffe256e3000 	C:\WINDOWS\SYSTEM32\ntmarta.dll
0x00007ffe22140000 - 0x00007ffe2215e000 	C:\Users\Dave\AppData\Local\Temp\native-platform5389856084428666748dir\native-platform.dll

VM Arguments:
jvm_args: -Xmx2048m -Dfile.encoding=UTF-8 -Duser.country=KR -Duser.language=ko -Duser.variant 
java_command: org.gradle.launcher.daemon.bootstrap.GradleDaemon 6.5
java_class_path (initial): C:\Users\Dave\.gradle\wrapper\dists\gradle-6.5-bin\6nifqtx7604sqp1q6g8wikw7p\gradle-6.5\lib\gradle-launcher-6.5.jar
Launcher Type: SUN_STANDARD

Environment Variables:
JAVA_HOME=C:\Program Files\Java\jdk-12.0.2
PATH=C:\Program Files (x86)\Common Files\Oracle\Java\javapath;C:\Program Files (x86)\NAT Service;C:\Program Files (x86)\Intel\iCLS Client\;C:\Program Files\Intel\iCLS Client\;C:\Windows\system32;C:\Windows;C:\Windows\System32\Wbem;C:\Windows\System32\WindowsPowerShell\v1.0\;C:\Windows\System32\OpenSSH\;C:\Program Files (x86)\Intel\Intel(R) Management Engine Components\DAL;C:\Program Files\Intel\Intel(R) Management Engine Components\DAL;C:\Program Files (x86)\Intel\Intel(R) Management Engine Components\IPT;C:\Program Files\Intel\Intel(R) Management Engine Components\IPT;C:\Program Files (x86)\NVIDIA Corporation\PhysX\Common;C:\Program Files\Intel\WiFi\bin\;C:\Program Files\Common Files\Intel\WirelessCommon\;C:\Program Files (x86)\ePapyrus\PapyrusNtas;C:\Program Files (x86)\ePapyrus\PapyrusNtas\Addins;C:\APM_Setup\Server\Apache\bin;C:\APM_Setup\Server\MySQL5\bin;C:\APM_Setup\Server\PHP5;C:\Program Files\nodejs\;C:\Program Files\Git\cmd;C:\WINDOWS\system32;C:\WINDOWS;C:\WINDOWS\System32\Wbem;C:\WINDOWS\System32\WindowsPowerShell\v1.0\;C:\WINDOWS\System32\OpenSSH\;C:\Users\Dave\AppData\Local\Microsoft\WindowsApps;C:\Program Files\Intel\WiFi\bin\;C:\Program Files\Common Files\Intel\WirelessCommon\;C:\Program Files\Bandizip\;C:\Users\Dave\AppData\Local\atom\bin;C:\Users\Dave\AppData\Roaming\npm;%JAVA_HOME%;%ANDORID_HOME%;C:\Users\Dave\AppData\Local\Android\Sdk\platform-tools;;C:\Users\Dave\AppData\Local\Programs\Microsoft VS Code\bin;%USERPROFILE%\AppData\Local\Microsoft\WindowsApps;C:\Program Files (x86)\SoftForum\XecureHSM\;
USERNAME=Dave
OS=Windows_NT
PROCESSOR_IDENTIFIER=Intel64 Family 6 Model 142 Stepping 10, GenuineIntel



---------------  S Y S T E M  ---------------

OS: Windows 10.0 , 64 bit Build 19041 (10.0.19041.804)

CPU:total 8 (initial active 8) (4 cores per cpu, 2 threads per core) family 6 model 142 stepping 10, cmov, cx8, fxsr, mmx, sse, sse2, sse3, ssse3, sse4.1, sse4.2, popcnt, avx, avx2, aes, clmul, erms, 3dnowpref, lzcnt, ht, tsc, tscinvbit, bmi1, bmi2, adx

Memory: 4k page, physical 8295652k(611772k free), swap 10249444k(3044k free)

vm_info: OpenJDK 64-Bit Server VM (25.242-b01) for windows-amd64 JRE (1.8.0_242-release-1644-b01), built by "builder" with MS VC++ 10.0 (VS2010)

time: Thu Mar 11 13:37:04 2021
timezone:  
elapsed time: 1548 seconds (0d 0h 25m 48s)

