#
# There is insufficient memory for the Java Runtime Environment to continue.
# Native memory allocation (malloc) failed to allocate 32744 bytes for ChunkPool::allocate
# Possible reasons:
#   The system is out of physical RAM or swap space
#   The process is running with CompressedOops enabled, and the Java Heap may be blocking the growth of the native heap
# Possible solutions:
#   Reduce memory load on the system
#   Increase physical memory or swap space
#   Check if swap backing store is full
#   Decrease Java heap size (-Xmx/-Xms)
#   Decrease number of Java threads
#   Decrease Java thread stack sizes (-Xss)
#   Set larger code cache with -XX:ReservedCodeCacheSize=
#   JVM is running with Unscaled Compressed Oops mode in which the Java heap is
#     placed in the first 4GB address space. The Java Heap base address is the
#     maximum limit for the native heap growth. Please use -XX:HeapBaseMinAddress
#     to set the Java Heap base and to place the Java Heap above 4GB virtual address.
# This output file may be truncated or incomplete.
#
#  Out of Memory Error (allocation.cpp:272), pid=9164, tid=0x00000000000033cc
#
# JRE version: OpenJDK Runtime Environment (8.0_242-b01) (build 1.8.0_242-release-1644-b01)
# Java VM: OpenJDK 64-Bit Server VM (25.242-b01 mixed mode windows-amd64 compressed oops)
# Failed to write core dump. Minidumps are not enabled by default on client versions of Windows
#

---------------  T H R E A D  ---------------

Current thread (0x0000000019cad000):  JavaThread "C1 CompilerThread3" daemon [_thread_in_native, id=13260, stack(0x000000001a7a0000,0x000000001a8a0000)]

Stack: [0x000000001a7a0000,0x000000001a8a0000]
[error occurred during error reporting (printing stack bounds), id 0xc0000005]

Native frames: (J=compiled Java code, j=interpreted, Vv=VM code, C=native code)


Current CompileTask:
C1: 281018 12327   !   3       java.io.ObjectInputStream::readObject0 (671 bytes)


---------------  P R O C E S S  ---------------

Java Threads: ( => current thread )
  0x00000000215f1800 JavaThread "RMI TCP Connection(1)-127.0.0.1" daemon [_thread_in_native, id=11260, stack(0x000000002ff60000,0x0000000030060000)]
  0x00000000215ee000 JavaThread "RMI Reaper" [_thread_blocked, id=13904, stack(0x000000002fe60000,0x000000002ff60000)]
  0x00000000215f2000 JavaThread "RMI TCP Accept-0" daemon [_thread_in_native, id=8652, stack(0x000000002fd60000,0x000000002fe60000)]
  0x00000000215ef800 JavaThread "GC Daemon" daemon [_thread_blocked, id=18856, stack(0x000000002fc60000,0x000000002fd60000)]
  0x00000000215ed800 JavaThread "RMI RenewClean-[127.0.0.1:17455,org.jetbrains.kotlin.daemon.common.LoopbackNetworkInterface$ClientLoopbackSocketFactory@532b4b51]" daemon [_thread_blocked, id=18308, stack(0x000000002fb60000,0x000000002fc60000)]
  0x00000000215ef000 JavaThread "RMI Scheduler(0)" daemon [_thread_blocked, id=6872, stack(0x000000002e290000,0x000000002e390000)]
  0x00000000215e6000 JavaThread "Cache worker for execution history cache (C:\Users\Dave\AndroidStudioProject\example source\FBTalk\.gradle\6.5\executionHistory)" [_thread_blocked, id=16008, stack(0x000000002e190000,0x000000002e290000)]
  0x00000000215ec800 JavaThread "Execution worker for ':' Thread 7" [_thread_in_native, id=10072, stack(0x000000002df90000,0x000000002e090000)]
  0x00000000215e5000 JavaThread "Execution worker for ':' Thread 6" [_thread_blocked, id=6300, stack(0x000000002de90000,0x000000002df90000)]
  0x00000000215ec000 JavaThread "Execution worker for ':' Thread 5" [_thread_blocked, id=15888, stack(0x000000002d930000,0x000000002da30000)]
  0x00000000215e4800 JavaThread "Execution worker for ':' Thread 4" [_thread_blocked, id=14740, stack(0x000000002c420000,0x000000002c520000)]
  0x00000000215e8000 JavaThread "Execution worker for ':' Thread 3" [_thread_blocked, id=6880, stack(0x000000002c320000,0x000000002c420000)]
  0x00000000215ea800 JavaThread "Execution worker for ':' Thread 2" [_thread_blocked, id=10256, stack(0x000000002b120000,0x000000002b220000)]
  0x00000000215eb000 JavaThread "Execution worker for ':'" [_thread_blocked, id=18716, stack(0x000000002ae20000,0x000000002af20000)]
  0x00000000215e6800 JavaThread "Cache worker for file content cache (C:\Users\Dave\AndroidStudioProject\example source\FBTalk\.gradle\6.5\fileContent)" [_thread_blocked, id=21464, stack(0x000000002ad20000,0x000000002ae20000)]
  0x00000000215e3000 JavaThread "Cache worker for Build Output Cleanup Cache (C:\Users\Dave\AndroidStudioProject\example source\FBTalk\.gradle\buildOutputCleanup)" [_thread_blocked, id=12796, stack(0x000000002ac20000,0x000000002ad20000)]
  0x00000000215e7800 JavaThread "jar transforms Thread 232" [_thread_blocked, id=16180, stack(0x000000002ab20000,0x000000002ac20000)]
  0x00000000215e3800 JavaThread "jar transforms Thread 231" [_thread_blocked, id=16808, stack(0x000000002aa20000,0x000000002ab20000)]
  0x00000000215e9800 JavaThread "jar transforms Thread 230" [_thread_blocked, id=8136, stack(0x000000002a920000,0x000000002aa20000)]
  0x00000000215e9000 JavaThread "jar transforms Thread 229" [_thread_blocked, id=8200, stack(0x000000002a820000,0x000000002a920000)]
  0x000000001b315000 JavaThread "jar transforms Thread 228" [_thread_blocked, id=17032, stack(0x000000002a720000,0x000000002a820000)]
  0x000000001b31b800 JavaThread "jar transforms Thread 227" [_thread_blocked, id=19272, stack(0x000000002a620000,0x000000002a720000)]
  0x000000001b315800 JavaThread "jar transforms Thread 226" [_thread_blocked, id=5124, stack(0x000000002a520000,0x000000002a620000)]
  0x000000001b318000 JavaThread "jar transforms Thread 225" [_thread_blocked, id=17724, stack(0x000000002a420000,0x000000002a520000)]
  0x000000001b314000 JavaThread "jar transforms Thread 224" [_thread_blocked, id=7800, stack(0x000000002a320000,0x000000002a420000)]
  0x000000001b319800 JavaThread "jar transforms Thread 223" [_thread_blocked, id=2944, stack(0x000000002a220000,0x000000002a320000)]
  0x000000001b318800 JavaThread "jar transforms Thread 222" [_thread_blocked, id=18804, stack(0x000000002a120000,0x000000002a220000)]
  0x000000001b317000 JavaThread "jar transforms Thread 221" [_thread_blocked, id=6200, stack(0x000000002a020000,0x000000002a120000)]
  0x000000001b31b000 JavaThread "jar transforms Thread 220" [_thread_blocked, id=20588, stack(0x0000000029f20000,0x000000002a020000)]
  0x000000001b316800 JavaThread "jar transforms Thread 219" [_thread_blocked, id=21256, stack(0x0000000029e20000,0x0000000029f20000)]
  0x000000001b31a000 JavaThread "jar transforms Thread 218" [_thread_blocked, id=4912, stack(0x0000000029d20000,0x0000000029e20000)]
  0x000000001b30c800 JavaThread "jar transforms Thread 217" [_thread_blocked, id=16496, stack(0x0000000029c20000,0x0000000029d20000)]
  0x000000001b311000 JavaThread "jar transforms Thread 216" [_thread_blocked, id=14500, stack(0x0000000029b20000,0x0000000029c20000)]
  0x000000001b30f800 JavaThread "jar transforms Thread 215" [_thread_blocked, id=21084, stack(0x0000000029a20000,0x0000000029b20000)]
  0x000000001b30e000 JavaThread "jar transforms Thread 214" [_thread_blocked, id=16120, stack(0x0000000029920000,0x0000000029a20000)]
  0x000000001b310800 JavaThread "jar transforms Thread 213" [_thread_blocked, id=1012, stack(0x0000000029820000,0x0000000029920000)]
  0x000000001b30f000 JavaThread "jar transforms Thread 212" [_thread_blocked, id=16512, stack(0x0000000029720000,0x0000000029820000)]
  0x000000001b313800 JavaThread "jar transforms Thread 211" [_thread_blocked, id=1436, stack(0x0000000029620000,0x0000000029720000)]
  0x000000001b312000 JavaThread "jar transforms Thread 210" [_thread_blocked, id=17220, stack(0x0000000029520000,0x0000000029620000)]
  0x000000001b30d800 JavaThread "jar transforms Thread 209" [_thread_blocked, id=8524, stack(0x0000000029420000,0x0000000029520000)]
  0x000000001b312800 JavaThread "jar transforms Thread 208" [_thread_blocked, id=15584, stack(0x0000000029320000,0x0000000029420000)]
  0x0000000019f51000 JavaThread "jar transforms Thread 207" [_thread_blocked, id=17920, stack(0x0000000029220000,0x0000000029320000)]
  0x0000000019f50800 JavaThread "jar transforms Thread 206" [_thread_blocked, id=17840, stack(0x0000000029120000,0x0000000029220000)]
  0x0000000019f4f000 JavaThread "jar transforms Thread 205" [_thread_blocked, id=15596, stack(0x0000000029020000,0x0000000029120000)]
  0x0000000019f4d800 JavaThread "jar transforms Thread 204" [_thread_blocked, id=1452, stack(0x0000000028f20000,0x0000000029020000)]
  0x0000000019f52000 JavaThread "jar transforms Thread 203" [_thread_blocked, id=14028, stack(0x0000000028e20000,0x0000000028f20000)]
  0x0000000019f4c800 JavaThread "jar transforms Thread 202" [_thread_blocked, id=6316, stack(0x0000000028d20000,0x0000000028e20000)]
  0x0000000019f4e000 JavaThread "jar transforms Thread 201" [_thread_blocked, id=18476, stack(0x0000000028c20000,0x0000000028d20000)]
  0x0000000019f52800 JavaThread "jar transforms Thread 200" [_thread_blocked, id=16280, stack(0x0000000028b20000,0x0000000028c20000)]
  0x0000000019f4f800 JavaThread "jar transforms Thread 199" [_thread_blocked, id=21296, stack(0x0000000028a20000,0x0000000028b20000)]
  0x0000000019f45000 JavaThread "jar transforms Thread 198" [_thread_blocked, id=7028, stack(0x0000000028920000,0x0000000028a20000)]
  0x0000000019f49800 JavaThread "jar transforms Thread 197" [_thread_blocked, id=2484, stack(0x0000000028820000,0x0000000028920000)]
  0x0000000019f46800 JavaThread "jar transforms Thread 196" [_thread_blocked, id=5504, stack(0x0000000028720000,0x0000000028820000)]
  0x0000000019f4c000 JavaThread "jar transforms Thread 195" [_thread_blocked, id=3852, stack(0x0000000028620000,0x0000000028720000)]
  0x0000000019f48800 JavaThread "jar transforms Thread 194" [_thread_blocked, id=16648, stack(0x0000000028520000,0x0000000028620000)]
  0x0000000019f44000 JavaThread "jar transforms Thread 193" [_thread_blocked, id=7500, stack(0x0000000028420000,0x0000000028520000)]
  0x0000000019f4b000 JavaThread "jar transforms Thread 192" [_thread_blocked, id=3508, stack(0x0000000028320000,0x0000000028420000)]
  0x0000000019f4a000 JavaThread "jar transforms Thread 191" [_thread_blocked, id=3604, stack(0x0000000028220000,0x0000000028320000)]
  0x0000000019f43800 JavaThread "jar transforms Thread 190" [_thread_blocked, id=8156, stack(0x0000000028120000,0x0000000028220000)]
  0x0000000019f45800 JavaThread "jar transforms Thread 189" [_thread_blocked, id=4496, stack(0x0000000028020000,0x0000000028120000)]
  0x0000000019f47000 JavaThread "jar transforms Thread 188" [_thread_blocked, id=18084, stack(0x0000000027f20000,0x0000000028020000)]
  0x0000000019f48000 JavaThread "jar transforms Thread 187" [_thread_blocked, id=15064, stack(0x0000000027e20000,0x0000000027f20000)]
  0x000000001f4d8800 JavaThread "jar transforms Thread 186" [_thread_blocked, id=4764, stack(0x0000000027d20000,0x0000000027e20000)]
  0x000000001f4d7800 JavaThread "jar transforms Thread 185" [_thread_blocked, id=14784, stack(0x0000000027c20000,0x0000000027d20000)]
  0x000000001f4d6000 JavaThread "jar transforms Thread 184" [_thread_blocked, id=20744, stack(0x0000000027b20000,0x0000000027c20000)]
  0x000000001f4da000 JavaThread "jar transforms Thread 183" [_thread_blocked, id=3324, stack(0x0000000027a20000,0x0000000027b20000)]
  0x000000001f4d5800 JavaThread "jar transforms Thread 182" [_thread_blocked, id=15660, stack(0x0000000027920000,0x0000000027a20000)]
  0x000000001f4dc000 JavaThread "jar transforms Thread 181" [_thread_blocked, id=19140, stack(0x0000000027820000,0x0000000027920000)]
  0x000000001f4da800 JavaThread "jar transforms Thread 180" [_thread_blocked, id=20776, stack(0x0000000027720000,0x0000000027820000)]
  0x000000001f4d9000 JavaThread "jar transforms Thread 179" [_thread_blocked, id=17204, stack(0x0000000027620000,0x0000000027720000)]
  0x000000001f4d7000 JavaThread "jar transforms Thread 178" [_thread_blocked, id=12456, stack(0x0000000027520000,0x0000000027620000)]
  0x000000001f4d4800 JavaThread "jar transforms Thread 177" [_thread_blocked, id=20784, stack(0x0000000027420000,0x0000000027520000)]
  0x000000001f4db800 JavaThread "jar transforms Thread 176" [_thread_blocked, id=14904, stack(0x0000000027320000,0x0000000027420000)]
  0x000000001f4cd000 JavaThread "jar transforms Thread 175" [_thread_blocked, id=21276, stack(0x0000000027220000,0x0000000027320000)]
  0x000000001f4d1800 JavaThread "jar transforms Thread 174" [_thread_blocked, id=21012, stack(0x0000000027120000,0x0000000027220000)]
  0x000000001f4d1000 JavaThread "jar transforms Thread 173" [_thread_blocked, id=21404, stack(0x0000000027020000,0x0000000027120000)]
  0x000000001f4d0000 JavaThread "jar transforms Thread 172" [_thread_blocked, id=16652, stack(0x0000000026f20000,0x0000000027020000)]
  0x000000001f4d4000 JavaThread "jar transforms Thread 171" [_thread_blocked, id=3972, stack(0x0000000026e20000,0x0000000026f20000)]
  0x000000001f4d3000 JavaThread "jar transforms Thread 170" [_thread_blocked, id=20688, stack(0x0000000026d20000,0x0000000026e20000)]
  0x000000001f4d2800 JavaThread "jar transforms Thread 169" [_thread_blocked, id=4724, stack(0x0000000026c20000,0x0000000026d20000)]
  0x000000001f4cf800 JavaThread "jar transforms Thread 168" [_thread_blocked, id=9228, stack(0x0000000026b20000,0x0000000026c20000)]
  0x000000001f4ce800 JavaThread "jar transforms Thread 167" [_thread_blocked, id=15244, stack(0x0000000026a20000,0x0000000026b20000)]
  0x000000001f4ce000 JavaThread "jar transforms Thread 166" [_thread_blocked, id=20932, stack(0x0000000026920000,0x0000000026a20000)]
  0x000000001fc16000 JavaThread "jar transforms Thread 165" [_thread_blocked, id=3964, stack(0x0000000026820000,0x0000000026920000)]
  0x000000001fc15000 JavaThread "jar transforms Thread 164" [_thread_blocked, id=20648, stack(0x0000000026720000,0x0000000026820000)]
  0x000000001fc14800 JavaThread "jar transforms Thread 163" [_thread_blocked, id=15896, stack(0x0000000026620000,0x0000000026720000)]
  0x000000001fc17800 JavaThread "jar transforms Thread 162" [_thread_blocked, id=19044, stack(0x0000000026520000,0x0000000026620000)]
  0x000000001fc16800 JavaThread "jar transforms Thread 161" [_thread_blocked, id=18892, stack(0x0000000026420000,0x0000000026520000)]
  0x000000001fc0d000 JavaThread "jar transforms Thread 160" [_thread_blocked, id=7448, stack(0x0000000026320000,0x0000000026420000)]
  0x000000001fc12000 JavaThread "jar transforms Thread 159" [_thread_blocked, id=8824, stack(0x0000000026220000,0x0000000026320000)]
  0x000000001fc11800 JavaThread "jar transforms Thread 158" [_thread_blocked, id=14344, stack(0x0000000026120000,0x0000000026220000)]
  0x000000001fc0d800 JavaThread "jar transforms Thread 157" [_thread_blocked, id=6720, stack(0x0000000026020000,0x0000000026120000)]
  0x000000001fc13800 JavaThread "jar transforms Thread 156" [_thread_blocked, id=16972, stack(0x0000000025f20000,0x0000000026020000)]
  0x000000001fc13000 JavaThread "jar transforms Thread 155" [_thread_blocked, id=18748, stack(0x0000000025e20000,0x0000000025f20000)]
  0x000000001fc0a000 JavaThread "jar transforms Thread 154" [_thread_blocked, id=444, stack(0x0000000025d20000,0x0000000025e20000)]
  0x000000001fc0b800 JavaThread "jar transforms Thread 153" [_thread_blocked, id=10556, stack(0x0000000025c20000,0x0000000025d20000)]
  0x000000001fc0a800 JavaThread "jar transforms Thread 152" [_thread_blocked, id=2716, stack(0x0000000025b20000,0x0000000025c20000)]
  0x000000001fc10800 JavaThread "jar transforms Thread 151" [_thread_blocked, id=15892, stack(0x0000000025a20000,0x0000000025b20000)]
  0x000000001fc09000 JavaThread "jar transforms Thread 150" [_thread_blocked, id=14772, stack(0x0000000025920000,0x0000000025a20000)]
  0x000000001fc10000 JavaThread "jar transforms Thread 149" [_thread_blocked, id=13628, stack(0x0000000025820000,0x0000000025920000)]
  0x000000001fc08800 JavaThread "jar transforms Thread 148" [_thread_blocked, id=8768, stack(0x0000000025720000,0x0000000025820000)]
  0x000000001fc0c000 JavaThread "jar transforms Thread 147" [_thread_blocked, id=9672, stack(0x0000000025620000,0x0000000025720000)]
  0x000000001fc0e800 JavaThread "jar transforms Thread 146" [_thread_blocked, id=14156, stack(0x0000000025520000,0x0000000025620000)]
  0x000000001fc0f000 JavaThread "jar transforms Thread 145" [_thread_blocked, id=14876, stack(0x0000000025420000,0x0000000025520000)]
  0x000000001cd02000 JavaThread "jar transforms Thread 144" [_thread_blocked, id=11092, stack(0x0000000025320000,0x0000000025420000)]
  0x000000001cd09000 JavaThread "jar transforms Thread 143" [_thread_blocked, id=9200, stack(0x0000000025220000,0x0000000025320000)]
  0x000000001cd06800 JavaThread "jar transforms Thread 142" [_thread_blocked, id=772, stack(0x0000000025120000,0x0000000025220000)]
  0x000000001cd06000 JavaThread "jar transforms Thread 141" [_thread_blocked, id=19176, stack(0x0000000025020000,0x0000000025120000)]
  0x000000001cd07800 JavaThread "jar transforms Thread 140" [_thread_blocked, id=20820, stack(0x0000000024f20000,0x0000000025020000)]
  0x000000001ca8a800 JavaThread "jar transforms Thread 139" [_thread_blocked, id=9068, stack(0x0000000024e20000,0x0000000024f20000)]
  0x000000001ca88000 JavaThread "jar transforms Thread 138" [_thread_blocked, id=18068, stack(0x0000000024d20000,0x0000000024e20000)]
  0x000000001ca89800 JavaThread "jar transforms Thread 137" [_thread_blocked, id=9932, stack(0x0000000024c20000,0x0000000024d20000)]
  0x000000001ca85000 JavaThread "jar transforms Thread 136" [_thread_blocked, id=17924, stack(0x0000000024b20000,0x0000000024c20000)]
  0x000000001ca8c000 JavaThread "jar transforms Thread 135" [_thread_blocked, id=19908, stack(0x0000000024a20000,0x0000000024b20000)]
  0x000000001ff86800 JavaThread "jar transforms Thread 134" [_thread_blocked, id=8644, stack(0x0000000024920000,0x0000000024a20000)]
  0x000000001ff85000 JavaThread "jar transforms Thread 133" [_thread_blocked, id=14296, stack(0x0000000024820000,0x0000000024920000)]
  0x000000001ff86000 JavaThread "jar transforms Thread 132" [_thread_blocked, id=11688, stack(0x0000000024720000,0x0000000024820000)]
  0x000000001ff84800 JavaThread "jar transforms Thread 131" [_thread_blocked, id=4640, stack(0x0000000024620000,0x0000000024720000)]
  0x000000001ff83800 JavaThread "jar transforms Thread 130" [_thread_blocked, id=16216, stack(0x0000000024520000,0x0000000024620000)]
  0x000000001ff83000 JavaThread "jar transforms Thread 129" [_thread_blocked, id=16876, stack(0x0000000024420000,0x0000000024520000)]
  0x000000001ff81800 JavaThread "jar transforms Thread 128" [_thread_blocked, id=7888, stack(0x0000000024320000,0x0000000024420000)]
  0x000000001ff88000 JavaThread "jar transforms Thread 127" [_thread_blocked, id=12532, stack(0x0000000024220000,0x0000000024320000)]
  0x000000001ff87800 JavaThread "jar transforms Thread 126" [_thread_blocked, id=12572, stack(0x0000000024120000,0x0000000024220000)]
  0x000000001ff7c000 JavaThread "jar transforms Thread 125" [_thread_blocked, id=16116, stack(0x0000000024020000,0x0000000024120000)]
  0x000000001ff80800 JavaThread "jar transforms Thread 124" [_thread_blocked, id=8104, stack(0x0000000023f20000,0x0000000024020000)]
  0x000000001ff80000 JavaThread "jar transforms Thread 123" [_thread_blocked, id=10220, stack(0x0000000023e20000,0x0000000023f20000)]
  0x000000001ff7b000 JavaThread "jar transforms Thread 122" [_thread_blocked, id=7252, stack(0x0000000023d20000,0x0000000023e20000)]
  0x000000001ff7f000 JavaThread "jar transforms Thread 121" [_thread_blocked, id=12948, stack(0x0000000023c20000,0x0000000023d20000)]
  0x000000001ff79800 JavaThread "jar transforms Thread 120" [_thread_blocked, id=14532, stack(0x0000000023920000,0x0000000023a20000)]
  0x000000001ff79000 JavaThread "jar transforms Thread 119" [_thread_blocked, id=21332, stack(0x0000000023820000,0x0000000023920000)]
  0x000000001ff7e000 JavaThread "jar transforms Thread 118" [_thread_blocked, id=18900, stack(0x0000000023720000,0x0000000023820000)]
  0x000000001ff7d800 JavaThread "jar transforms Thread 117" [_thread_blocked, id=6624, stack(0x0000000023620000,0x0000000023720000)]
  0x000000001b6a1800 JavaThread "Build operations Thread 8" [_thread_blocked, id=7876, stack(0x0000000023520000,0x0000000023620000)]
  0x000000001b6a1000 JavaThread "Build operations Thread 7" [_thread_blocked, id=8948, stack(0x0000000023420000,0x0000000023520000)]
  0x000000001b699800 JavaThread "Build operations Thread 6" [_thread_blocked, id=16568, stack(0x0000000023320000,0x0000000023420000)]
  0x000000001b698800 JavaThread "Build operations Thread 5" [_thread_blocked, id=20728, stack(0x0000000023220000,0x0000000023320000)]
  0x000000001b69f800 JavaThread "Build operations Thread 4" [_thread_blocked, id=5020, stack(0x0000000022a20000,0x0000000022b20000)]
  0x000000001b69e000 JavaThread "Build operations Thread 3" [_thread_blocked, id=18880, stack(0x0000000022220000,0x0000000022320000)]
  0x000000001b69c800 JavaThread "Build operations Thread 2" [_thread_blocked, id=15248, stack(0x0000000022120000,0x0000000022220000)]
  0x000000001b69e800 JavaThread "Build operations" [_thread_blocked, id=10472, stack(0x0000000020dc0000,0x0000000020ec0000)]
  0x000000001b69d000 JavaThread "Cache worker for cache directory md-rule (C:\Users\Dave\.gradle\caches\6.5\md-rule)" [_thread_blocked, id=14152, stack(0x0000000020cc0000,0x0000000020dc0000)]
  0x000000001b694800 JavaThread "Cache worker for cache directory md-supplier (C:\Users\Dave\.gradle\caches\6.5\md-supplier)" [_thread_blocked, id=16740, stack(0x000000001e320000,0x000000001e420000)]
  0x000000001b695800 JavaThread "Cache worker for checksums cache (C:\Users\Dave\AndroidStudioProject\example source\FBTalk\.gradle\checksums)" [_thread_blocked, id=19144, stack(0x000000001e220000,0x000000001e320000)]
  0x000000001b69b800 JavaThread "Cache worker for file hash cache (C:\Users\Dave\AndroidStudioProject\example source\FBTalk\.gradle\6.5\fileHashes)" [_thread_blocked, id=17748, stack(0x000000001e120000,0x000000001e220000)]
  0x000000001b694000 JavaThread "Thread-185" [_thread_blocked, id=14388, stack(0x000000001e020000,0x000000001e120000)]
  0x000000001b693000 JavaThread "Stdin handler" [_thread_blocked, id=13732, stack(0x000000001dc20000,0x000000001dd20000)]
  0x000000001b69a000 JavaThread "Asynchronous log dispatcher for DefaultDaemonConnection: socket connection from /127.0.0.1:55551 to /127.0.0.1:55659" [_thread_blocked, id=10764, stack(0x000000001d640000,0x000000001d740000)]
  0x000000001b696000 JavaThread "Daemon worker Thread 2" [_thread_blocked, id=15068, stack(0x000000001d540000,0x000000001d640000)]
  0x000000001b692800 JavaThread "Cancel handler" [_thread_blocked, id=5464, stack(0x0000000000e80000,0x0000000000f80000)]
  0x000000001b697800 JavaThread "Handler for socket connection from /127.0.0.1:55551 to /127.0.0.1:55659" [_thread_in_native, id=16332, stack(0x0000000000d80000,0x0000000000e80000)]
  0x000000001b697000 JavaThread "Daemon Thread 2" [_thread_blocked, id=10940, stack(0x0000000000c80000,0x0000000000d80000)]
  0x000000001b6a0000 JavaThread "Memory manager" [_thread_blocked, id=15852, stack(0x000000002c220000,0x000000002c320000)]
  0x000000001ca86000 JavaThread "Cache worker for file content cache (C:\Users\Dave\.gradle\caches\6.5\fileContent)" [_thread_blocked, id=15828, stack(0x0000000022b20000,0x0000000022c20000)]
  0x000000001ca8b000 JavaThread "Cache worker for execution history cache (C:\Users\Dave\.gradle\caches\6.5\executionHistory)" [_thread_blocked, id=16368, stack(0x0000000022320000,0x0000000022420000)]
  0x000000001ca89000 JavaThread "Cache worker for file hash cache (C:\Users\Dave\.gradle\caches\6.5\fileHashes)" [_thread_blocked, id=20732, stack(0x000000001e820000,0x000000001e920000)]
  0x000000001ca87800 JavaThread "File lock request listener" [_thread_in_native, id=8872, stack(0x000000001e720000,0x000000001e820000)]
  0x000000001c7cf000 JavaThread "Cache worker for journal cache (C:\Users\Dave\.gradle\caches\journal-1)" [_thread_blocked, id=1940, stack(0x000000001e620000,0x000000001e720000)]
  0x000000001c6e3800 JavaThread "Daemon periodic checks" [_thread_blocked, id=9888, stack(0x000000001d920000,0x000000001da20000)]
  0x000000001c6d8000 JavaThread "Incoming local TCP Connector on port 55551" [_thread_in_native, id=10192, stack(0x000000001d740000,0x000000001d840000)]
  0x0000000019d97800 JavaThread "Daemon health stats" [_thread_blocked, id=2060, stack(0x000000001d440000,0x000000001d540000)]
  0x0000000019d3c000 JavaThread "Service Thread" daemon [_thread_blocked, id=16136, stack(0x000000001a8a0000,0x000000001a9a0000)]
=>0x0000000019cad000 JavaThread "C1 CompilerThread3" daemon [_thread_in_native, id=13260, stack(0x000000001a7a0000,0x000000001a8a0000)]
  0x0000000019ca6000 JavaThread "C2 CompilerThread2" daemon [_thread_blocked, id=8892, stack(0x000000001a6a0000,0x000000001a7a0000)]
  0x0000000019c48000 JavaThread "C2 CompilerThread1" daemon [_thread_blocked, id=12772, stack(0x000000001a5a0000,0x000000001a6a0000)]
  0x0000000019ca0800 JavaThread "C2 CompilerThread0" daemon [_thread_blocked, id=17008, stack(0x000000001a4a0000,0x000000001a5a0000)]
  0x0000000019c9f000 JavaThread "Attach Listener" daemon [_thread_blocked, id=20548, stack(0x000000001a3a0000,0x000000001a4a0000)]
  0x0000000019c9e800 JavaThread "Signal Dispatcher" daemon [_thread_blocked, id=20860, stack(0x000000001a2a0000,0x000000001a3a0000)]
  0x0000000019c31800 JavaThread "Finalizer" daemon [_thread_blocked, id=20544, stack(0x000000001a110000,0x000000001a210000)]
  0x0000000019c30800 JavaThread "Reference Handler" daemon [_thread_blocked, id=21372, stack(0x000000001a010000,0x000000001a110000)]
  0x0000000002cd2800 JavaThread "main" [_thread_blocked, id=7376, stack(0x0000000002b10000,0x0000000002c10000)]

Other Threads:
  0x0000000017e38800 VMThread [stack: 0x0000000019b10000,0x0000000019c10000] [id=3448]
  0x0000000019d3d000 WatcherThread [stack: 0x000000001a9a0000,0x000000001aaa0000] [id=21032]

VM state:not at safepoint (normal execution)

VM Mutex/Monitor currently owned by a thread: None

heap address: 0x0000000080000000, size: 2048 MB, Compressed Oops mode: 32-bit
Narrow klass base: 0x0000000000000000, Narrow klass shift: 3
Compressed class space size: 1073741824 Address: 0x0000000100000000

Heap:
 PSYoungGen      total 484352K, used 82235K [0x00000000d5580000, 0x00000000faf80000, 0x0000000100000000)
  eden space 452608K, 14% used [0x00000000d5580000,0x00000000d94eec20,0x00000000f0f80000)
  from space 31744K, 54% used [0x00000000f0f80000,0x00000000f2060040,0x00000000f2e80000)
  to   space 31232K, 0% used [0x00000000f9100000,0x00000000f9100000,0x00000000faf80000)
 ParOldGen       total 105984K, used 64729K [0x0000000080000000, 0x0000000086780000, 0x00000000d5580000)
  object space 105984K, 61% used [0x0000000080000000,0x0000000083f367d0,0x0000000086780000)
 Metaspace       used 78612K, capacity 82374K, committed 82520K, reserved 1120256K
  class space    used 10428K, capacity 11124K, committed 11136K, reserved 1048576K

Card table byte_map: [0x0000000012190000,0x00000000125a0000] byte_map_base: 0x0000000011d90000

Marking Bits: (ParMarkBitMap*) 0x000000006ebbf030
 Begin Bits: [0x0000000013050000, 0x0000000015050000)
 End Bits:   [0x0000000015050000, 0x0000000017050000)

Polling page: 0x0000000000a80000

CodeCache: size=245760Kb used=33939Kb max_used=33993Kb free=211820Kb
 bounds [0x0000000002dd0000, 0x0000000004f30000, 0x0000000011dd0000]
 total_blobs=11216 nmethods=10385 adapters=743
 compilation: enabled

Compilation events (10 events):
Event: 273.661 Thread 0x0000000019cad000 12326   !   3       java.io.ObjectInputStream::filterCheck (272 bytes)
Event: 273.661 Thread 0x0000000019ca0800 nmethod 12325 0x0000000004ef4fd0 code [0x0000000004ef5180, 0x0000000004ef6018]
Event: 273.661 Thread 0x0000000019ca0800 12322  s    4       java.lang.StringBuffer::append (13 bytes)
Event: 273.662 Thread 0x0000000019cad000 nmethod 12326 0x0000000004ef3390 code [0x0000000004ef3600, 0x0000000004ef46c8]
Event: 273.667 Thread 0x0000000019ca6000 nmethod 12319 0x0000000004efa0d0 code [0x0000000004efa420, 0x0000000004efbd10]
Event: 273.667 Thread 0x0000000019ca0800 nmethod 12322 0x0000000004eee490 code [0x0000000004eee5e0, 0x0000000004eeecb8]
Event: 273.667 Thread 0x0000000019ca0800 12323       4       java.io.ObjectStreamClass::hasWriteReplaceMethod (17 bytes)
Event: 273.667 Thread 0x0000000019ca0800 nmethod 12323 0x0000000004e25e50 code [0x0000000004e25f80, 0x0000000004e26018]
Event: 274.090 Thread 0x0000000019c48000 nmethod 12320 0x0000000004f0a690 code [0x0000000004f0afa0, 0x0000000004f15df8]
Event: 281.006 Thread 0x0000000019cad000 12327   !   3       java.io.ObjectInputStream::readObject0 (671 bytes)

GC Heap History (10 events):
Event: 8.633 GC heap before
{Heap before GC invocations=12 (full 2):
 PSYoungGen      total 267776K, used 169154K [0x00000000d5580000, 0x00000000edd80000, 0x0000000100000000)
  eden space 252928K, 61% used [0x00000000d5580000,0x00000000dec31980,0x00000000e4c80000)
  from space 14848K, 99% used [0x00000000e4c80000,0x00000000e5afef50,0x00000000e5b00000)
  to   space 19968K, 0% used [0x00000000eca00000,0x00000000eca00000,0x00000000edd80000)
 ParOldGen       total 66048K, used 23303K [0x0000000080000000, 0x0000000084080000, 0x00000000d5580000)
  object space 66048K, 35% used [0x0000000080000000,0x00000000816c1ef0,0x0000000084080000)
 Metaspace       used 56664K, capacity 58970K, committed 59028K, reserved 1099776K
  class space    used 7675K, capacity 8144K, committed 8192K, reserved 1048576K
Event: 8.654 GC heap after
Heap after GC invocations=12 (full 2):
 PSYoungGen      total 374272K, used 19957K [0x00000000d5580000, 0x00000000ee180000, 0x0000000100000000)
  eden space 354304K, 0% used [0x00000000d5580000,0x00000000d5580000,0x00000000eaf80000)
  from space 19968K, 99% used [0x00000000eca00000,0x00000000edd7d6d8,0x00000000edd80000)
  to   space 25600K, 0% used [0x00000000eaf80000,0x00000000eaf80000,0x00000000ec880000)
 ParOldGen       total 66048K, used 30861K [0x0000000080000000, 0x0000000084080000, 0x00000000d5580000)
  object space 66048K, 46% used [0x0000000080000000,0x0000000081e23650,0x0000000084080000)
 Metaspace       used 56664K, capacity 58970K, committed 59028K, reserved 1099776K
  class space    used 7675K, capacity 8144K, committed 8192K, reserved 1048576K
}
Event: 8.654 GC heap before
{Heap before GC invocations=13 (full 3):
 PSYoungGen      total 374272K, used 19957K [0x00000000d5580000, 0x00000000ee180000, 0x0000000100000000)
  eden space 354304K, 0% used [0x00000000d5580000,0x00000000d5580000,0x00000000eaf80000)
  from space 19968K, 99% used [0x00000000eca00000,0x00000000edd7d6d8,0x00000000edd80000)
  to   space 25600K, 0% used [0x00000000eaf80000,0x00000000eaf80000,0x00000000ec880000)
 ParOldGen       total 66048K, used 30861K [0x0000000080000000, 0x0000000084080000, 0x00000000d5580000)
  object space 66048K, 46% used [0x0000000080000000,0x0000000081e23650,0x0000000084080000)
 Metaspace       used 56664K, capacity 58970K, committed 59028K, reserved 1099776K
  class space    used 7675K, capacity 8144K, committed 8192K, reserved 1048576K
Event: 8.858 GC heap after
Heap after GC invocations=13 (full 3):
 PSYoungGen      total 374272K, used 0K [0x00000000d5580000, 0x00000000ee180000, 0x0000000100000000)
  eden space 354304K, 0% used [0x00000000d5580000,0x00000000d5580000,0x00000000eaf80000)
  from space 19968K, 0% used [0x00000000eca00000,0x00000000eca00000,0x00000000edd80000)
  to   space 25600K, 0% used [0x00000000eaf80000,0x00000000eaf80000,0x00000000ec880000)
 ParOldGen       total 105984K, used 40037K [0x0000000080000000, 0x0000000086780000, 0x00000000d5580000)
  object space 105984K, 37% used [0x0000000080000000,0x0000000082719518,0x0000000086780000)
 Metaspace       used 56614K, capacity 58802K, committed 59028K, reserved 1099776K
  class space    used 7660K, capacity 8116K, committed 8192K, reserved 1048576K
}
Event: 12.195 GC heap before
{Heap before GC invocations=14 (full 3):
 PSYoungGen      total 374272K, used 354304K [0x00000000d5580000, 0x00000000ee180000, 0x0000000100000000)
  eden space 354304K, 100% used [0x00000000d5580000,0x00000000eaf80000,0x00000000eaf80000)
  from space 19968K, 0% used [0x00000000eca00000,0x00000000eca00000,0x00000000edd80000)
  to   space 25600K, 0% used [0x00000000eaf80000,0x00000000eaf80000,0x00000000ec880000)
 ParOldGen       total 105984K, used 40037K [0x0000000080000000, 0x0000000086780000, 0x00000000d5580000)
  object space 105984K, 37% used [0x0000000080000000,0x0000000082719518,0x0000000086780000)
 Metaspace       used 67596K, capacity 70926K, committed 71128K, reserved 1110016K
  class space    used 9256K, capacity 9888K, committed 9984K, reserved 1048576K
Event: 12.229 GC heap after
Heap after GC invocations=14 (full 3):
 PSYoungGen      total 379904K, used 25584K [0x00000000d5580000, 0x00000000f5900000, 0x0000000100000000)
  eden space 354304K, 0% used [0x00000000d5580000,0x00000000d5580000,0x00000000eaf80000)
  from space 25600K, 99% used [0x00000000eaf80000,0x00000000ec87c0c0,0x00000000ec880000)
  to   space 31232K, 0% used [0x00000000f3a80000,0x00000000f3a80000,0x00000000f5900000)
 ParOldGen       total 105984K, used 44141K [0x0000000080000000, 0x0000000086780000, 0x00000000d5580000)
  object space 105984K, 41% used [0x0000000080000000,0x0000000082b1b6b8,0x0000000086780000)
 Metaspace       used 67596K, capacity 70926K, committed 71128K, reserved 1110016K
  class space    used 9256K, capacity 9888K, committed 9984K, reserved 1048576K
}
Event: 58.868 GC heap before
{Heap before GC invocations=15 (full 3):
 PSYoungGen      total 379904K, used 379888K [0x00000000d5580000, 0x00000000f5900000, 0x0000000100000000)
  eden space 354304K, 100% used [0x00000000d5580000,0x00000000eaf80000,0x00000000eaf80000)
  from space 25600K, 99% used [0x00000000eaf80000,0x00000000ec87c0c0,0x00000000ec880000)
  to   space 31232K, 0% used [0x00000000f3a80000,0x00000000f3a80000,0x00000000f5900000)
 ParOldGen       total 105984K, used 44141K [0x0000000080000000, 0x0000000086780000, 0x00000000d5580000)
  object space 105984K, 41% used [0x0000000080000000,0x0000000082b1b6b8,0x0000000086780000)
 Metaspace       used 75549K, capacity 79046K, committed 79320K, reserved 1118208K
  class space    used 10081K, capacity 10710K, committed 10752K, reserved 1048576K
Event: 58.899 GC heap after
Heap after GC invocations=15 (full 3):
 PSYoungGen      total 470016K, used 19044K [0x00000000d5580000, 0x00000000f4d80000, 0x0000000100000000)
  eden space 450560K, 0% used [0x00000000d5580000,0x00000000d5580000,0x00000000f0d80000)
  from space 19456K, 97% used [0x00000000f3a80000,0x00000000f4d192c0,0x00000000f4d80000)
  to   space 31744K, 0% used [0x00000000f0f80000,0x00000000f0f80000,0x00000000f2e80000)
 ParOldGen       total 105984K, used 64721K [0x0000000080000000, 0x0000000086780000, 0x00000000d5580000)
  object space 105984K, 61% used [0x0000000080000000,0x0000000083f347d0,0x0000000086780000)
 Metaspace       used 75549K, capacity 79046K, committed 79320K, reserved 1118208K
  class space    used 10081K, capacity 10710K, committed 10752K, reserved 1048576K
}
Event: 259.568 GC heap before
{Heap before GC invocations=16 (full 3):
 PSYoungGen      total 470016K, used 469604K [0x00000000d5580000, 0x00000000f4d80000, 0x0000000100000000)
  eden space 450560K, 100% used [0x00000000d5580000,0x00000000f0d80000,0x00000000f0d80000)
  from space 19456K, 97% used [0x00000000f3a80000,0x00000000f4d192c0,0x00000000f4d80000)
  to   space 31744K, 0% used [0x00000000f0f80000,0x00000000f0f80000,0x00000000f2e80000)
 ParOldGen       total 105984K, used 64721K [0x0000000080000000, 0x0000000086780000, 0x00000000d5580000)
  object space 105984K, 61% used [0x0000000080000000,0x0000000083f347d0,0x0000000086780000)
 Metaspace       used 76531K, capacity 80218K, committed 80344K, reserved 1118208K
  class space    used 10107K, capacity 10750K, committed 10752K, reserved 1048576K
Event: 259.590 GC heap after
Heap after GC invocations=16 (full 3):
 PSYoungGen      total 484352K, used 17280K [0x00000000d5580000, 0x00000000faf80000, 0x0000000100000000)
  eden space 452608K, 0% used [0x00000000d5580000,0x00000000d5580000,0x00000000f0f80000)
  from space 31744K, 54% used [0x00000000f0f80000,0x00000000f2060040,0x00000000f2e80000)
  to   space 31232K, 0% used [0x00000000f9100000,0x00000000f9100000,0x00000000faf80000)
 ParOldGen       total 105984K, used 64729K [0x0000000080000000, 0x0000000086780000, 0x00000000d5580000)
  object space 105984K, 61% used [0x0000000080000000,0x0000000083f367d0,0x0000000086780000)
 Metaspace       used 76531K, capacity 80218K, committed 80344K, reserved 1118208K
  class space    used 10107K, capacity 10750K, committed 10752K, reserved 1048576K
}

Deoptimization events (10 events):
Event: 273.576 Thread 0x00000000215ec800 Uncommon trap: reason=class_check action=maybe_recompile pc=0x0000000004811d20 method=java.lang.reflect.Array.newInstance(Ljava/lang/Class;I)Ljava/lang/Object; @ 2
Event: 273.580 Thread 0x00000000215ec800 Uncommon trap: reason=bimorphic action=maybe_recompile pc=0x00000000033df674 method=java.io.DataOutputStream.writeShort(I)V @ 12
Event: 273.588 Thread 0x00000000215ec800 Uncommon trap: reason=array_check action=maybe_recompile pc=0x0000000004ad0e04 method=java.util.TimSort.binarySort([Ljava/lang/Object;IIILjava/util/Comparator;)V @ 215
Event: 273.589 Thread 0x00000000215ec800 Uncommon trap: reason=array_check action=maybe_recompile pc=0x0000000004ad0e04 method=java.util.TimSort.binarySort([Ljava/lang/Object;IIILjava/util/Comparator;)V @ 215
Event: 273.589 Thread 0x00000000215ec800 Uncommon trap: reason=array_check action=maybe_recompile pc=0x0000000004ad0e04 method=java.util.TimSort.binarySort([Ljava/lang/Object;IIILjava/util/Comparator;)V @ 215
Event: 273.617 Thread 0x00000000215ec800 Uncommon trap: reason=unstable_if action=reinterpret pc=0x0000000004c76de0 method=java.io.ObjectOutputStream$BlockDataOutputStream.writeBytes(Ljava/lang/String;)V @ 22
Event: 273.617 Thread 0x00000000215ec800 Uncommon trap: reason=unstable_if action=reinterpret pc=0x00000000042e33b8 method=java.io.ObjectOutputStream$BlockDataOutputStream.writeBytes(Ljava/lang/String;)V @ 22
Event: 273.657 Thread 0x00000000215f1800 Uncommon trap: reason=class_check action=maybe_recompile pc=0x0000000003d25988 method=java.lang.ThreadLocal.set(Ljava/lang/Object;)V @ 26
Event: 273.657 Thread 0x00000000215f1800 Uncommon trap: reason=unstable_if action=reinterpret pc=0x000000000445b374 method=java.io.BufferedInputStream.fill()V @ 9
Event: 273.661 Thread 0x00000000215f1800 Uncommon trap: reason=class_check action=maybe_recompile pc=0x0000000004811d20 method=java.lang.reflect.Array.newInstance(Ljava/lang/Class;I)Ljava/lang/Object; @ 2

Classes redefined (0 events):
No events

Internal exceptions (10 events):
Event: 273.567 Thread 0x00000000215ec800 Exception <a 'java/lang/NoSuchMethodError': <clinit>> (0x00000000d8efe170) thrown at [C:\src\AOSP-openjdk-git\hotspot\src\share\vm\prims\jni.cpp, line 1615]
Event: 273.569 Thread 0x00000000215ec800 Exception <a 'java/lang/NoSuchMethodError': <clinit>> (0x00000000d8f3c608) thrown at [C:\src\AOSP-openjdk-git\hotspot\src\share\vm\prims\jni.cpp, line 1615]
Event: 273.577 Thread 0x00000000215ed800 Exception <a 'java/lang/InterruptedException'> (0x00000000d8f52148) thrown at [C:\src\AOSP-openjdk-git\hotspot\src\share\vm\runtime\objectMonitor.cpp, line 1680]
Event: 273.588 Thread 0x00000000215ec800 Exception <a 'java/lang/NoSuchMethodError': <clinit>> (0x00000000d8f8a498) thrown at [C:\src\AOSP-openjdk-git\hotspot\src\share\vm\prims\jni.cpp, line 1615]
Event: 273.588 Thread 0x00000000215ec800 Exception <a 'java/lang/NoSuchMethodError': <clinit>> (0x00000000d8f983c0) thrown at [C:\src\AOSP-openjdk-git\hotspot\src\share\vm\prims\jni.cpp, line 1615]
Event: 273.589 Thread 0x00000000215ec800 Exception <a 'java/lang/NoSuchMethodError': <clinit>> (0x00000000d8fa7f78) thrown at [C:\src\AOSP-openjdk-git\hotspot\src\share\vm\prims\jni.cpp, line 1615]
Event: 273.600 Thread 0x00000000215ec800 Exception <a 'java/lang/NoSuchMethodError': <clinit>> (0x00000000d8fd38a0) thrown at [C:\src\AOSP-openjdk-git\hotspot\src\share\vm\prims\jni.cpp, line 1615]
Event: 273.617 Thread 0x00000000215ec800 Exception <a 'java/lang/NoSuchMethodError': <clinit>> (0x00000000d914c128) thrown at [C:\src\AOSP-openjdk-git\hotspot\src\share\vm\prims\jni.cpp, line 1615]
Event: 273.620 Thread 0x00000000215ec800 Exception <a 'java/lang/NoSuchMethodError': <clinit>> (0x00000000d91ff6f0) thrown at [C:\src\AOSP-openjdk-git\hotspot\src\share\vm\prims\jni.cpp, line 1615]
Event: 279.480 Thread 0x000000001b6a0000 Exception <a 'java/lang/NoSuchMethodError': java.lang.Object.lambda$comparingInt$7b0bb60$1(Ljava/util/function/ToIntFunction;Ljava/lang/Object;Ljava/lang/Object;)I> (0x00000000d944df68) thrown at [C:\src\AOSP-openjdk-git\hotspot\src\share\vm\interpreter\l

Events (10 events):
Event: 280.996 loading class org/jetbrains/kotlin/daemon/common/CompileIterationResult$Companion
Event: 280.996 loading class org/jetbrains/kotlin/daemon/common/CompileIterationResult$Companion done
Event: 281.006 loading class org/jetbrains/kotlin/compilerRunner/GradleCompilerServicesFacadeImpl$WhenMappings
Event: 281.006 loading class org/jetbrains/kotlin/compilerRunner/GradleCompilerServicesFacadeImpl$WhenMappings done
Event: 281.006 loading class org/jetbrains/kotlin/daemon/client/BasicCompilerServicesWithResultsFacadeServerKt
Event: 281.006 loading class org/jetbrains/kotlin/daemon/client/BasicCompilerServicesWithResultsFacadeServerKt done
Event: 281.007 loading class org/jetbrains/kotlin/daemon/client/BasicCompilerServicesWithResultsFacadeServerKt$WhenMappings
Event: 281.007 loading class org/jetbrains/kotlin/daemon/client/BasicCompilerServicesWithResultsFacadeServerKt$WhenMappings done
Event: 281.008 loading class org/jetbrains/kotlin/gradle/logging/GradleBufferingMessageCollector$MessageData
Event: 281.008 loading class org/jetbrains/kotlin/gradle/logging/GradleBufferingMessageCollector$MessageData done


Dynamic libraries:
0x00007ff7b0b60000 - 0x00007ff7b0b91000 	C:\Program Files\Android\Android Studio\jre\bin\java.exe
0x00007fff551b0000 - 0x00007fff553a5000 	C:\WINDOWS\SYSTEM32\ntdll.dll
0x00007fff53210000 - 0x00007fff532cd000 	C:\WINDOWS\System32\KERNEL32.DLL
0x00007fff52c90000 - 0x00007fff52f59000 	C:\WINDOWS\System32\KERNELBASE.dll
0x00007fff53d40000 - 0x00007fff53dec000 	C:\WINDOWS\System32\ADVAPI32.dll
0x00007fff532d0000 - 0x00007fff5336e000 	C:\WINDOWS\System32\msvcrt.dll
0x00007fff53c40000 - 0x00007fff53cdc000 	C:\WINDOWS\System32\sechost.dll
0x00007fff53df0000 - 0x00007fff53f1b000 	C:\WINDOWS\System32\RPCRT4.dll
0x00007fff53370000 - 0x00007fff53510000 	C:\WINDOWS\System32\USER32.dll
0x00007fff529c0000 - 0x00007fff529e2000 	C:\WINDOWS\System32\win32u.dll
0x00007fff54680000 - 0x00007fff546aa000 	C:\WINDOWS\System32\GDI32.dll
0x00007fff529f0000 - 0x00007fff52afb000 	C:\WINDOWS\System32\gdi32full.dll
0x00007fff52920000 - 0x00007fff529bd000 	C:\WINDOWS\System32\msvcp_win.dll
0x00007fff52f60000 - 0x00007fff53060000 	C:\WINDOWS\System32\ucrtbase.dll
0x00007fff444a0000 - 0x00007fff4473a000 	C:\WINDOWS\WinSxS\amd64_microsoft.windows.common-controls_6595b64144ccf1df_6.0.19041.844_none_ca00b6081b84eb1d\COMCTL32.dll
0x00007fff540a0000 - 0x00007fff540d0000 	C:\WINDOWS\System32\IMM32.DLL
0x000000006e230000 - 0x000000006e302000 	C:\Program Files\Android\Android Studio\jre\jre\bin\msvcr100.dll
0x000000006e3f0000 - 0x000000006ec3b000 	C:\Program Files\Android\Android Studio\jre\jre\bin\server\jvm.dll
0x00007fff55160000 - 0x00007fff55168000 	C:\WINDOWS\System32\PSAPI.DLL
0x00007fff4bd70000 - 0x00007fff4bd7a000 	C:\WINDOWS\SYSTEM32\VERSION.dll
0x00007fff448f0000 - 0x00007fff44917000 	C:\WINDOWS\SYSTEM32\WINMM.dll
0x00007fff3f420000 - 0x00007fff3f429000 	C:\WINDOWS\SYSTEM32\WSOCK32.dll
0x00007fff54190000 - 0x00007fff541fb000 	C:\WINDOWS\System32\WS2_32.dll
0x00007fff4e260000 - 0x00007fff4e26f000 	C:\Program Files\Android\Android Studio\jre\jre\bin\verify.dll
0x00007fff4b810000 - 0x00007fff4b839000 	C:\Program Files\Android\Android Studio\jre\jre\bin\java.dll
0x00007fff4e240000 - 0x00007fff4e256000 	C:\Program Files\Android\Android Studio\jre\jre\bin\zip.dll
0x00007fff54980000 - 0x00007fff550c2000 	C:\WINDOWS\System32\SHELL32.dll
0x00007fff50680000 - 0x00007fff50e10000 	C:\WINDOWS\SYSTEM32\windows.storage.dll
0x00007fff538e0000 - 0x00007fff53c35000 	C:\WINDOWS\System32\combase.dll
0x00007fff52360000 - 0x00007fff5238c000 	C:\WINDOWS\SYSTEM32\Wldp.dll
0x00007fff540d0000 - 0x00007fff5417e000 	C:\WINDOWS\System32\SHCORE.dll
0x00007fff548c0000 - 0x00007fff54915000 	C:\WINDOWS\System32\shlwapi.dll
0x00007fff52830000 - 0x00007fff5284f000 	C:\WINDOWS\SYSTEM32\profapi.dll
0x00007fff4dbf0000 - 0x00007fff4dc0a000 	C:\Program Files\Android\Android Studio\jre\jre\bin\net.dll
0x00007fff520e0000 - 0x00007fff5214a000 	C:\WINDOWS\system32\mswsock.dll
0x00007fff4bfc0000 - 0x00007fff4bfd3000 	C:\Program Files\Android\Android Studio\jre\jre\bin\nio.dll
0x00007fff4a1e0000 - 0x00007fff4a207000 	C:\Users\Dave\.gradle\native\f6784746aeab05261644944871eae4fe03e0ef1612fff0a4a95f87b438bc6780\windows-amd64\native-platform.dll
0x00007fff4c140000 - 0x00007fff4c14d000 	C:\Program Files\Android\Android Studio\jre\jre\bin\management.dll
0x00007fff522c0000 - 0x00007fff522d8000 	C:\WINDOWS\SYSTEM32\CRYPTSP.dll
0x00007fff51a10000 - 0x00007fff51a44000 	C:\WINDOWS\system32\rsaenh.dll
0x00007fff528f0000 - 0x00007fff52917000 	C:\WINDOWS\System32\bcrypt.dll
0x00007fff527f0000 - 0x00007fff5281e000 	C:\WINDOWS\SYSTEM32\USERENV.dll
0x00007fff52c10000 - 0x00007fff52c90000 	C:\WINDOWS\System32\bcryptprimitives.dll
0x00007fff522b0000 - 0x00007fff522bc000 	C:\WINDOWS\SYSTEM32\CRYPTBASE.dll
0x00007fff51d80000 - 0x00007fff51dbb000 	C:\WINDOWS\SYSTEM32\IPHLPAPI.DLL
0x00007fff54670000 - 0x00007fff54678000 	C:\WINDOWS\System32\NSI.dll
0x00007fff4aa20000 - 0x00007fff4aa37000 	C:\WINDOWS\SYSTEM32\dhcpcsvc6.DLL
0x00007fff4bd90000 - 0x00007fff4bdad000 	C:\WINDOWS\SYSTEM32\dhcpcsvc.DLL
0x00007fff51dd0000 - 0x00007fff51e9b000 	C:\WINDOWS\SYSTEM32\DNSAPI.dll
0x00007fff4bdb0000 - 0x00007fff4bdbb000 	C:\WINDOWS\SYSTEM32\WINNSI.DLL
0x00007fff4e290000 - 0x00007fff4e2ae000 	C:\Users\Dave\AppData\Local\Temp\native-platform6398665696949512082dir\native-platform.dll

VM Arguments:
jvm_args: -Xmx2048m -Dfile.encoding=UTF-8 -Duser.country=KR -Duser.language=ko -Duser.variant 
java_command: org.gradle.launcher.daemon.bootstrap.GradleDaemon 6.5
java_class_path (initial): C:\Users\Dave\.gradle\wrapper\dists\gradle-6.5-bin\6nifqtx7604sqp1q6g8wikw7p\gradle-6.5\lib\gradle-launcher-6.5.jar
Launcher Type: SUN_STANDARD

Environment Variables:
JAVA_HOME=C:\Program Files\Java\jdk-12.0.2
PATH=C:\Program Files (x86)\Common Files\Oracle\Java\javapath;C:\Program Files (x86)\NAT Service;C:\Program Files (x86)\Intel\iCLS Client\;C:\Program Files\Intel\iCLS Client\;C:\Windows\system32;C:\Windows;C:\Windows\System32\Wbem;C:\Windows\System32\WindowsPowerShell\v1.0\;C:\Windows\System32\OpenSSH\;C:\Program Files (x86)\Intel\Intel(R) Management Engine Components\DAL;C:\Program Files\Intel\Intel(R) Management Engine Components\DAL;C:\Program Files (x86)\Intel\Intel(R) Management Engine Components\IPT;C:\Program Files\Intel\Intel(R) Management Engine Components\IPT;C:\Program Files (x86)\NVIDIA Corporation\PhysX\Common;C:\Program Files\Intel\WiFi\bin\;C:\Program Files\Common Files\Intel\WirelessCommon\;C:\Program Files (x86)\ePapyrus\PapyrusNtas;C:\Program Files (x86)\ePapyrus\PapyrusNtas\Addins;C:\APM_Setup\Server\Apache\bin;C:\APM_Setup\Server\MySQL5\bin;C:\APM_Setup\Server\PHP5;C:\Program Files\nodejs\;C:\Program Files\Git\cmd;C:\WINDOWS\system32;C:\WINDOWS;C:\WINDOWS\System32\Wbem;C:\WINDOWS\System32\WindowsPowerShell\v1.0\;C:\WINDOWS\System32\OpenSSH\;C:\Users\Dave\AppData\Local\Microsoft\WindowsApps;C:\Program Files\Intel\WiFi\bin\;C:\Program Files\Common Files\Intel\WirelessCommon\;C:\Program Files\Bandizip\;C:\Users\Dave\AppData\Local\atom\bin;C:\Users\Dave\AppData\Roaming\npm;%JAVA_HOME%;%ANDORID_HOME%;C:\Users\Dave\AppData\Local\Android\Sdk\platform-tools;;C:\Users\Dave\AppData\Local\Programs\Microsoft VS Code\bin;%USERPROFILE%\AppData\Local\Microsoft\WindowsApps;C:\Program Files (x86)\SoftForum\XecureHSM\;
USERNAME=Dave
OS=Windows_NT
PROCESSOR_IDENTIFIER=Intel64 Family 6 Model 142 Stepping 10, GenuineIntel



---------------  S Y S T E M  ---------------

OS: Windows 10.0 , 64 bit Build 19041 (10.0.19041.804)

CPU:total 8 (initial active 8) (4 cores per cpu, 2 threads per core) family 6 model 142 stepping 10, cmov, cx8, fxsr, mmx, sse, sse2, sse3, ssse3, sse4.1, sse4.2, popcnt, avx, avx2, aes, clmul, erms, 3dnowpref, lzcnt, ht, tsc, tscinvbit, bmi1, bmi2, adx

Memory: 4k page, physical 8295652k(750400k free), swap 10249444k(4524k free)

vm_info: OpenJDK 64-Bit Server VM (25.242-b01) for windows-amd64 JRE (1.8.0_242-release-1644-b01), built by "builder" with MS VC++ 10.0 (VS2010)

time: Wed Mar 17 15:44:37 2021
timezone: 대한민국 표준시
elapsed time: 281 seconds (0d 0h 4m 41s)

